┌ Warning: The current proposal will be rejected due to numerical error(s).
│   isfinite.((θ, r, ℓπ, ℓκ)) = (true, false, false, false)
└ @ AdvancedHMC ~/.julia/packages/AdvancedHMC/4fByY/src/hamiltonian.jl:49
┌ Warning: The current proposal will be rejected due to numerical error(s).
│   isfinite.((θ, r, ℓπ, ℓκ)) = (true, false, false, false)
└ @ AdvancedHMC ~/.julia/packages/AdvancedHMC/4fByY/src/hamiltonian.jl:49
┌ Warning: The current proposal will be rejected due to numerical error(s).
│   isfinite.((θ, r, ℓπ, ℓκ)) = (true, false, false, false)
└ @ AdvancedHMC ~/.julia/packages/AdvancedHMC/4fByY/src/hamiltonian.jl:49
┌ Warning: The current proposal will be rejected due to numerical error(s).
│   isfinite.((θ, r, ℓπ, ℓκ)) = (true, false, false, false)
└ @ AdvancedHMC ~/.julia/packages/AdvancedHMC/4fByY/src/hamiltonian.jl:49
┌ Warning: The current proposal will be rejected due to numerical error(s).
│   isfinite.((θ, r, ℓπ, ℓκ)) = (true, false, false, false)
└ @ AdvancedHMC ~/.julia/packages/AdvancedHMC/4fByY/src/hamiltonian.jl:49
┌ Warning: The current proposal will be rejected due to numerical error(s).
│   isfinite.((θ, r, ℓπ, ℓκ)) = (true, false, false, false)
└ @ AdvancedHMC ~/.julia/packages/AdvancedHMC/4fByY/src/hamiltonian.jl:49
┌ Warning: The current proposal will be rejected due to numerical error(s).
│   isfinite.((θ, r, ℓπ, ℓκ)) = (true, false, false, false)
└ @ AdvancedHMC ~/.julia/packages/AdvancedHMC/4fByY/src/hamiltonian.jl:49
┌ Warning: The current proposal will be rejected due to numerical error(s).
│   isfinite.((θ, r, ℓπ, ℓκ)) = (true, false, false, false)
└ @ AdvancedHMC ~/.julia/packages/AdvancedHMC/4fByY/src/hamiltonian.jl:49
┌ Warning: The current proposal will be rejected due to numerical error(s).
│   isfinite.((θ, r, ℓπ, ℓκ)) = (true, false, false, false)
└ @ AdvancedHMC ~/.julia/packages/AdvancedHMC/4fByY/src/hamiltonian.jl:49
┌ Warning: The current proposal will be rejected due to numerical error(s).
│   isfinite.((θ, r, ℓπ, ℓκ)) = (true, false, false, false)
└ @ AdvancedHMC ~/.julia/packages/AdvancedHMC/4fByY/src/hamiltonian.jl:49
┌ Warning: The current proposal will be rejected due to numerical error(s).
│   isfinite.((θ, r, ℓπ, ℓκ)) = (true, false, false, false)
└ @ AdvancedHMC ~/.julia/packages/AdvancedHMC/4fByY/src/hamiltonian.jl:49
┌ Info: Found initial step size
└   ϵ = 1.220703125e-5
┌ Warning: The current proposal will be rejected due to numerical error(s).
│   isfinite.((θ, r, ℓπ, ℓκ)) = (true, false, false, false)
└ @ AdvancedHMC ~/.julia/packages/AdvancedHMC/4fByY/src/hamiltonian.jl:49
┌ Warning: The current proposal will be rejected due to numerical error(s).
│   isfinite.((θ, r, ℓπ, ℓκ)) = (true, false, false, false)
└ @ AdvancedHMC ~/.julia/packages/AdvancedHMC/4fByY/src/hamiltonian.jl:49
┌ Warning: The current proposal will be rejected due to numerical error(s).
│   isfinite.((θ, r, ℓπ, ℓκ)) = (true, false, false, false)
└ @ AdvancedHMC ~/.julia/packages/AdvancedHMC/4fByY/src/hamiltonian.jl:49
┌ Warning: The current proposal will be rejected due to numerical error(s).
│   isfinite.((θ, r, ℓπ, ℓκ)) = (true, false, false, false)
└ @ AdvancedHMC ~/.julia/packages/AdvancedHMC/4fByY/src/hamiltonian.jl:49
┌ Warning: The current proposal will be rejected due to numerical error(s).
│   isfinite.((θ, r, ℓπ, ℓκ)) = (true, false, false, false)
└ @ AdvancedHMC ~/.julia/packages/AdvancedHMC/4fByY/src/hamiltonian.jl:49
┌ Warning: The current proposal will be rejected due to numerical error(s).
│   isfinite.((θ, r, ℓπ, ℓκ)) = (true, false, false, false)
└ @ AdvancedHMC ~/.julia/packages/AdvancedHMC/4fByY/src/hamiltonian.jl:49
┌ Warning: The current proposal will be rejected due to numerical error(s).
│   isfinite.((θ, r, ℓπ, ℓκ)) = (true, false, false, false)
└ @ AdvancedHMC ~/.julia/packages/AdvancedHMC/4fByY/src/hamiltonian.jl:49
┌ Warning: The current proposal will be rejected due to numerical error(s).
│   isfinite.((θ, r, ℓπ, ℓκ)) = (true, false, false, false)
└ @ AdvancedHMC ~/.julia/packages/AdvancedHMC/4fByY/src/hamiltonian.jl:49
┌ Warning: The current proposal will be rejected due to numerical error(s).
│   isfinite.((θ, r, ℓπ, ℓκ)) = (true, false, false, false)
└ @ AdvancedHMC ~/.julia/packages/AdvancedHMC/4fByY/src/hamiltonian.jl:49
┌ Warning: The current proposal will be rejected due to numerical error(s).
│   isfinite.((θ, r, ℓπ, ℓκ)) = (true, false, false, false)
└ @ AdvancedHMC ~/.julia/packages/AdvancedHMC/4fByY/src/hamiltonian.jl:49
┌ Warning: The current proposal will be rejected due to numerical error(s).
│   isfinite.((θ, r, ℓπ, ℓκ)) = (true, false, false, false)
└ @ AdvancedHMC ~/.julia/packages/AdvancedHMC/4fByY/src/hamiltonian.jl:49
┌ Warning: The current proposal will be rejected due to numerical error(s).
│   isfinite.((θ, r, ℓπ, ℓκ)) = (true, false, false, false)
└ @ AdvancedHMC ~/.julia/packages/AdvancedHMC/4fByY/src/hamiltonian.jl:49
┌ Warning: The current proposal will be rejected due to numerical error(s).
│   isfinite.((θ, r, ℓπ, ℓκ)) = (true, false, false, false)
└ @ AdvancedHMC ~/.julia/packages/AdvancedHMC/4fByY/src/hamiltonian.jl:49
┌ Warning: The current proposal will be rejected due to numerical error(s).
│   isfinite.((θ, r, ℓπ, ℓκ)) = (true, false, false, false)
└ @ AdvancedHMC ~/.julia/packages/AdvancedHMC/4fByY/src/hamiltonian.jl:49
┌ Warning: The current proposal will be rejected due to numerical error(s).
│   isfinite.((θ, r, ℓπ, ℓκ)) = (true, false, false, false)
└ @ AdvancedHMC ~/.julia/packages/AdvancedHMC/4fByY/src/hamiltonian.jl:49
┌ Warning: The current proposal will be rejected due to numerical error(s).
│   isfinite.((θ, r, ℓπ, ℓκ)) = (true, false, false, false)
└ @ AdvancedHMC ~/.julia/packages/AdvancedHMC/4fByY/src/hamiltonian.jl:49
┌ Warning: The current proposal will be rejected due to numerical error(s).
│   isfinite.((θ, r, ℓπ, ℓκ)) = (true, false, false, false)
└ @ AdvancedHMC ~/.julia/packages/AdvancedHMC/4fByY/src/hamiltonian.jl:49
┌ Warning: The current proposal will be rejected due to numerical error(s).
│   isfinite.((θ, r, ℓπ, ℓκ)) = (true, false, false, false)
└ @ AdvancedHMC ~/.julia/packages/AdvancedHMC/4fByY/src/hamiltonian.jl:49
┌ Warning: The current proposal will be rejected due to numerical error(s).
│   isfinite.((θ, r, ℓπ, ℓκ)) = (true, false, false, false)
└ @ AdvancedHMC ~/.julia/packages/AdvancedHMC/4fByY/src/hamiltonian.jl:49
┌ Warning: The current proposal will be rejected due to numerical error(s).
│   isfinite.((θ, r, ℓπ, ℓκ)) = (true, false, false, false)
└ @ AdvancedHMC ~/.julia/packages/AdvancedHMC/4fByY/src/hamiltonian.jl:49
┌ Warning: The current proposal will be rejected due to numerical error(s).
│   isfinite.((θ, r, ℓπ, ℓκ)) = (true, false, false, false)
└ @ AdvancedHMC ~/.julia/packages/AdvancedHMC/4fByY/src/hamiltonian.jl:49
┌ Warning: The current proposal will be rejected due to numerical error(s).
│   isfinite.((θ, r, ℓπ, ℓκ)) = (true, false, false, false)
└ @ AdvancedHMC ~/.julia/packages/AdvancedHMC/4fByY/src/hamiltonian.jl:49
┌ Warning: The current proposal will be rejected due to numerical error(s).
│   isfinite.((θ, r, ℓπ, ℓκ)) = (true, false, false, false)
└ @ AdvancedHMC ~/.julia/packages/AdvancedHMC/4fByY/src/hamiltonian.jl:49
┌ Info: Found initial step size
└   ϵ = 3.0517578125e-6
┌ Warning: The current proposal will be rejected due to numerical error(s).
│   isfinite.((θ, r, ℓπ, ℓκ)) = (true, false, false, false)
└ @ AdvancedHMC ~/.julia/packages/AdvancedHMC/4fByY/src/hamiltonian.jl:49
┌ Warning: The current proposal will be rejected due to numerical error(s).
│   isfinite.((θ, r, ℓπ, ℓκ)) = (true, false, false, false)
└ @ AdvancedHMC ~/.julia/packages/AdvancedHMC/4fByY/src/hamiltonian.jl:49
┌ Warning: The current proposal will be rejected due to numerical error(s).
│   isfinite.((θ, r, ℓπ, ℓκ)) = (true, false, false, false)
└ @ AdvancedHMC ~/.julia/packages/AdvancedHMC/4fByY/src/hamiltonian.jl:49
┌ Warning: The current proposal will be rejected due to numerical error(s).
│   isfinite.((θ, r, ℓπ, ℓκ)) = (true, false, false, false)
└ @ AdvancedHMC ~/.julia/packages/AdvancedHMC/4fByY/src/hamiltonian.jl:49
┌ Warning: The current proposal will be rejected due to numerical error(s).
│   isfinite.((θ, r, ℓπ, ℓκ)) = (true, false, false, false)
└ @ AdvancedHMC ~/.julia/packages/AdvancedHMC/4fByY/src/hamiltonian.jl:49
┌ Warning: The current proposal will be rejected due to numerical error(s).
│   isfinite.((θ, r, ℓπ, ℓκ)) = (true, false, false, false)
└ @ AdvancedHMC ~/.julia/packages/AdvancedHMC/4fByY/src/hamiltonian.jl:49
┌ Warning: The current proposal will be rejected due to numerical error(s).
│   isfinite.((θ, r, ℓπ, ℓκ)) = (true, false, false, false)
└ @ AdvancedHMC ~/.julia/packages/AdvancedHMC/4fByY/src/hamiltonian.jl:49
┌ Warning: The current proposal will be rejected due to numerical error(s).
│   isfinite.((θ, r, ℓπ, ℓκ)) = (true, false, false, false)
└ @ AdvancedHMC ~/.julia/packages/AdvancedHMC/4fByY/src/hamiltonian.jl:49
┌ Warning: The current proposal will be rejected due to numerical error(s).
│   isfinite.((θ, r, ℓπ, ℓκ)) = (true, false, false, false)
└ @ AdvancedHMC ~/.julia/packages/AdvancedHMC/4fByY/src/hamiltonian.jl:49
┌ Warning: The current proposal will be rejected due to numerical error(s).
│   isfinite.((θ, r, ℓπ, ℓκ)) = (true, false, false, false)
└ @ AdvancedHMC ~/.julia/packages/AdvancedHMC/4fByY/src/hamiltonian.jl:49
┌ Warning: The current proposal will be rejected due to numerical error(s).
│   isfinite.((θ, r, ℓπ, ℓκ)) = (true, false, false, false)
└ @ AdvancedHMC ~/.julia/packages/AdvancedHMC/4fByY/src/hamiltonian.jl:49
┌ Warning: The current proposal will be rejected due to numerical error(s).
│   isfinite.((θ, r, ℓπ, ℓκ)) = (true, false, false, false)
└ @ AdvancedHMC ~/.julia/packages/AdvancedHMC/4fByY/src/hamiltonian.jl:49
┌ Warning: The current proposal will be rejected due to numerical error(s).
│   isfinite.((θ, r, ℓπ, ℓκ)) = (true, false, false, false)
└ @ AdvancedHMC ~/.julia/packages/AdvancedHMC/4fByY/src/hamiltonian.jl:49
┌ Warning: The current proposal will be rejected due to numerical error(s).
│   isfinite.((θ, r, ℓπ, ℓκ)) = (true, false, false, false)
└ @ AdvancedHMC ~/.julia/packages/AdvancedHMC/4fByY/src/hamiltonian.jl:49
┌ Warning: The current proposal will be rejected due to numerical error(s).
│   isfinite.((θ, r, ℓπ, ℓκ)) = (true, false, false, false)
└ @ AdvancedHMC ~/.julia/packages/AdvancedHMC/4fByY/src/hamiltonian.jl:49
┌ Warning: The current proposal will be rejected due to numerical error(s).
│   isfinite.((θ, r, ℓπ, ℓκ)) = (true, false, false, false)
└ @ AdvancedHMC ~/.julia/packages/AdvancedHMC/4fByY/src/hamiltonian.jl:49
┌ Warning: The current proposal will be rejected due to numerical error(s).
│   isfinite.((θ, r, ℓπ, ℓκ)) = (true, false, false, false)
└ @ AdvancedHMC ~/.julia/packages/AdvancedHMC/4fByY/src/hamiltonian.jl:49
┌ Warning: The current proposal will be rejected due to numerical error(s).
│   isfinite.((θ, r, ℓπ, ℓκ)) = (true, false, false, false)
└ @ AdvancedHMC ~/.julia/packages/AdvancedHMC/4fByY/src/hamiltonian.jl:49
┌ Warning: The current proposal will be rejected due to numerical error(s).
│   isfinite.((θ, r, ℓπ, ℓκ)) = (true, false, false, false)
└ @ AdvancedHMC ~/.julia/packages/AdvancedHMC/4fByY/src/hamiltonian.jl:49
┌ Warning: The current proposal will be rejected due to numerical error(s).
│   isfinite.((θ, r, ℓπ, ℓκ)) = (true, false, false, false)
└ @ AdvancedHMC ~/.julia/packages/AdvancedHMC/4fByY/src/hamiltonian.jl:49
┌ Warning: The current proposal will be rejected due to numerical error(s).
│   isfinite.((θ, r, ℓπ, ℓκ)) = (true, false, false, false)
└ @ AdvancedHMC ~/.julia/packages/AdvancedHMC/4fByY/src/hamiltonian.jl:49
┌ Warning: The current proposal will be rejected due to numerical error(s).
│   isfinite.((θ, r, ℓπ, ℓκ)) = (true, false, false, false)
└ @ AdvancedHMC ~/.julia/packages/AdvancedHMC/4fByY/src/hamiltonian.jl:49
┌ Warning: The current proposal will be rejected due to numerical error(s).
│   isfinite.((θ, r, ℓπ, ℓκ)) = (true, false, false, false)
└ @ AdvancedHMC ~/.julia/packages/AdvancedHMC/4fByY/src/hamiltonian.jl:49
┌ Warning: The current proposal will be rejected due to numerical error(s).
│   isfinite.((θ, r, ℓπ, ℓκ)) = (true, false, false, false)
└ @ AdvancedHMC ~/.julia/packages/AdvancedHMC/4fByY/src/hamiltonian.jl:49
┌ Warning: The current proposal will be rejected due to numerical error(s).
│   isfinite.((θ, r, ℓπ, ℓκ)) = (true, false, false, false)
└ @ AdvancedHMC ~/.julia/packages/AdvancedHMC/4fByY/src/hamiltonian.jl:49
┌ Warning: The current proposal will be rejected due to numerical error(s).
│   isfinite.((θ, r, ℓπ, ℓκ)) = (true, false, false, false)
└ @ AdvancedHMC ~/.julia/packages/AdvancedHMC/4fByY/src/hamiltonian.jl:49
┌ Warning: The current proposal will be rejected due to numerical error(s).
│   isfinite.((θ, r, ℓπ, ℓκ)) = (true, false, false, false)
└ @ AdvancedHMC ~/.julia/packages/AdvancedHMC/4fByY/src/hamiltonian.jl:49
┌ Info: Found initial step size
└   ϵ = 3.0517578125e-6
┌ Warning: The current proposal will be rejected due to numerical error(s).
│   isfinite.((θ, r, ℓπ, ℓκ)) = (true, false, false, false)
└ @ AdvancedHMC ~/.julia/packages/AdvancedHMC/4fByY/src/hamiltonian.jl:49
┌ Warning: The current proposal will be rejected due to numerical error(s).
│   isfinite.((θ, r, ℓπ, ℓκ)) = (true, false, false, false)
└ @ AdvancedHMC ~/.julia/packages/AdvancedHMC/4fByY/src/hamiltonian.jl:49
┌ Warning: The current proposal will be rejected due to numerical error(s).
│   isfinite.((θ, r, ℓπ, ℓκ)) = (true, false, false, false)
└ @ AdvancedHMC ~/.julia/packages/AdvancedHMC/4fByY/src/hamiltonian.jl:49
┌ Warning: The current proposal will be rejected due to numerical error(s).
│   isfinite.((θ, r, ℓπ, ℓκ)) = (true, false, false, false)
└ @ AdvancedHMC ~/.julia/packages/AdvancedHMC/4fByY/src/hamiltonian.jl:49
┌ Warning: The current proposal will be rejected due to numerical error(s).
│   isfinite.((θ, r, ℓπ, ℓκ)) = (true, false, false, false)
└ @ AdvancedHMC ~/.julia/packages/AdvancedHMC/4fByY/src/hamiltonian.jl:49
┌ Warning: The current proposal will be rejected due to numerical error(s).
│   isfinite.((θ, r, ℓπ, ℓκ)) = (true, false, false, false)
└ @ AdvancedHMC ~/.julia/packages/AdvancedHMC/4fByY/src/hamiltonian.jl:49
┌ Warning: The current proposal will be rejected due to numerical error(s).
│   isfinite.((θ, r, ℓπ, ℓκ)) = (true, false, false, false)
└ @ AdvancedHMC ~/.julia/packages/AdvancedHMC/4fByY/src/hamiltonian.jl:49
┌ Warning: The current proposal will be rejected due to numerical error(s).
│   isfinite.((θ, r, ℓπ, ℓκ)) = (true, false, false, false)
└ @ AdvancedHMC ~/.julia/packages/AdvancedHMC/4fByY/src/hamiltonian.jl:49
┌ Warning: The current proposal will be rejected due to numerical error(s).
│   isfinite.((θ, r, ℓπ, ℓκ)) = (true, false, false, false)
└ @ AdvancedHMC ~/.julia/packages/AdvancedHMC/4fByY/src/hamiltonian.jl:49
┌ Warning: The current proposal will be rejected due to numerical error(s).
│   isfinite.((θ, r, ℓπ, ℓκ)) = (true, false, false, false)
└ @ AdvancedHMC ~/.julia/packages/AdvancedHMC/4fByY/src/hamiltonian.jl:49
┌ Warning: The current proposal will be rejected due to numerical error(s).
│   isfinite.((θ, r, ℓπ, ℓκ)) = (true, false, false, false)
└ @ AdvancedHMC ~/.julia/packages/AdvancedHMC/4fByY/src/hamiltonian.jl:49
┌ Warning: The current proposal will be rejected due to numerical error(s).
│   isfinite.((θ, r, ℓπ, ℓκ)) = (true, false, false, false)
└ @ AdvancedHMC ~/.julia/packages/AdvancedHMC/4fByY/src/hamiltonian.jl:49
┌ Warning: The current proposal will be rejected due to numerical error(s).
│   isfinite.((θ, r, ℓπ, ℓκ)) = (true, false, false, false)
└ @ AdvancedHMC ~/.julia/packages/AdvancedHMC/4fByY/src/hamiltonian.jl:49
┌ Warning: The current proposal will be rejected due to numerical error(s).
│   isfinite.((θ, r, ℓπ, ℓκ)) = (true, false, false, false)
└ @ AdvancedHMC ~/.julia/packages/AdvancedHMC/4fByY/src/hamiltonian.jl:49
┌ Warning: The current proposal will be rejected due to numerical error(s).
│   isfinite.((θ, r, ℓπ, ℓκ)) = (true, false, false, false)
└ @ AdvancedHMC ~/.julia/packages/AdvancedHMC/4fByY/src/hamiltonian.jl:49
┌ Warning: The current proposal will be rejected due to numerical error(s).
│   isfinite.((θ, r, ℓπ, ℓκ)) = (true, false, false, false)
└ @ AdvancedHMC ~/.julia/packages/AdvancedHMC/4fByY/src/hamiltonian.jl:49
┌ Warning: The current proposal will be rejected due to numerical error(s).
│   isfinite.((θ, r, ℓπ, ℓκ)) = (true, false, false, false)
└ @ AdvancedHMC ~/.julia/packages/AdvancedHMC/4fByY/src/hamiltonian.jl:49
┌ Warning: The current proposal will be rejected due to numerical error(s).
│   isfinite.((θ, r, ℓπ, ℓκ)) = (true, false, false, false)
└ @ AdvancedHMC ~/.julia/packages/AdvancedHMC/4fByY/src/hamiltonian.jl:49
┌ Warning: The current proposal will be rejected due to numerical error(s).
│   isfinite.((θ, r, ℓπ, ℓκ)) = (true, false, false, false)
└ @ AdvancedHMC ~/.julia/packages/AdvancedHMC/4fByY/src/hamiltonian.jl:49
┌ Warning: The current proposal will be rejected due to numerical error(s).
│   isfinite.((θ, r, ℓπ, ℓκ)) = (true, false, false, false)
└ @ AdvancedHMC ~/.julia/packages/AdvancedHMC/4fByY/src/hamiltonian.jl:49
┌ Warning: The current proposal will be rejected due to numerical error(s).
│   isfinite.((θ, r, ℓπ, ℓκ)) = (true, false, false, false)
└ @ AdvancedHMC ~/.julia/packages/AdvancedHMC/4fByY/src/hamiltonian.jl:49
┌ Warning: The current proposal will be rejected due to numerical error(s).
│   isfinite.((θ, r, ℓπ, ℓκ)) = (true, false, false, false)
└ @ AdvancedHMC ~/.julia/packages/AdvancedHMC/4fByY/src/hamiltonian.jl:49
┌ Info: Found initial step size
└   ϵ = 1.52587890625e-6
┌ Warning: The current proposal will be rejected due to numerical error(s).
│   isfinite.((θ, r, ℓπ, ℓκ)) = (true, false, false, false)
└ @ AdvancedHMC ~/.julia/packages/AdvancedHMC/4fByY/src/hamiltonian.jl:49
┌ Warning: The current proposal will be rejected due to numerical error(s).
│   isfinite.((θ, r, ℓπ, ℓκ)) = (true, false, false, false)
└ @ AdvancedHMC ~/.julia/packages/AdvancedHMC/4fByY/src/hamiltonian.jl:49
┌ Warning: The current proposal will be rejected due to numerical error(s).
│   isfinite.((θ, r, ℓπ, ℓκ)) = (true, false, false, false)
└ @ AdvancedHMC ~/.julia/packages/AdvancedHMC/4fByY/src/hamiltonian.jl:49
┌ Warning: The current proposal will be rejected due to numerical error(s).
│   isfinite.((θ, r, ℓπ, ℓκ)) = (true, false, false, false)
└ @ AdvancedHMC ~/.julia/packages/AdvancedHMC/4fByY/src/hamiltonian.jl:49
┌ Warning: The current proposal will be rejected due to numerical error(s).
│   isfinite.((θ, r, ℓπ, ℓκ)) = (true, false, false, false)
└ @ AdvancedHMC ~/.julia/packages/AdvancedHMC/4fByY/src/hamiltonian.jl:49
┌ Warning: The current proposal will be rejected due to numerical error(s).
│   isfinite.((θ, r, ℓπ, ℓκ)) = (true, false, false, false)
└ @ AdvancedHMC ~/.julia/packages/AdvancedHMC/4fByY/src/hamiltonian.jl:49
┌ Warning: The current proposal will be rejected due to numerical error(s).
│   isfinite.((θ, r, ℓπ, ℓκ)) = (true, false, false, false)
└ @ AdvancedHMC ~/.julia/packages/AdvancedHMC/4fByY/src/hamiltonian.jl:49
┌ Warning: The current proposal will be rejected due to numerical error(s).
│   isfinite.((θ, r, ℓπ, ℓκ)) = (true, false, false, false)
└ @ AdvancedHMC ~/.julia/packages/AdvancedHMC/4fByY/src/hamiltonian.jl:49
┌ Warning: The current proposal will be rejected due to numerical error(s).
│   isfinite.((θ, r, ℓπ, ℓκ)) = (true, false, false, false)
└ @ AdvancedHMC ~/.julia/packages/AdvancedHMC/4fByY/src/hamiltonian.jl:49
┌ Warning: The current proposal will be rejected due to numerical error(s).
│   isfinite.((θ, r, ℓπ, ℓκ)) = (true, false, false, false)
└ @ AdvancedHMC ~/.julia/packages/AdvancedHMC/4fByY/src/hamiltonian.jl:49
┌ Warning: The current proposal will be rejected due to numerical error(s).
│   isfinite.((θ, r, ℓπ, ℓκ)) = (true, false, false, false)
└ @ AdvancedHMC ~/.julia/packages/AdvancedHMC/4fByY/src/hamiltonian.jl:49
┌ Warning: The current proposal will be rejected due to numerical error(s).
│   isfinite.((θ, r, ℓπ, ℓκ)) = (true, false, false, false)
└ @ AdvancedHMC ~/.julia/packages/AdvancedHMC/4fByY/src/hamiltonian.jl:49
┌ Warning: The current proposal will be rejected due to numerical error(s).
│   isfinite.((θ, r, ℓπ, ℓκ)) = (true, false, false, false)
└ @ AdvancedHMC ~/.julia/packages/AdvancedHMC/4fByY/src/hamiltonian.jl:49
┌ Warning: The current proposal will be rejected due to numerical error(s).
│   isfinite.((θ, r, ℓπ, ℓκ)) = (true, false, false, false)
└ @ AdvancedHMC ~/.julia/packages/AdvancedHMC/4fByY/src/hamiltonian.jl:49
┌ Warning: The current proposal will be rejected due to numerical error(s).
│   isfinite.((θ, r, ℓπ, ℓκ)) = (true, false, false, false)
└ @ AdvancedHMC ~/.julia/packages/AdvancedHMC/4fByY/src/hamiltonian.jl:49
┌ Warning: The current proposal will be rejected due to numerical error(s).
│   isfinite.((θ, r, ℓπ, ℓκ)) = (true, false, false, false)
└ @ AdvancedHMC ~/.julia/packages/AdvancedHMC/4fByY/src/hamiltonian.jl:49
┌ Warning: The current proposal will be rejected due to numerical error(s).
│   isfinite.((θ, r, ℓπ, ℓκ)) = (true, false, false, false)
└ @ AdvancedHMC ~/.julia/packages/AdvancedHMC/4fByY/src/hamiltonian.jl:49
┌ Info: Found initial step size
└   ϵ = 2.44140625e-5
┌ Warning: The current proposal will be rejected due to numerical error(s).
│   isfinite.((θ, r, ℓπ, ℓκ)) = (true, false, false, false)
└ @ AdvancedHMC ~/.julia/packages/AdvancedHMC/4fByY/src/hamiltonian.jl:49
┌ Warning: The current proposal will be rejected due to numerical error(s).
│   isfinite.((θ, r, ℓπ, ℓκ)) = (true, false, false, false)
└ @ AdvancedHMC ~/.julia/packages/AdvancedHMC/4fByY/src/hamiltonian.jl:49
┌ Warning: The current proposal will be rejected due to numerical error(s).
│   isfinite.((θ, r, ℓπ, ℓκ)) = (true, false, false, false)
└ @ AdvancedHMC ~/.julia/packages/AdvancedHMC/4fByY/src/hamiltonian.jl:49
┌ Warning: The current proposal will be rejected due to numerical error(s).
│   isfinite.((θ, r, ℓπ, ℓκ)) = (true, false, false, false)
└ @ AdvancedHMC ~/.julia/packages/AdvancedHMC/4fByY/src/hamiltonian.jl:49
┌ Warning: The current proposal will be rejected due to numerical error(s).
│   isfinite.((θ, r, ℓπ, ℓκ)) = (true, false, false, false)
└ @ AdvancedHMC ~/.julia/packages/AdvancedHMC/4fByY/src/hamiltonian.jl:49
┌ Warning: The current proposal will be rejected due to numerical error(s).
│   isfinite.((θ, r, ℓπ, ℓκ)) = (true, false, false, false)
└ @ AdvancedHMC ~/.julia/packages/AdvancedHMC/4fByY/src/hamiltonian.jl:49
┌ Warning: The current proposal will be rejected due to numerical error(s).
│   isfinite.((θ, r, ℓπ, ℓκ)) = (true, false, false, false)
└ @ AdvancedHMC ~/.julia/packages/AdvancedHMC/4fByY/src/hamiltonian.jl:49
┌ Warning: The current proposal will be rejected due to numerical error(s).
│   isfinite.((θ, r, ℓπ, ℓκ)) = (true, false, false, false)
└ @ AdvancedHMC ~/.julia/packages/AdvancedHMC/4fByY/src/hamiltonian.jl:49
┌ Warning: The current proposal will be rejected due to numerical error(s).
│   isfinite.((θ, r, ℓπ, ℓκ)) = (true, false, false, false)
└ @ AdvancedHMC ~/.julia/packages/AdvancedHMC/4fByY/src/hamiltonian.jl:49
┌ Warning: The current proposal will be rejected due to numerical error(s).
│   isfinite.((θ, r, ℓπ, ℓκ)) = (true, false, false, false)
└ @ AdvancedHMC ~/.julia/packages/AdvancedHMC/4fByY/src/hamiltonian.jl:49
┌ Warning: The current proposal will be rejected due to numerical error(s).
│   isfinite.((θ, r, ℓπ, ℓκ)) = (true, false, false, false)
└ @ AdvancedHMC ~/.julia/packages/AdvancedHMC/4fByY/src/hamiltonian.jl:49
┌ Warning: Assignment to `β` in soft scope is ambiguous because a global variable by the same name exists: `β` will be treated as a new local. Disambiguate by using `local β` to suppress this warning or `global β` to assign to the existing global variable.
└ @ /scratch/project_2007115/Turing-ODE-CSC4Asym.jl:129
┌ Warning: Assignment to `β´´` in soft scope is ambiguous because a global variable by the same name exists: `β´´` will be treated as a new local. Disambiguate by using `local β´´` to suppress this warning or `global β´´` to assign to the existing global variable.
└ @ /scratch/project_2007115/Turing-ODE-CSC4Asym.jl:129
┌ Warning: Assignment to `κ` in soft scope is ambiguous because a global variable by the same name exists: `κ` will be treated as a new local. Disambiguate by using `local κ` to suppress this warning or `global κ` to assign to the existing global variable.
└ @ /scratch/project_2007115/Turing-ODE-CSC4Asym.jl:129
┌ Warning: Assignment to `l` in soft scope is ambiguous because a global variable by the same name exists: `l` will be treated as a new local. Disambiguate by using `local l` to suppress this warning or `global l` to assign to the existing global variable.
└ @ /scratch/project_2007115/Turing-ODE-CSC4Asym.jl:129
┌ Warning: Assignment to `β′` in soft scope is ambiguous because a global variable by the same name exists: `β′` will be treated as a new local. Disambiguate by using `local β′` to suppress this warning or `global β′` to assign to the existing global variable.
└ @ /scratch/project_2007115/Turing-ODE-CSC4Asym.jl:129
┌ Warning: Assignment to `ρ₁` in soft scope is ambiguous because a global variable by the same name exists: `ρ₁` will be treated as a new local. Disambiguate by using `local ρ₁` to suppress this warning or `global ρ₁` to assign to the existing global variable.
└ @ /scratch/project_2007115/Turing-ODE-CSC4Asym.jl:129
┌ Warning: Assignment to `ρ₂` in soft scope is ambiguous because a global variable by the same name exists: `ρ₂` will be treated as a new local. Disambiguate by using `local ρ₂` to suppress this warning or `global ρ₂` to assign to the existing global variable.
└ @ /scratch/project_2007115/Turing-ODE-CSC4Asym.jl:129
┌ Warning: Assignment to `γₐ` in soft scope is ambiguous because a global variable by the same name exists: `γₐ` will be treated as a new local. Disambiguate by using `local γₐ` to suppress this warning or `global γₐ` to assign to the existing global variable.
└ @ /scratch/project_2007115/Turing-ODE-CSC4Asym.jl:129
┌ Warning: Assignment to `γᵢ` in soft scope is ambiguous because a global variable by the same name exists: `γᵢ` will be treated as a new local. Disambiguate by using `local γᵢ` to suppress this warning or `global γᵢ` to assign to the existing global variable.
└ @ /scratch/project_2007115/Turing-ODE-CSC4Asym.jl:129
┌ Warning: Assignment to `γᵣ` in soft scope is ambiguous because a global variable by the same name exists: `γᵣ` will be treated as a new local. Disambiguate by using `local γᵣ` to suppress this warning or `global γᵣ` to assign to the existing global variable.
└ @ /scratch/project_2007115/Turing-ODE-CSC4Asym.jl:129
┌ Warning: Assignment to `δᵢ` in soft scope is ambiguous because a global variable by the same name exists: `δᵢ` will be treated as a new local. Disambiguate by using `local δᵢ` to suppress this warning or `global δᵢ` to assign to the existing global variable.
└ @ /scratch/project_2007115/Turing-ODE-CSC4Asym.jl:129
┌ Warning: Assignment to `δₚ` in soft scope is ambiguous because a global variable by the same name exists: `δₚ` will be treated as a new local. Disambiguate by using `local δₚ` to suppress this warning or `global δₚ` to assign to the existing global variable.
└ @ /scratch/project_2007115/Turing-ODE-CSC4Asym.jl:129
┌ Warning: Assignment to `δₕ` in soft scope is ambiguous because a global variable by the same name exists: `δₕ` will be treated as a new local. Disambiguate by using `local δₕ` to suppress this warning or `global δₕ` to assign to the existing global variable.
└ @ /scratch/project_2007115/Turing-ODE-CSC4Asym.jl:129
┌ Warning: Assignment to `δₐ` in soft scope is ambiguous because a global variable by the same name exists: `δₐ` will be treated as a new local. Disambiguate by using `local δₐ` to suppress this warning or `global δₐ` to assign to the existing global variable.
└ @ /scratch/project_2007115/Turing-ODE-CSC4Asym.jl:129
┌ Warning: Assignment to `E0` in soft scope is ambiguous because a global variable by the same name exists: `E0` will be treated as a new local. Disambiguate by using `local E0` to suppress this warning or `global E0` to assign to the existing global variable.
└ @ /scratch/project_2007115/Turing-ODE-CSC4Asym.jl:131
┌ Warning: Assignment to `I0` in soft scope is ambiguous because a global variable by the same name exists: `I0` will be treated as a new local. Disambiguate by using `local I0` to suppress this warning or `global I0` to assign to the existing global variable.
└ @ /scratch/project_2007115/Turing-ODE-CSC4Asym.jl:131
┌ Warning: Assignment to `P0` in soft scope is ambiguous because a global variable by the same name exists: `P0` will be treated as a new local. Disambiguate by using `local P0` to suppress this warning or `global P0` to assign to the existing global variable.
└ @ /scratch/project_2007115/Turing-ODE-CSC4Asym.jl:131
┌ Warning: Assignment to `A0` in soft scope is ambiguous because a global variable by the same name exists: `A0` will be treated as a new local. Disambiguate by using `local A0` to suppress this warning or `global A0` to assign to the existing global variable.
└ @ /scratch/project_2007115/Turing-ODE-CSC4Asym.jl:131
┌ Warning: Assignment to `H0` in soft scope is ambiguous because a global variable by the same name exists: `H0` will be treated as a new local. Disambiguate by using `local H0` to suppress this warning or `global H0` to assign to the existing global variable.
└ @ /scratch/project_2007115/Turing-ODE-CSC4Asym.jl:131
┌ Warning: Assignment to `R0` in soft scope is ambiguous because a global variable by the same name exists: `R0` will be treated as a new local. Disambiguate by using `local R0` to suppress this warning or `global R0` to assign to the existing global variable.
└ @ /scratch/project_2007115/Turing-ODE-CSC4Asym.jl:131
┌ Warning: Assignment to `F0` in soft scope is ambiguous because a global variable by the same name exists: `F0` will be treated as a new local. Disambiguate by using `local F0` to suppress this warning or `global F0` to assign to the existing global variable.
└ @ /scratch/project_2007115/Turing-ODE-CSC4Asym.jl:131
┌ Warning: Assignment to `X0` in soft scope is ambiguous because a global variable by the same name exists: `X0` will be treated as a new local. Disambiguate by using `local X0` to suppress this warning or `global X0` to assign to the existing global variable.
└ @ /scratch/project_2007115/Turing-ODE-CSC4Asym.jl:132
┌ Warning: Assignment to `prob` in soft scope is ambiguous because a global variable by the same name exists: `prob` will be treated as a new local. Disambiguate by using `local prob` to suppress this warning or `global prob` to assign to the existing global variable.
└ @ /scratch/project_2007115/Turing-ODE-CSC4Asym.jl:134
2-element Vector{Float64}:
  228.31315716071666
 5988.0
15-element Vector{Float64}:
   4.48587938067725
   2.332706488242489
 734.6572013632273
   0.00815406056360743
   1.8531137853709925
   4.189412774641908
   0.9057262007207959
   0.9808558377561372
   0.362302980302346
   0.00765171655813333
   0.25725409989624415
   0.4591490390049224
   0.4660013826459041
   0.007341322889228418
   0.12424130153858208
Chains MCMC chain (8000×28×5 Array{Float64, 3}):

Iterations        = 1001:1:9000
Number of chains  = 5
Samples per chain = 8000
Wall duration     = 12440.45 seconds
Compute duration  = 12436.92 seconds
parameters        = σ, β, β´´, NN, κ, l, β′, ρ₁, ρ₂, γₐ, γᵢ, γᵣ, δᵢ, δₚ, δₕ, δₐ
internals         = lp, n_steps, is_accept, acceptance_rate, log_density, hamiltonian_energy, hamiltonian_energy_error, max_hamiltonian_energy_error, tree_depth, numerical_error, step_size, nom_step_size

Summary Statistics
  parameters       mean        std   naive_se      mcse          ess      rhat   ess_per_sec
      Symbol    Float64    Float64    Float64   Float64      Float64   Float64       Float64

           σ   233.8148    11.3299     0.0566    0.0513   46745.3736    0.9999        3.7586
           β     2.5890     1.1132     0.0056    0.0054   43728.0589    0.9999        3.5160
         β´´     4.7114     2.8027     0.0140    0.0124   51089.8757    1.0000        4.1079
          NN   696.8514   304.0381     1.5202    2.3001   16749.8910    1.0000        1.3468
           κ     0.0083     0.0052     0.0000    0.0000   15444.9909    1.0001        1.2419
           l     6.5013     5.0038     0.0250    0.0322   23185.8165    1.0000        1.8643
          β′     8.7845     5.4996     0.0275    0.0247   43099.3561    0.9999        3.4654
          ρ₁     0.8286     0.1437     0.0007    0.0008   32106.2739    1.0001        2.5815
          ρ₂     0.8244     0.1454     0.0007    0.0008   29516.4544    1.0001        2.3733
          γₐ     0.3985     0.1980     0.0010    0.0014   16911.1274    1.0002        1.3598
          γᵢ     0.0393     0.0372     0.0002    0.0002   29990.4395    1.0003        2.4114
          γᵣ     0.3097     0.1553     0.0008    0.0015   11745.6073    1.0002        0.9444
          δᵢ     0.4465     0.2978     0.0015    0.0021   21325.9286    1.0001        1.7147
          δₚ     0.4493     0.2972     0.0015    0.0020   21619.9776    1.0003        1.7384
          δₕ     0.0544     0.0937     0.0005    0.0008   13468.6140    1.0003        1.0830
          δₐ     0.1354     0.1430     0.0007    0.0016    7107.3134    1.0005        0.5715

Quantiles
  parameters       2.5%      25.0%      50.0%      75.0%       97.5%
      Symbol    Float64    Float64    Float64    Float64     Float64

           σ   212.9554   225.9925   233.3805   241.0905    257.3931
           β     1.0561     1.6210     2.4099     3.4431      4.8030
         β´´     0.3163     2.2950     4.5276     7.0515      9.6698
          NN   226.5533   466.7271   657.0090   885.3798   1392.1607
           κ     0.0022     0.0048     0.0071     0.0105      0.0212
           l     0.2871     2.4047     5.2275     9.6658     18.1448
          β′     0.4239     4.0511     8.2797    13.1391     19.1215
          ρ₁     0.4746     0.7524     0.8646     0.9399      0.9945
          ρ₂     0.4711     0.7444     0.8599     0.9381      0.9940
          γₐ     0.0981     0.2526     0.3595     0.5137      0.8757
          γᵢ     0.0011     0.0119     0.0281     0.0553      0.1400
          γᵣ     0.1617     0.2122     0.2578     0.3441      0.7938
          δᵢ     0.0130     0.1715     0.4290     0.7004      0.9672
          δₚ     0.0136     0.1772     0.4290     0.7044      0.9699
          δₕ     0.0008     0.0098     0.0256     0.0585      0.3085
          δₐ     0.0334     0.0736     0.1064     0.1524      0.4088

