┌ Warning: The current proposal will be rejected due to numerical error(s).
│   isfinite.((θ, r, ℓπ, ℓκ)) = (true, false, false, false)
└ @ AdvancedHMC ~/.julia/packages/AdvancedHMC/4fByY/src/hamiltonian.jl:49
┌ Warning: The current proposal will be rejected due to numerical error(s).
│   isfinite.((θ, r, ℓπ, ℓκ)) = (true, false, false, false)
└ @ AdvancedHMC ~/.julia/packages/AdvancedHMC/4fByY/src/hamiltonian.jl:49
┌ Warning: The current proposal will be rejected due to numerical error(s).
│   isfinite.((θ, r, ℓπ, ℓκ)) = (true, false, false, false)
└ @ AdvancedHMC ~/.julia/packages/AdvancedHMC/4fByY/src/hamiltonian.jl:49
┌ Warning: The current proposal will be rejected due to numerical error(s).
│   isfinite.((θ, r, ℓπ, ℓκ)) = (true, false, false, false)
└ @ AdvancedHMC ~/.julia/packages/AdvancedHMC/4fByY/src/hamiltonian.jl:49
┌ Warning: The current proposal will be rejected due to numerical error(s).
│   isfinite.((θ, r, ℓπ, ℓκ)) = (true, false, false, false)
└ @ AdvancedHMC ~/.julia/packages/AdvancedHMC/4fByY/src/hamiltonian.jl:49
┌ Warning: The current proposal will be rejected due to numerical error(s).
│   isfinite.((θ, r, ℓπ, ℓκ)) = (true, false, false, false)
└ @ AdvancedHMC ~/.julia/packages/AdvancedHMC/4fByY/src/hamiltonian.jl:49
┌ Warning: The current proposal will be rejected due to numerical error(s).
│   isfinite.((θ, r, ℓπ, ℓκ)) = (true, false, false, false)
└ @ AdvancedHMC ~/.julia/packages/AdvancedHMC/4fByY/src/hamiltonian.jl:49
┌ Warning: The current proposal will be rejected due to numerical error(s).
│   isfinite.((θ, r, ℓπ, ℓκ)) = (true, false, false, false)
└ @ AdvancedHMC ~/.julia/packages/AdvancedHMC/4fByY/src/hamiltonian.jl:49
┌ Warning: The current proposal will be rejected due to numerical error(s).
│   isfinite.((θ, r, ℓπ, ℓκ)) = (true, false, false, false)
└ @ AdvancedHMC ~/.julia/packages/AdvancedHMC/4fByY/src/hamiltonian.jl:49
┌ Warning: The current proposal will be rejected due to numerical error(s).
│   isfinite.((θ, r, ℓπ, ℓκ)) = (true, false, false, false)
└ @ AdvancedHMC ~/.julia/packages/AdvancedHMC/4fByY/src/hamiltonian.jl:49
┌ Warning: The current proposal will be rejected due to numerical error(s).
│   isfinite.((θ, r, ℓπ, ℓκ)) = (true, false, false, false)
└ @ AdvancedHMC ~/.julia/packages/AdvancedHMC/4fByY/src/hamiltonian.jl:49
┌ Info: Found initial step size
└   ϵ = 3.0517578125e-6
┌ Warning: The current proposal will be rejected due to numerical error(s).
│   isfinite.((θ, r, ℓπ, ℓκ)) = (true, false, false, false)
└ @ AdvancedHMC ~/.julia/packages/AdvancedHMC/4fByY/src/hamiltonian.jl:49
┌ Warning: The current proposal will be rejected due to numerical error(s).
│   isfinite.((θ, r, ℓπ, ℓκ)) = (true, false, false, false)
└ @ AdvancedHMC ~/.julia/packages/AdvancedHMC/4fByY/src/hamiltonian.jl:49
┌ Warning: The current proposal will be rejected due to numerical error(s).
│   isfinite.((θ, r, ℓπ, ℓκ)) = (true, false, false, false)
└ @ AdvancedHMC ~/.julia/packages/AdvancedHMC/4fByY/src/hamiltonian.jl:49
┌ Warning: The current proposal will be rejected due to numerical error(s).
│   isfinite.((θ, r, ℓπ, ℓκ)) = (true, false, false, false)
└ @ AdvancedHMC ~/.julia/packages/AdvancedHMC/4fByY/src/hamiltonian.jl:49
┌ Warning: The current proposal will be rejected due to numerical error(s).
│   isfinite.((θ, r, ℓπ, ℓκ)) = (true, false, false, false)
└ @ AdvancedHMC ~/.julia/packages/AdvancedHMC/4fByY/src/hamiltonian.jl:49
┌ Warning: The current proposal will be rejected due to numerical error(s).
│   isfinite.((θ, r, ℓπ, ℓκ)) = (true, false, false, false)
└ @ AdvancedHMC ~/.julia/packages/AdvancedHMC/4fByY/src/hamiltonian.jl:49
┌ Warning: The current proposal will be rejected due to numerical error(s).
│   isfinite.((θ, r, ℓπ, ℓκ)) = (true, false, false, false)
└ @ AdvancedHMC ~/.julia/packages/AdvancedHMC/4fByY/src/hamiltonian.jl:49
┌ Warning: The current proposal will be rejected due to numerical error(s).
│   isfinite.((θ, r, ℓπ, ℓκ)) = (true, false, false, false)
└ @ AdvancedHMC ~/.julia/packages/AdvancedHMC/4fByY/src/hamiltonian.jl:49
┌ Warning: The current proposal will be rejected due to numerical error(s).
│   isfinite.((θ, r, ℓπ, ℓκ)) = (true, false, false, false)
└ @ AdvancedHMC ~/.julia/packages/AdvancedHMC/4fByY/src/hamiltonian.jl:49
┌ Warning: The current proposal will be rejected due to numerical error(s).
│   isfinite.((θ, r, ℓπ, ℓκ)) = (true, false, false, false)
└ @ AdvancedHMC ~/.julia/packages/AdvancedHMC/4fByY/src/hamiltonian.jl:49
┌ Warning: The current proposal will be rejected due to numerical error(s).
│   isfinite.((θ, r, ℓπ, ℓκ)) = (true, false, false, false)
└ @ AdvancedHMC ~/.julia/packages/AdvancedHMC/4fByY/src/hamiltonian.jl:49
┌ Warning: The current proposal will be rejected due to numerical error(s).
│   isfinite.((θ, r, ℓπ, ℓκ)) = (true, false, false, false)
└ @ AdvancedHMC ~/.julia/packages/AdvancedHMC/4fByY/src/hamiltonian.jl:49
┌ Warning: The current proposal will be rejected due to numerical error(s).
│   isfinite.((θ, r, ℓπ, ℓκ)) = (true, false, false, false)
└ @ AdvancedHMC ~/.julia/packages/AdvancedHMC/4fByY/src/hamiltonian.jl:49
┌ Warning: The current proposal will be rejected due to numerical error(s).
│   isfinite.((θ, r, ℓπ, ℓκ)) = (true, false, false, false)
└ @ AdvancedHMC ~/.julia/packages/AdvancedHMC/4fByY/src/hamiltonian.jl:49
┌ Warning: The current proposal will be rejected due to numerical error(s).
│   isfinite.((θ, r, ℓπ, ℓκ)) = (true, false, false, false)
└ @ AdvancedHMC ~/.julia/packages/AdvancedHMC/4fByY/src/hamiltonian.jl:49
┌ Warning: The current proposal will be rejected due to numerical error(s).
│   isfinite.((θ, r, ℓπ, ℓκ)) = (true, false, false, false)
└ @ AdvancedHMC ~/.julia/packages/AdvancedHMC/4fByY/src/hamiltonian.jl:49
┌ Warning: The current proposal will be rejected due to numerical error(s).
│   isfinite.((θ, r, ℓπ, ℓκ)) = (true, false, false, false)
└ @ AdvancedHMC ~/.julia/packages/AdvancedHMC/4fByY/src/hamiltonian.jl:49
┌ Warning: The current proposal will be rejected due to numerical error(s).
│   isfinite.((θ, r, ℓπ, ℓκ)) = (true, false, false, false)
└ @ AdvancedHMC ~/.julia/packages/AdvancedHMC/4fByY/src/hamiltonian.jl:49
┌ Warning: The current proposal will be rejected due to numerical error(s).
│   isfinite.((θ, r, ℓπ, ℓκ)) = (true, false, false, false)
└ @ AdvancedHMC ~/.julia/packages/AdvancedHMC/4fByY/src/hamiltonian.jl:49
┌ Warning: The current proposal will be rejected due to numerical error(s).
│   isfinite.((θ, r, ℓπ, ℓκ)) = (true, false, false, false)
└ @ AdvancedHMC ~/.julia/packages/AdvancedHMC/4fByY/src/hamiltonian.jl:49
┌ Warning: The current proposal will be rejected due to numerical error(s).
│   isfinite.((θ, r, ℓπ, ℓκ)) = (true, false, false, false)
└ @ AdvancedHMC ~/.julia/packages/AdvancedHMC/4fByY/src/hamiltonian.jl:49
┌ Warning: The current proposal will be rejected due to numerical error(s).
│   isfinite.((θ, r, ℓπ, ℓκ)) = (true, false, false, false)
└ @ AdvancedHMC ~/.julia/packages/AdvancedHMC/4fByY/src/hamiltonian.jl:49
┌ Warning: The current proposal will be rejected due to numerical error(s).
│   isfinite.((θ, r, ℓπ, ℓκ)) = (true, false, false, false)
└ @ AdvancedHMC ~/.julia/packages/AdvancedHMC/4fByY/src/hamiltonian.jl:49
┌ Warning: The current proposal will be rejected due to numerical error(s).
│   isfinite.((θ, r, ℓπ, ℓκ)) = (true, false, false, false)
└ @ AdvancedHMC ~/.julia/packages/AdvancedHMC/4fByY/src/hamiltonian.jl:49
┌ Info: Found initial step size
└   ϵ = 6.103515625e-6
┌ Warning: The current proposal will be rejected due to numerical error(s).
│   isfinite.((θ, r, ℓπ, ℓκ)) = (true, false, false, false)
└ @ AdvancedHMC ~/.julia/packages/AdvancedHMC/4fByY/src/hamiltonian.jl:49
┌ Warning: The current proposal will be rejected due to numerical error(s).
│   isfinite.((θ, r, ℓπ, ℓκ)) = (true, false, false, false)
└ @ AdvancedHMC ~/.julia/packages/AdvancedHMC/4fByY/src/hamiltonian.jl:49
┌ Warning: The current proposal will be rejected due to numerical error(s).
│   isfinite.((θ, r, ℓπ, ℓκ)) = (true, false, false, false)
└ @ AdvancedHMC ~/.julia/packages/AdvancedHMC/4fByY/src/hamiltonian.jl:49
┌ Warning: The current proposal will be rejected due to numerical error(s).
│   isfinite.((θ, r, ℓπ, ℓκ)) = (true, false, false, false)
└ @ AdvancedHMC ~/.julia/packages/AdvancedHMC/4fByY/src/hamiltonian.jl:49
┌ Warning: The current proposal will be rejected due to numerical error(s).
│   isfinite.((θ, r, ℓπ, ℓκ)) = (true, false, false, false)
└ @ AdvancedHMC ~/.julia/packages/AdvancedHMC/4fByY/src/hamiltonian.jl:49
┌ Warning: The current proposal will be rejected due to numerical error(s).
│   isfinite.((θ, r, ℓπ, ℓκ)) = (true, false, false, false)
└ @ AdvancedHMC ~/.julia/packages/AdvancedHMC/4fByY/src/hamiltonian.jl:49
┌ Warning: The current proposal will be rejected due to numerical error(s).
│   isfinite.((θ, r, ℓπ, ℓκ)) = (true, false, false, false)
└ @ AdvancedHMC ~/.julia/packages/AdvancedHMC/4fByY/src/hamiltonian.jl:49
┌ Warning: The current proposal will be rejected due to numerical error(s).
│   isfinite.((θ, r, ℓπ, ℓκ)) = (true, false, false, false)
└ @ AdvancedHMC ~/.julia/packages/AdvancedHMC/4fByY/src/hamiltonian.jl:49
┌ Warning: The current proposal will be rejected due to numerical error(s).
│   isfinite.((θ, r, ℓπ, ℓκ)) = (true, false, false, false)
└ @ AdvancedHMC ~/.julia/packages/AdvancedHMC/4fByY/src/hamiltonian.jl:49
┌ Warning: The current proposal will be rejected due to numerical error(s).
│   isfinite.((θ, r, ℓπ, ℓκ)) = (true, false, false, false)
└ @ AdvancedHMC ~/.julia/packages/AdvancedHMC/4fByY/src/hamiltonian.jl:49
┌ Warning: The current proposal will be rejected due to numerical error(s).
│   isfinite.((θ, r, ℓπ, ℓκ)) = (true, false, false, false)
└ @ AdvancedHMC ~/.julia/packages/AdvancedHMC/4fByY/src/hamiltonian.jl:49
┌ Warning: The current proposal will be rejected due to numerical error(s).
│   isfinite.((θ, r, ℓπ, ℓκ)) = (true, false, false, false)
└ @ AdvancedHMC ~/.julia/packages/AdvancedHMC/4fByY/src/hamiltonian.jl:49
┌ Warning: The current proposal will be rejected due to numerical error(s).
│   isfinite.((θ, r, ℓπ, ℓκ)) = (true, false, false, false)
└ @ AdvancedHMC ~/.julia/packages/AdvancedHMC/4fByY/src/hamiltonian.jl:49
┌ Warning: The current proposal will be rejected due to numerical error(s).
│   isfinite.((θ, r, ℓπ, ℓκ)) = (true, false, false, false)
└ @ AdvancedHMC ~/.julia/packages/AdvancedHMC/4fByY/src/hamiltonian.jl:49
┌ Warning: The current proposal will be rejected due to numerical error(s).
│   isfinite.((θ, r, ℓπ, ℓκ)) = (true, false, false, false)
└ @ AdvancedHMC ~/.julia/packages/AdvancedHMC/4fByY/src/hamiltonian.jl:49
┌ Warning: The current proposal will be rejected due to numerical error(s).
│   isfinite.((θ, r, ℓπ, ℓκ)) = (true, false, false, false)
└ @ AdvancedHMC ~/.julia/packages/AdvancedHMC/4fByY/src/hamiltonian.jl:49
┌ Warning: The current proposal will be rejected due to numerical error(s).
│   isfinite.((θ, r, ℓπ, ℓκ)) = (true, false, false, false)
└ @ AdvancedHMC ~/.julia/packages/AdvancedHMC/4fByY/src/hamiltonian.jl:49
┌ Warning: The current proposal will be rejected due to numerical error(s).
│   isfinite.((θ, r, ℓπ, ℓκ)) = (true, false, false, false)
└ @ AdvancedHMC ~/.julia/packages/AdvancedHMC/4fByY/src/hamiltonian.jl:49
┌ Info: Found initial step size
└   ϵ = 1.52587890625e-6
┌ Warning: The current proposal will be rejected due to numerical error(s).
│   isfinite.((θ, r, ℓπ, ℓκ)) = (true, false, false, false)
└ @ AdvancedHMC ~/.julia/packages/AdvancedHMC/4fByY/src/hamiltonian.jl:49
┌ Warning: The current proposal will be rejected due to numerical error(s).
│   isfinite.((θ, r, ℓπ, ℓκ)) = (true, false, false, false)
└ @ AdvancedHMC ~/.julia/packages/AdvancedHMC/4fByY/src/hamiltonian.jl:49
┌ Warning: The current proposal will be rejected due to numerical error(s).
│   isfinite.((θ, r, ℓπ, ℓκ)) = (true, false, false, false)
└ @ AdvancedHMC ~/.julia/packages/AdvancedHMC/4fByY/src/hamiltonian.jl:49
┌ Warning: The current proposal will be rejected due to numerical error(s).
│   isfinite.((θ, r, ℓπ, ℓκ)) = (true, false, false, false)
└ @ AdvancedHMC ~/.julia/packages/AdvancedHMC/4fByY/src/hamiltonian.jl:49
┌ Warning: The current proposal will be rejected due to numerical error(s).
│   isfinite.((θ, r, ℓπ, ℓκ)) = (true, false, false, false)
└ @ AdvancedHMC ~/.julia/packages/AdvancedHMC/4fByY/src/hamiltonian.jl:49
┌ Warning: The current proposal will be rejected due to numerical error(s).
│   isfinite.((θ, r, ℓπ, ℓκ)) = (true, false, false, false)
└ @ AdvancedHMC ~/.julia/packages/AdvancedHMC/4fByY/src/hamiltonian.jl:49
┌ Warning: The current proposal will be rejected due to numerical error(s).
│   isfinite.((θ, r, ℓπ, ℓκ)) = (true, false, false, false)
└ @ AdvancedHMC ~/.julia/packages/AdvancedHMC/4fByY/src/hamiltonian.jl:49
┌ Warning: The current proposal will be rejected due to numerical error(s).
│   isfinite.((θ, r, ℓπ, ℓκ)) = (true, false, false, false)
└ @ AdvancedHMC ~/.julia/packages/AdvancedHMC/4fByY/src/hamiltonian.jl:49
┌ Warning: The current proposal will be rejected due to numerical error(s).
│   isfinite.((θ, r, ℓπ, ℓκ)) = (true, false, false, false)
└ @ AdvancedHMC ~/.julia/packages/AdvancedHMC/4fByY/src/hamiltonian.jl:49
┌ Warning: The current proposal will be rejected due to numerical error(s).
│   isfinite.((θ, r, ℓπ, ℓκ)) = (true, false, false, false)
└ @ AdvancedHMC ~/.julia/packages/AdvancedHMC/4fByY/src/hamiltonian.jl:49
┌ Warning: The current proposal will be rejected due to numerical error(s).
│   isfinite.((θ, r, ℓπ, ℓκ)) = (true, false, false, false)
└ @ AdvancedHMC ~/.julia/packages/AdvancedHMC/4fByY/src/hamiltonian.jl:49
┌ Warning: The current proposal will be rejected due to numerical error(s).
│   isfinite.((θ, r, ℓπ, ℓκ)) = (true, false, false, false)
└ @ AdvancedHMC ~/.julia/packages/AdvancedHMC/4fByY/src/hamiltonian.jl:49
┌ Warning: The current proposal will be rejected due to numerical error(s).
│   isfinite.((θ, r, ℓπ, ℓκ)) = (true, false, false, false)
└ @ AdvancedHMC ~/.julia/packages/AdvancedHMC/4fByY/src/hamiltonian.jl:49
┌ Warning: Assignment to `β` in soft scope is ambiguous because a global variable by the same name exists: `β` will be treated as a new local. Disambiguate by using `local β` to suppress this warning or `global β` to assign to the existing global variable.
└ @ /scratch/project_2007115/Turing-ODE-CSC5.jl:114
┌ Warning: Assignment to `κ` in soft scope is ambiguous because a global variable by the same name exists: `κ` will be treated as a new local. Disambiguate by using `local κ` to suppress this warning or `global κ` to assign to the existing global variable.
└ @ /scratch/project_2007115/Turing-ODE-CSC5.jl:114
┌ Warning: Assignment to `l` in soft scope is ambiguous because a global variable by the same name exists: `l` will be treated as a new local. Disambiguate by using `local l` to suppress this warning or `global l` to assign to the existing global variable.
└ @ /scratch/project_2007115/Turing-ODE-CSC5.jl:114
┌ Warning: Assignment to `β′` in soft scope is ambiguous because a global variable by the same name exists: `β′` will be treated as a new local. Disambiguate by using `local β′` to suppress this warning or `global β′` to assign to the existing global variable.
└ @ /scratch/project_2007115/Turing-ODE-CSC5.jl:114
┌ Warning: Assignment to `γₐ` in soft scope is ambiguous because a global variable by the same name exists: `γₐ` will be treated as a new local. Disambiguate by using `local γₐ` to suppress this warning or `global γₐ` to assign to the existing global variable.
└ @ /scratch/project_2007115/Turing-ODE-CSC5.jl:114
┌ Warning: Assignment to `γᵢ` in soft scope is ambiguous because a global variable by the same name exists: `γᵢ` will be treated as a new local. Disambiguate by using `local γᵢ` to suppress this warning or `global γᵢ` to assign to the existing global variable.
└ @ /scratch/project_2007115/Turing-ODE-CSC5.jl:114
┌ Warning: Assignment to `γᵣ` in soft scope is ambiguous because a global variable by the same name exists: `γᵣ` will be treated as a new local. Disambiguate by using `local γᵣ` to suppress this warning or `global γᵣ` to assign to the existing global variable.
└ @ /scratch/project_2007115/Turing-ODE-CSC5.jl:114
┌ Warning: Assignment to `δᵢ` in soft scope is ambiguous because a global variable by the same name exists: `δᵢ` will be treated as a new local. Disambiguate by using `local δᵢ` to suppress this warning or `global δᵢ` to assign to the existing global variable.
└ @ /scratch/project_2007115/Turing-ODE-CSC5.jl:114
┌ Warning: Assignment to `δₚ` in soft scope is ambiguous because a global variable by the same name exists: `δₚ` will be treated as a new local. Disambiguate by using `local δₚ` to suppress this warning or `global δₚ` to assign to the existing global variable.
└ @ /scratch/project_2007115/Turing-ODE-CSC5.jl:114
┌ Warning: Assignment to `δₕ` in soft scope is ambiguous because a global variable by the same name exists: `δₕ` will be treated as a new local. Disambiguate by using `local δₕ` to suppress this warning or `global δₕ` to assign to the existing global variable.
└ @ /scratch/project_2007115/Turing-ODE-CSC5.jl:114
┌ Warning: Assignment to `E0` in soft scope is ambiguous because a global variable by the same name exists: `E0` will be treated as a new local. Disambiguate by using `local E0` to suppress this warning or `global E0` to assign to the existing global variable.
└ @ /scratch/project_2007115/Turing-ODE-CSC5.jl:116
┌ Warning: Assignment to `I0` in soft scope is ambiguous because a global variable by the same name exists: `I0` will be treated as a new local. Disambiguate by using `local I0` to suppress this warning or `global I0` to assign to the existing global variable.
└ @ /scratch/project_2007115/Turing-ODE-CSC5.jl:116
┌ Warning: Assignment to `P0` in soft scope is ambiguous because a global variable by the same name exists: `P0` will be treated as a new local. Disambiguate by using `local P0` to suppress this warning or `global P0` to assign to the existing global variable.
└ @ /scratch/project_2007115/Turing-ODE-CSC5.jl:116
┌ Warning: Assignment to `A0` in soft scope is ambiguous because a global variable by the same name exists: `A0` will be treated as a new local. Disambiguate by using `local A0` to suppress this warning or `global A0` to assign to the existing global variable.
└ @ /scratch/project_2007115/Turing-ODE-CSC5.jl:116
┌ Warning: Assignment to `H0` in soft scope is ambiguous because a global variable by the same name exists: `H0` will be treated as a new local. Disambiguate by using `local H0` to suppress this warning or `global H0` to assign to the existing global variable.
└ @ /scratch/project_2007115/Turing-ODE-CSC5.jl:116
┌ Warning: Assignment to `R0` in soft scope is ambiguous because a global variable by the same name exists: `R0` will be treated as a new local. Disambiguate by using `local R0` to suppress this warning or `global R0` to assign to the existing global variable.
└ @ /scratch/project_2007115/Turing-ODE-CSC5.jl:116
┌ Warning: Assignment to `F0` in soft scope is ambiguous because a global variable by the same name exists: `F0` will be treated as a new local. Disambiguate by using `local F0` to suppress this warning or `global F0` to assign to the existing global variable.
└ @ /scratch/project_2007115/Turing-ODE-CSC5.jl:116
┌ Warning: Assignment to `X0` in soft scope is ambiguous because a global variable by the same name exists: `X0` will be treated as a new local. Disambiguate by using `local X0` to suppress this warning or `global X0` to assign to the existing global variable.
└ @ /scratch/project_2007115/Turing-ODE-CSC5.jl:117
┌ Warning: Assignment to `prob` in soft scope is ambiguous because a global variable by the same name exists: `prob` will be treated as a new local. Disambiguate by using `local prob` to suppress this warning or `global prob` to assign to the existing global variable.
└ @ /scratch/project_2007115/Turing-ODE-CSC5.jl:119
2-element Vector{Float64}:
  989.2972935110837
 3379.0
11-element Vector{Float64}:
   2.6085135408731546
 418.84919237972815
   0.7702558599574667
   0.3149122508450034
  13.421656977455461
   0.22831162295783894
   0.20904680931556405
   0.060324361329579926
   0.6523419634808236
   0.6099353269141763
   0.005389990789170702
Chains MCMC chain (5000×24×3 Array{Float64, 3}):

Iterations        = 1001:1:6000
Number of chains  = 3
Samples per chain = 5000
Wall duration     = 7035.65 seconds
Compute duration  = 7019.29 seconds
parameters        = σ, β, NN, κ, l, β′, γₐ, γᵢ, γᵣ, δᵢ, δₚ, δₕ
internals         = lp, n_steps, is_accept, acceptance_rate, log_density, hamiltonian_energy, hamiltonian_energy_error, max_hamiltonian_energy_error, tree_depth, numerical_error, step_size, nom_step_size

Summary Statistics
  parameters       mean        std   naive_se      mcse          ess      rhat   ess_per_sec
      Symbol    Float64    Float64    Float64   Float64      Float64   Float64       Float64

           σ    31.8048     1.1220     0.0092    0.0105   13229.2647    1.0000        1.8847
           β     3.0618     1.1134     0.0091    0.0207    3246.7473    1.0006        0.4625
          NN   283.6377   218.0883     1.7807    6.2846    1256.7421    1.0025        0.1790
           κ     0.1920     0.5317     0.0043    0.0208     617.3542    1.0079        0.0880
           l    10.0222     5.3436     0.0436    0.1404    1482.9983    1.0032        0.2113
          β′     9.3608     5.6576     0.0462    0.0420   17920.3497    0.9999        2.5530
          γₐ     0.4854     0.2676     0.0022    0.0024    9464.0646    1.0002        1.3483
          γᵢ     0.3300     0.2629     0.0021    0.0042    4699.4020    1.0004        0.6695
          γᵣ     0.3386     0.2800     0.0023    0.0053    3035.7237    1.0006        0.4325
          δᵢ     0.3356     0.2676     0.0022    0.0045    3797.7233    1.0007        0.5410
          δₚ     0.4491     0.2836     0.0023    0.0025   14793.3143    1.0000        2.1075
          δₕ     0.3346     0.2771     0.0023    0.0054    2934.6796    1.0009        0.4181

Quantiles
  parameters      2.5%      25.0%      50.0%      75.0%      97.5%
      Symbol   Float64    Float64    Float64    Float64    Float64

           σ   29.7464    31.0210    31.7572    32.5339    34.1490
           β    1.1217     2.1241     3.0727     4.0052     4.9026
          NN   94.2808   148.5254   210.0543   333.2527   895.4164
           κ    0.0440     0.0488     0.0519     0.0566     2.3259
           l    0.5629     5.9111     9.9784    14.2765    19.3779
          β′    0.4209     4.4963     9.1186    13.9979    19.3354
          γₐ    0.0520     0.2573     0.4696     0.7063     0.9650
          γᵢ    0.0093     0.1094     0.2643     0.5030     0.9323
          γᵣ    0.0070     0.0893     0.2683     0.5447     0.9393
          δᵢ    0.0090     0.1086     0.2689     0.5157     0.9379
          δₚ    0.0185     0.2019     0.4262     0.6811     0.9652
          δₕ    0.0073     0.0855     0.2673     0.5353     0.9310

