"Results for FM2:"
┌ Warning: Initial position cannot be on the boundary of the box. Moving elements to the interior.
│ Element indices affected: [5, 6, 7, 8, 9, 10, 11, 12]
└ @ Optim ~/.julia/packages/Optim/EJwLF/src/multivariate/solvers/constrained/fminbox.jl:314
Fminbox
-------
Initial mu = 0.00228327

Fminbox iteration 1
-------------------
Calling inner optimizer with mu = 0.00228327

(numbers below include barrier contribution)
Iter     Function value   Gradient norm 
     0     2.004218e+02     4.734493e+03
 * time: 0.01383209228515625
     1     1.227270e+02     4.601210e+02
 * time: 18.053641080856323
     2     1.227057e+02     1.009796e+03
 * time: 27.500328063964844
     3     1.201232e+02     3.048994e+02
 * time: 38.9108989238739
     4     1.179467e+02     2.216035e+03
 * time: 52.245140075683594
     5     1.142264e+02     3.679937e+02
 * time: 56.035784006118774
     6     1.111237e+02     5.628164e+02
 * time: 67.7272789478302
     7     1.110958e+02     2.805165e+02
 * time: 73.4269769191742
     8     1.108751e+02     2.801617e+02
 * time: 79.15023803710938
     9     1.107797e+02     3.234249e+02
 * time: 84.9102931022644
    10     1.105851e+02     1.142665e+03
 * time: 92.53649806976318
    11     1.102174e+02     2.353544e+02
 * time: 100.20897507667542
    12     1.101462e+02     1.065966e+02
 * time: 105.90842008590698
    13     1.101222e+02     8.676971e+01
 * time: 111.6195559501648
    14     1.101059e+02     5.609892e+01
 * time: 119.23538994789124
    15     1.100789e+02     3.192623e+01
 * time: 126.8537209033966
    16     1.100441e+02     1.222402e+02
 * time: 132.6261899471283
    17     1.100178e+02     1.135987e+02
 * time: 136.43478894233704
    18     1.100060e+02     1.044041e+02
 * time: 142.1444320678711
    19     1.099998e+02     9.982768e+01
 * time: 147.86394095420837
    20     1.099990e+02     9.576544e+01
 * time: 153.63035488128662
    21     1.099985e+02     9.983348e+01
 * time: 159.37849402427673
    22     1.099915e+02     2.198754e+01
 * time: 165.13848996162415
    23     1.099913e+02     4.431528e+01
 * time: 170.91301488876343
    24     1.099901e+02     2.411084e+01
 * time: 176.62710404396057
    25     1.099894e+02     4.475464e+01
 * time: 182.41981101036072
    26     1.099884e+02     1.912974e+01
 * time: 186.2794029712677
    27     1.099880e+02     2.744068e+01
 * time: 190.0866870880127
    28     1.099871e+02     2.022105e+01
 * time: 195.86038994789124
    29     1.099842e+02     2.141549e+01
 * time: 201.61225295066833
    30     1.099841e+02     1.734038e+01
 * time: 205.44827008247375
    31     1.099841e+02     1.031702e+01
 * time: 209.29709100723267
    32     1.099840e+02     9.706838e+00
 * time: 213.14579486846924
    33     1.099840e+02     4.236215e+00
 * time: 216.99190497398376
    34     1.099839e+02     1.093873e+01
 * time: 220.84701204299927
    35     1.099839e+02     8.704870e+00
 * time: 224.6898910999298
    36     1.099839e+02     5.492530e+00
 * time: 228.55794286727905
    37     1.099839e+02     5.525701e+00
 * time: 232.41744589805603
    38     1.099838e+02     6.162052e+00
 * time: 236.18952107429504
    39     1.099838e+02     6.072342e+00
 * time: 240.0209939479828
    40     1.099838e+02     5.403342e+00
 * time: 243.86663007736206
    41     1.099838e+02     4.855489e+00
 * time: 247.72082090377808
    42     1.099838e+02     4.313011e+00
 * time: 251.57973098754883
    43     1.099838e+02     2.908653e+00
 * time: 255.3713779449463
    44     1.099838e+02     2.050682e+00
 * time: 259.2217080593109
    45     1.099838e+02     1.177963e+00
 * time: 263.09355306625366
    46     1.099838e+02     1.295895e+00
 * time: 266.8989338874817
    47     1.099838e+02     1.799931e+00
 * time: 270.75828409194946
    48     1.099838e+02     1.623403e+00
 * time: 274.58668398857117
    49     1.099838e+02     1.535823e+00
 * time: 278.39021396636963
    50     1.099838e+02     1.426173e+00
 * time: 282.26102209091187
    51     1.099838e+02     3.017164e-01
 * time: 286.09137201309204
    52     1.099838e+02     1.746905e-01
 * time: 289.92398500442505
    53     1.099838e+02     1.895693e-01
 * time: 293.8235740661621
    54     1.099838e+02     1.232674e-01
 * time: 297.6142740249634
    55     1.099838e+02     1.873486e-01
 * time: 301.48428893089294
    56     1.099838e+02     4.455114e-01
 * time: 305.3369290828705
    57     1.099838e+02     7.857996e-02
 * time: 309.209459066391
    58     1.099838e+02     1.380626e-01
 * time: 313.0207619667053
    59     1.099838e+02     1.557562e-01
 * time: 316.90044808387756
    60     1.099838e+02     1.467784e-01
 * time: 320.72819805145264

Exiting inner optimizer with x = [7.7503283939476155, 0.03995880152977171, 3.458005049781818, 0.8192207488691505, 0.9986091078373626, 0.9733478097657653, 0.9021068414954119, 0.9972490767088238, 0.8498000222561962, 0.9975644614529402, 0.8498000222561962, 0.99998332904792]
Current distance to box: 1.6671e-5
Decreasing barrier term μ.

Fminbox iteration 2
-------------------
Calling inner optimizer with mu = 2.28327e-6

(numbers below include barrier contribution)
Iter     Function value   Gradient norm 
     0     1.098269e+02     1.370999e+02
 * time: 1.0967254638671875e-5
     1     1.098253e+02     1.426183e+02
 * time: 5.915248870849609
     2     1.098223e+02     3.945694e+01
 * time: 19.575453996658325
     3     1.098223e+02     3.706623e+02
 * time: 27.402200937271118
     4     1.098191e+02     2.709138e+02
 * time: 39.20395803451538
     5     1.098191e+02     2.711717e+02
 * time: 46.99013686180115
     6     1.098186e+02     2.570664e+02
 * time: 54.90235900878906
     7     1.098177e+02     3.023445e+02
 * time: 66.67301106452942
     8     1.098177e+02     3.021201e+02
 * time: 72.55942988395691
     9     1.098166e+02     7.030149e+01
 * time: 88.26572895050049
    10     1.098163e+02     5.532929e+03
 * time: 96.11928606033325
    11     1.098158e+02     3.404176e+01
 * time: 101.99512386322021
    12     1.098158e+02     3.405327e+01
 * time: 107.95274591445923
    13     1.098157e+02     3.341088e+01
 * time: 117.72798800468445
    14     1.098152e+02     4.260377e+01
 * time: 121.66964197158813
    15     1.098151e+02     3.051039e+01
 * time: 127.61677503585815
    16     1.098151e+02     3.022044e+01
 * time: 131.56762504577637
    17     1.098151e+02     2.935052e+01
 * time: 141.8484330177307
    18     1.098151e+02     1.230116e+02
 * time: 148.0175108909607
    19     1.098151e+02     8.026011e+01
 * time: 158.02914094924927
    20     1.098151e+02     1.815309e+02
 * time: 164.00896501541138
    21     1.098150e+02     1.581107e+02
 * time: 173.99018502235413
    22     1.098150e+02     1.446181e+02
 * time: 179.93834400177002
    23     1.098150e+02     1.702220e+02
 * time: 185.9223129749298
    24     1.098150e+02     2.980533e+02
 * time: 191.881089925766
    25     1.098150e+02     4.615809e+02
 * time: 197.86088585853577
    26     1.098150e+02     4.937493e+02
 * time: 201.83301496505737
    27     1.098150e+02     1.662762e+02
 * time: 205.84928798675537
    28     1.098150e+02     5.694745e+01
 * time: 211.78367495536804
    29     1.098150e+02     8.090893e+01
 * time: 217.79960298538208
    30     1.098150e+02     9.792348e+01
 * time: 223.8466329574585
    31     1.098150e+02     9.547251e+01
 * time: 227.851469039917
    32     1.098150e+02     4.183322e+01
 * time: 233.92483186721802
    33     1.098150e+02     3.139782e+01
 * time: 242.05646586418152
    34     1.098150e+02     2.951972e+01
 * time: 246.14660906791687
    35     1.098150e+02     2.957283e+01
 * time: 250.25031900405884
    36     1.098150e+02     2.140492e+01
 * time: 254.26728200912476
    37     1.098150e+02     2.182572e+01
 * time: 258.3182919025421
    38     1.098150e+02     9.242439e+00
 * time: 264.37989687919617
    39     1.098150e+02     1.408231e+01
 * time: 268.5529398918152
    40     1.098150e+02     1.091611e+01
 * time: 272.63099002838135
    41     1.098150e+02     1.794715e+00
 * time: 278.69326400756836
    42     1.098150e+02     1.986440e+00
 * time: 282.7113630771637
    43     1.098150e+02     4.424690e+00
 * time: 286.7454090118408
    44     1.098150e+02     4.729883e+00
 * time: 290.70444202423096
    45     1.098150e+02     4.522848e+00
 * time: 294.77588391304016
    46     1.098150e+02     3.542769e+00
 * time: 298.9520490169525
    47     1.098150e+02     3.777671e+00
 * time: 302.9191310405731
    48     1.098150e+02     3.903818e+00
 * time: 306.9108109474182
    49     1.098150e+02     6.655751e-01
 * time: 310.92255687713623
    50     1.098150e+02     6.309668e-01
 * time: 316.90425205230713
    51     1.098150e+02     2.561875e-01
 * time: 320.905925989151
    52     1.098150e+02     7.088602e-01
 * time: 324.98080587387085
    53     1.098150e+02     7.113271e-01
 * time: 328.93594098091125
    54     1.098150e+02     5.395517e-01
 * time: 333.09652400016785
    55     1.098150e+02     5.113025e-01
 * time: 337.1121709346771
    56     1.098150e+02     5.291991e-01
 * time: 341.2262439727783
    57     1.098150e+02     6.682400e-01
 * time: 345.20371294021606
    58     1.098150e+02     1.859202e-01
 * time: 349.19534492492676
    59     1.098150e+02     1.789652e-01
 * time: 353.2342209815979
    60     1.098150e+02     1.439747e-02
 * time: 357.26765489578247

Exiting inner optimizer with x = [7.740614695588635, 0.039999951639698085, 3.4999057263447075, 0.8310520035469444, 0.9999897170195926, 0.9775465326552678, 0.8932458146060895, 0.9999963963740518, 0.84991003750546, 0.9999968089208099, 0.84991003750546, 0.9999999661936333]
Current distance to box: 3.38064e-8
Decreasing barrier term μ.

Fminbox iteration 3
-------------------
Calling inner optimizer with mu = 2.28327e-9

(numbers below include barrier contribution)
Iter     Function value   Gradient norm 
     0     1.098148e+02     6.754017e+01
 * time: 6.9141387939453125e-6
     1     1.098148e+02     2.888756e+01
 * time: 26.331176042556763
     2     1.098148e+02     1.192437e+02
 * time: 32.67672085762024
     3     1.098148e+02     7.391271e+01
 * time: 49.03104305267334
     4     1.098148e+02     7.410315e+01
 * time: 55.178536891937256
     5     1.098148e+02     6.596874e+01
 * time: 67.5402889251709
     6     1.098148e+02     1.667226e+01
 * time: 82.10962891578674
     7     1.098148e+02     8.733119e+00
 * time: 86.17491507530212
     8     1.098148e+02     1.603823e+01
 * time: 90.34568190574646
     9     1.098148e+02     1.301880e+01
 * time: 96.64570999145508
    10     1.098148e+02     1.628905e+01
 * time: 102.8014919757843
    11     1.098148e+02     1.623526e+01
 * time: 108.90299391746521
    12     1.098148e+02     1.350195e+01
 * time: 113.0200560092926
    13     1.098148e+02     1.155879e+01
 * time: 117.07681107521057
    14     1.098148e+02     8.938053e+00
 * time: 123.23925590515137
    15     1.098148e+02     4.402776e+00
 * time: 127.35119986534119
    16     1.098148e+02     3.141502e+00
 * time: 133.62152004241943
    17     1.098148e+02     1.008826e+00
 * time: 137.74016094207764
    18     1.098148e+02     2.131014e+00
 * time: 141.88295102119446
    19     1.098148e+02     1.034306e+00
 * time: 145.9546880722046
    20     1.098148e+02     7.993208e+00
 * time: 150.04474806785583
    21     1.098148e+02     1.297527e+01
 * time: 156.23042702674866
    22     1.098148e+02     9.182591e+00
 * time: 160.4020550251007
    23     1.098148e+02     6.627704e+00
 * time: 164.60081696510315
    24     1.098148e+02     6.161220e-01
 * time: 170.85779905319214
    25     1.098148e+02     6.395974e-01
 * time: 175.0424120426178
    26     1.098148e+02     5.101221e-01
 * time: 179.13080406188965
    27     1.098148e+02     4.294290e-01
 * time: 183.2253758907318
    28     1.098148e+02     4.913252e-01
 * time: 187.4625849723816
    29     1.098148e+02     4.824620e-01
 * time: 191.64088892936707
    30     1.098148e+02     4.549937e-01
 * time: 195.79703187942505
    31     1.098148e+02     5.187718e-01
 * time: 200.11253690719604
    32     1.098148e+02     7.878508e-02
 * time: 204.17296504974365
    33     1.098148e+02     1.634145e-02
 * time: 208.33988308906555
    34     1.098148e+02     3.609825e-02
 * time: 212.4315369129181
    35     1.098148e+02     6.475752e-03
 * time: 216.56481885910034
    36     1.098148e+02     3.844712e-03
 * time: 222.159353017807
    37     1.098148e+02     3.844654e-03
 * time: 226.40248703956604
    38     1.098148e+02     2.273065e-02
 * time: 230.60454988479614
    39     1.098148e+02     1.963111e-02
 * time: 234.7324469089508
    40     1.098148e+02     2.160511e-02
 * time: 238.90285205841064
    41     1.098148e+02     1.426515e-02
 * time: 243.09399700164795
    42     1.098148e+02     1.672655e-02
 * time: 247.2909300327301
    43     1.098148e+02     2.795877e-02
 * time: 251.42291498184204
    44     1.098148e+02     2.533043e-02
 * time: 255.59433794021606
    45     1.098148e+02     2.817862e-02
 * time: 259.76375007629395
    46     1.098148e+02     9.909945e-04
 * time: 263.98943185806274
    47     1.098148e+02     8.230714e-03
 * time: 268.0966110229492
    48     1.098148e+02     2.511267e-02
 * time: 272.2234859466553
    49     1.098148e+02     2.642651e-02
 * time: 276.47572207450867
    50     1.098148e+02     2.423442e-02
 * time: 280.7220890522003
    51     1.098148e+02     2.094525e-02
 * time: 284.82024002075195
    52     1.098148e+02     2.072904e-02
 * time: 289.14733386039734
    53     1.098148e+02     2.182403e-02
 * time: 293.26402497291565
    54     1.098148e+02     1.546815e-02
 * time: 297.5095229148865
    55     1.098148e+02     1.239590e-02
 * time: 301.71676898002625
    56     1.098148e+02     1.130191e-02
 * time: 305.93926906585693
    57     1.098148e+02     1.219842e-03
 * time: 310.1576020717621
    58     1.098148e+02     1.077663e-03
 * time: 326.9493680000305
    59     1.098148e+02     4.681757e-03
 * time: 331.1805648803711
    60     1.098148e+02     7.317375e-03
 * time: 335.40346693992615

Exiting inner optimizer with x = [7.74033542126225, 0.03999999995163523, 3.499999905904046, 0.8310642334670956, 0.999999985383902, 0.9775811881311154, 0.8931701084190294, 0.9999999942557183, 0.8499099633901152, 0.9999999951371387, 0.8499099633901152, 0.9999999999660077]
Current distance to box: 3.39923e-11
Decreasing barrier term μ.

Fminbox iteration 4
-------------------
Calling inner optimizer with mu = 2.28327e-12

(numbers below include barrier contribution)
Iter     Function value   Gradient norm 
     0     1.098148e+02     6.716552e+01
 * time: 6.9141387939453125e-6
     1     1.098148e+02     1.509211e+01
 * time: 27.343074798583984
     2     1.098148e+02     3.554324e+01
 * time: 31.54677700996399
     3     1.098148e+02     9.878641e+00
 * time: 35.69389796257019
     4     1.098148e+02     6.480164e+00
 * time: 39.840139865875244
     5     1.098148e+02     6.319428e+00
 * time: 46.117368936538696
     6     1.098148e+02     5.590741e+00
 * time: 52.517475843429565
     7     1.098148e+02     1.876739e+00
 * time: 56.651174783706665
     8     1.098148e+02     3.482339e-01
 * time: 60.87560796737671
     9     1.098148e+02     4.350185e-02
 * time: 65.1067008972168
    10     1.098148e+02     5.399572e-02
 * time: 73.579922914505
    11     1.098148e+02     4.350208e-02
 * time: 77.78547787666321
    12     1.098148e+02     4.350230e-02
 * time: 84.09245896339417
    13     1.098148e+02     4.350208e-02
 * time: 90.42655491828918
    14     1.098148e+02     4.350212e-02
 * time: 98.88347887992859
    15     1.098148e+02     4.723538e-02
 * time: 103.18792200088501
    16     1.098148e+02     3.929169e-01
 * time: 107.33173394203186
    17     1.098148e+02     4.095628e-01
 * time: 111.51661491394043
    18     1.098148e+02     2.022462e-01
 * time: 115.67738795280457
    19     1.098148e+02     8.102385e-02
 * time: 122.00480794906616
    20     1.098148e+02     4.350126e-02
 * time: 128.2711479663849
    21     1.098148e+02     6.798938e-02
 * time: 132.48989295959473
    22     1.098148e+02     4.350116e-02
 * time: 138.80564284324646
    23     1.098148e+02     4.350108e-02
 * time: 142.96355390548706
    24     1.098148e+02     4.350107e-02
 * time: 153.60033583641052
    25     1.098148e+02     4.350111e-02
 * time: 162.0798728466034
    26     1.098148e+02     4.761416e-02
 * time: 166.32272386550903
    27     1.098148e+02     4.350122e-02
 * time: 170.60605192184448
    28     1.098148e+02     4.350123e-02
 * time: 174.8213918209076
    29     1.098148e+02     4.350123e-02
 * time: 204.38401579856873
    30     1.098148e+02     4.350123e-02
 * time: 303.4554178714752
    31     1.098148e+02     4.350124e-02
 * time: 415.98836493492126
    32     1.098148e+02     4.350123e-02
 * time: 534.7994639873505
    33     1.098148e+02     4.350124e-02
 * time: 642.0092318058014
    34     1.098148e+02     4.350123e-02
 * time: 755.9620230197906
    35     1.098148e+02     4.350123e-02
 * time: 870.9902808666229
    36     1.098148e+02     4.350123e-02
 * time: 987.3039848804474
    37     1.098148e+02     4.350123e-02
 * time: 1084.9143388271332
    38     1.098148e+02     4.350124e-02
 * time: 1188.5177137851715
    39     1.098148e+02     4.350123e-02
 * time: 1289.6163158416748
    40     1.098148e+02     4.350123e-02
 * time: 1406.589597940445
    41     1.098148e+02     4.350123e-02
 * time: 1506.1444478034973
    42     1.098148e+02     4.350123e-02
 * time: 1616.2956898212433
    43     1.098148e+02     4.350123e-02
 * time: 1707.0459640026093

Exiting inner optimizer with x = [7.740335212912835, 0.039999999999951664, 3.499999999905906, 0.8310642628730601, 0.9999999999853559, 0.9775812317068252, 0.8931700270272571, 0.9999999999942502, 0.8499099633913845, 0.9999999999951337, 0.8499099633913845, 0.999999999999966]
Current distance to box: 3.39728e-14
Decreasing barrier term μ.

Fminbox iteration 5
-------------------
Calling inner optimizer with mu = 2.28327e-15

(numbers below include barrier contribution)
Iter     Function value   Gradient norm 
     0     1.098148e+02     6.716515e+01
 * time: 5.9604644775390625e-6
     1     1.098148e+02     4.659930e+01
 * time: 129.18396592140198
     2     1.098148e+02     4.659930e+01
 * time: 133.6404390335083
     3     1.098148e+02     4.659930e+01
 * time: 138.09369802474976
     4     1.098148e+02     4.659930e+01
 * time: 142.59080600738525
     5     1.098148e+02     4.659930e+01
 * time: 147.17081809043884
     6     1.098148e+02     4.659930e+01
 * time: 294.21254110336304
     7     1.098148e+02     4.659930e+01
 * time: 443.08492398262024
     8     1.098148e+02     4.659930e+01
 * time: 588.9073760509491
     9     1.098148e+02     4.659930e+01
 * time: 733.6326069831848
    10     1.098148e+02     4.659930e+01
 * time: 853.9053530693054
    11     1.098148e+02     4.659930e+01
 * time: 1020.894453048706
    12     1.098148e+02     4.659930e+01
 * time: 1156.9239900112152
    13     1.098148e+02     4.659930e+01
 * time: 1317.235855102539
    14     1.098148e+02     4.659930e+01
 * time: 1471.0446190834045
    15     1.098148e+02     4.659930e+01
 * time: 1619.2650430202484
    16     1.098148e+02     4.659930e+01
 * time: 1759.4651460647583
    17     1.098148e+02     4.659930e+01
 * time: 1920.9576570987701
    18     1.098148e+02     4.659930e+01
 * time: 2069.273859977722
    19     1.098148e+02     4.659930e+01
 * time: 2205.219531059265
    20     1.098148e+02     4.659930e+01
 * time: 2379.295496940613
    21     1.098148e+02     4.659930e+01
 * time: 2550.6612589359283
    22     1.098148e+02     4.659930e+01
 * time: 2685.771460056305
    23     1.098148e+02     4.659930e+01
 * time: 2829.5765919685364
    24     1.098148e+02     4.659930e+01
 * time: 2967.1772940158844
    25     1.098148e+02     4.659930e+01
 * time: 3109.86390709877
    26     1.098148e+02     4.659930e+01
 * time: 3265.5393540859222
    27     1.098148e+02     4.659930e+01
 * time: 3395.688858985901
    28     1.098148e+02     4.659930e+01
 * time: 3400.232475042343
    29     1.098148e+02     4.659930e+01
 * time: 3406.999680042267
    30     1.098148e+02     4.659930e+01
 * time: 3416.0411059856415
    31     1.098148e+02     4.659930e+01
 * time: 3540.1406710147858
    32     1.098148e+02     4.659930e+01
 * time: 3693.502843141556
    33     1.098148e+02     4.659930e+01
 * time: 3851.7075250148773
    34     1.098148e+02     4.659930e+01
 * time: 4003.312439918518
    35     1.098148e+02     4.659930e+01
 * time: 4150.913933038712
    36     1.098148e+02     4.659930e+01
 * time: 4327.218394994736
    37     1.098148e+02     4.659930e+01
 * time: 4494.90274310112
    38     1.098148e+02     4.659930e+01
 * time: 4613.706924915314
    39     1.098148e+02     4.659930e+01
 * time: 4622.657077074051
    40     1.098148e+02     4.659930e+01
 * time: 4633.80984210968
    41     1.098148e+02     4.659930e+01
 * time: 4775.3699769973755
    42     1.098148e+02     4.659930e+01
 * time: 4930.200832128525
    43     1.098148e+02     4.659930e+01
 * time: 5107.977364063263
    44     1.098148e+02     4.659930e+01
 * time: 5250.808833122253
    45     1.098148e+02     4.659930e+01
 * time: 5399.484242916107
    46     1.098148e+02     4.659930e+01
 * time: 5530.018589019775
    47     1.098148e+02     4.659930e+01
 * time: 5536.816446065903
    48     1.098148e+02     4.659930e+01
 * time: 5543.622090101242
    49     1.098148e+02     4.659930e+01
 * time: 5550.491688966751
    50     1.098148e+02     4.659930e+01
 * time: 5717.9005970954895
    51     1.098148e+02     4.659930e+01
 * time: 5871.8218331336975
    52     1.098148e+02     4.659930e+01
 * time: 6034.687224149704
    53     1.098148e+02     4.659930e+01
 * time: 6207.839564085007
    54     1.098148e+02     4.659930e+01
 * time: 6360.017283916473
    55     1.098148e+02     4.659930e+01
 * time: 6512.672915935516
    56     1.098148e+02     4.659930e+01
 * time: 6649.860640048981
    57     1.098148e+02     4.659930e+01
 * time: 6654.4604070186615
    58     1.098148e+02     4.659930e+01
 * time: 6661.352612018585
    59     1.098148e+02     4.659930e+01
 * time: 6805.724929094315
    60     1.098148e+02     4.659930e+01
 * time: 6952.027019023895

Exiting inner optimizer with x = [7.740335211476434, 0.039999999999999966, 3.4999999999999143, 0.8310642637854406, 0.9999999999999877, 0.9775812315315028, 0.8931700288111524, 0.9999999999999949, 0.8499099633913844, 0.9999999999999954, 0.8499099633913844, 0.9999999999999999]
Current distance to box: 3.46945e-17
Decreasing barrier term μ.

6-element Vector{Any}:
    "Err2f8="
 109.81476181208696
    "par2f8="
    [7542.62462248916, 3.4999999999999143, 1.605375275205752, 7.740335211476434, 0.0, 0.03658959949393572, 0.8310642637854406, 0.25088774743033504, 0.1375531965076037, 0.0560295261424954, 0.9179720534039433, 0.044242996045119866, 0.039999999999999966, 0.003473250106648919, 0.0]
    "order2f8="
    [0.9999999999999877, 0.9775812315315028, 0.8931700288111524, 0.9999999999999949, 0.8499099633913844, 0.9999999999999954, 0.8499099633913844, 0.9999999999999999]
76×2 Matrix{Float64}:
   5.0                    0.0
   4.716390613675871      0.1983419007899938
   5.0444674150825115     0.3887900532100489
   5.916525777815133      0.6007790143093674
   7.351801782470699      0.8581208578070547
   9.420231199085837      1.1846272284841493
  12.250071380904851      1.6074904473615308
  16.033113738870664      2.1600742815485345
  21.031693447702416      2.8846485512419022
  27.588391100227504      3.835355332879287
  36.137196244715426      5.081556726374683
  47.213353458990184      6.711587585314134
  61.4572908815738        8.836774389756293
  79.60565702452703      11.595346845072331
 102.45986277007079      15.15553772843635
 130.820776469316        19.716747937707478
 165.3796479342796       25.50722724328376
 206.56325791791593      32.776481702490095
 254.34850329446465      41.780888829759526
 308.08679425544665      52.7621394212414
 366.4018994782037       65.92026035527398
 427.227849440815        81.38564246769204
 488.0199041906692       99.196498600343
 546.105772386239       119.2880552978717
 599.0795246685893      141.49691982510566
 645.1192649684747      165.57949779633003
 683.14681338538        191.23929666534642
 712.8172848183832      218.15630788851905
 734.3852480634023      246.01269816559875
 748.5165214182439      274.51160270099206
 756.1039260934674      303.3884102574051
 758.1200597530592      332.41565128644703
 755.5167709002509      361.403297254845
 749.1665793923546      390.1962479480142
 739.8355100726997      418.6704051826395
 728.1765138327395      446.72828167263657
 714.7347874670601      474.29471112725764
 699.9589463809584      501.31295082987714
 684.2142693829165      527.7412924550297
 667.795877934197       553.5501957718329
 650.9407839714073      578.7199080925263
 633.8383833499072      603.2385104291329
 616.6393274118876      627.1003261163429
 599.4628824883898      650.3046309142761
 582.4029610798681      672.854610530274
 565.5330263242339      694.7565194853498
 548.9100613528913      716.0190029893189
 532.5777732035006      736.6525504040962
 516.5691756241041      756.6690547848111
 500.908670585224       776.0814579061698
 485.61372644608315     794.9034642061034
 470.6962320684073      813.1493103382958
 456.16359068502493     830.8335796481934
 442.01960468763383     847.9710529899548
 428.2651922851013      864.5765889843788
 414.8989687884186      880.665028163191
 401.9177187280338      896.2511165209941
 389.31677978549635     911.3494448573035
 377.09035535830856     925.9744009811575
 365.2317692608766      940.1401324046057
 353.73367341901104     953.8605175966441
 342.58821730624044     967.1491442278091
 331.7871861822471      980.0192931250965
 321.32211384441774     992.4839268909616
 311.18437452066337    1004.555682329874
 301.3652576618471     1016.2468659799508
 291.8560286925799     1027.5694521725893
 282.64797821398486    1038.5350831452529
 273.73246169669335    1049.1550708161471
 265.10093133238587    1059.4403998979333
 256.74496141262523    1069.401732083799
 248.65626836043177    1079.0494110853604
 240.8267263408266     1088.3934683399095
 233.24837921550312    1097.4436292359285
 225.91344947328304    1106.2093197317326
 218.81434465981627    1114.6996732636296