"Results for M2:"
Fminbox
-------
Initial mu = 0.0349975

Fminbox iteration 1
-------------------
Calling inner optimizer with mu = 0.0349975

(numbers below include barrier contribution)
Iter     Function value   Gradient norm 
     0     1.976327e+02     4.756372e+03
 * time: 0.01779794692993164
     1     1.384077e+02     7.413837e+02
 * time: 3.8328750133514404
     2     1.224156e+02     8.944147e+02
 * time: 8.265176057815552
     3     1.167786e+02     3.730550e+00
 * time: 10.021903038024902
     4     1.167586e+02     1.745721e+01
 * time: 11.802451133728027
     5     1.167520e+02     8.897177e+00
 * time: 14.463973999023438
     6     1.167509e+02     3.007221e-01
 * time: 17.1648211479187
     7     1.167508e+02     1.314674e+00
 * time: 19.821359157562256
     8     1.167505e+02     6.698761e-01
 * time: 24.222028970718384
     9     1.167505e+02     2.418757e-01
 * time: 26.88613796234131
    10     1.167505e+02     5.167668e-01
 * time: 29.555647134780884
    11     1.167505e+02     6.721917e-01
 * time: 33.105215072631836
    12     1.167504e+02     1.951447e-02
 * time: 35.78700494766235
    13     1.167504e+02     6.175130e-05
 * time: 38.48005199432373
    14     1.167504e+02     2.491635e-06
 * time: 41.20158100128174
    15     1.167504e+02     2.877621e-07
 * time: 43.86873412132263
    16     1.167504e+02     4.104841e-08
 * time: 45.63375401496887

Exiting inner optimizer with x = [6.669840714461498, 0.02855271748109454, 3.116078651003938, 0.795147256256453]
Current distance to box: 0.0114473
Decreasing barrier term μ.

Fminbox iteration 2
-------------------
Calling inner optimizer with mu = 3.49975e-5

(numbers below include barrier contribution)
Iter     Function value   Gradient norm 
     0     1.164389e+02     1.831251e+00
 * time: 1.4066696166992188e-5
     1     1.164389e+02     1.966861e-01
 * time: 1.7957370281219482
     2     1.164388e+02     1.412458e-01
 * time: 3.629323959350586
     3     1.164327e+02     6.107471e+00
 * time: 7.331523180007935
     4     1.164313e+02     8.268064e+00
 * time: 9.121819972991943
     5     1.164286e+02     7.003401e+00
 * time: 11.829231023788452
     6     1.164267e+02     9.206260e+00
 * time: 14.536458015441895
     7     1.164251e+02     4.042541e+00
 * time: 17.216202974319458
     8     1.164246e+02     8.860169e-01
 * time: 19.00582218170166
     9     1.164242e+02     1.903588e+00
 * time: 21.69680094718933
    10     1.164186e+02     6.852028e+00
 * time: 25.211915969848633
    11     1.164124e+02     1.138732e+01
 * time: 26.98170304298401
    12     1.164120e+02     1.125278e+01
 * time: 30.59242010116577
    13     1.164062e+02     4.214010e-01
 * time: 35.00064015388489
    14     1.164063e+02     1.162144e+00
 * time: 40.29533410072327
    15     1.164062e+02     2.274154e-01
 * time: 42.95427203178406
    16     1.164062e+02     4.223470e-01
 * time: 45.60135507583618
    17     1.164061e+02     4.122546e-01
 * time: 48.27120614051819
    18     1.164061e+02     1.123680e-01
 * time: 50.04102897644043
    19     1.164061e+02     1.744727e-02
 * time: 51.79349613189697
    20     1.164061e+02     1.409347e-02
 * time: 53.5947949886322
    21     1.164061e+02     1.081104e-03
 * time: 55.35672402381897
    22     1.164061e+02     2.882573e-04
 * time: 57.13302206993103
    23     1.164061e+02     1.411125e-06
 * time: 58.93071794509888
    24     1.164061e+02     2.068670e-08
 * time: 60.68615102767944
    25     1.164061e+02     7.765933e-09
 * time: 62.415584087371826

Exiting inner optimizer with x = [7.997998219529075, 0.019714056483983184, 3.1297192098391307, 0.8759030422813016]
Current distance to box: 0.00200178
Decreasing barrier term μ.

Fminbox iteration 3
-------------------
Calling inner optimizer with mu = 3.49975e-8

(numbers below include barrier contribution)
Iter     Function value   Gradient norm 
     0     1.164056e+02     1.747725e-02
 * time: 1.1920928955078125e-5
     1     1.164055e+02     2.585017e-01
 * time: 6.182392120361328
     2     1.164055e+02     2.578652e-01
 * time: 8.827584981918335
     3     1.164055e+02     1.656307e-01
 * time: 10.55637812614441
     4     1.164055e+02     8.683143e-03
 * time: 12.317116022109985
     5     1.164055e+02     6.825062e-04
 * time: 14.967626094818115
     6     1.164055e+02     6.616223e-05
 * time: 16.727275133132935
     7     1.164055e+02     6.121007e-07
 * time: 18.524142026901245
     8     1.164055e+02     6.601830e-08
 * time: 21.105427980422974
     9     1.164055e+02     8.386804e-09
 * time: 23.766096115112305

Exiting inner optimizer with x = [7.999997998895344, 0.019687623768763707, 3.129960527043673, 0.8760559359998397]
Current distance to box: 2.0011e-6
Decreasing barrier term μ.

Fminbox iteration 4
-------------------
Calling inner optimizer with mu = 3.49975e-11

(numbers below include barrier contribution)
Iter     Function value   Gradient norm 
     0     1.164055e+02     1.748910e-02
 * time: 1.0013580322265625e-5
     1     1.164055e+02     3.306764e-04
 * time: 6.187344074249268
     2     1.164055e+02     8.737629e-05
 * time: 7.909962892532349
     3     1.164055e+02     1.474212e-03
 * time: 9.664264917373657
     4     1.164055e+02     9.212965e-04
 * time: 12.339347839355469
     5     1.164055e+02     4.340141e-05
 * time: 14.990489959716797
     6     1.164055e+02     2.011834e-07
 * time: 16.759877920150757
     7     1.164055e+02     1.625170e-07
 * time: 19.40949296951294
     8     1.164055e+02     1.546078e-07
 * time: 22.92952799797058
     9     1.164055e+02     2.415678e-07
 * time: 25.656494855880737
    10     1.164055e+02     5.442892e-07
 * time: 27.463470935821533
    11     1.164055e+02     4.736344e-08
 * time: 30.130995988845825
    12     1.164055e+02     2.320872e-07
 * time: 31.883044004440308
    13     1.164055e+02     2.322339e-07
 * time: 38.085824966430664
    14     1.164055e+02     1.777489e-07
 * time: 43.34085488319397
    15     1.164055e+02     1.484206e-07
 * time: 45.07872200012207
    16     1.164055e+02     1.484206e-07
 * time: 47.73991394042969

Exiting inner optimizer with x = [7.999999997998878, 0.019687597179891277, 3.12996077117126, 0.8760560896249793]
Current distance to box: 2.00112e-9
Decreasing barrier term μ.

4-element Vector{Any}:
    "Err2f8="
 116.40553143270077
    "par2f8="
    [7542.62462248916, 3.12996077117126, 1.605375275205752, 7.999999997998878, 0.0, 0.03658959949393572, 0.8760560896249793, 0.25088774743033504, 0.1375531965076037, 0.0560295261424954, 0.9179720534039433, 0.044242996045119866, 0.019687597179891277, 0.003473250106648919, 0.0]
76×2 Matrix{Float64}:
   5.0                   0.0
   4.704333554636062     0.18081374291897717
   4.906337738583784     0.35142900106011055
   5.666992579588915     0.5389367178236986
   7.003929006313838     0.7664448532532547
   8.966958712616357     1.0564608843521923
  11.660510862248277     1.433815614901327
  15.251377567333982     1.9282725620424919
  19.97501425927625      2.577076630960717
  26.144157936057905     3.42766973880982
  34.159883596792014     4.540738291392812
  44.52344658901558      5.993677183553195
  57.84573455771579      7.884445979486736
  74.84922350965638     10.335631633144226
  96.35486930919683     13.49829258813424
 123.24379104040118     17.554825638521585
 156.38217037322528     22.71968721242049
 196.49986750670215     29.23640207296965
 244.022065761861       37.36910045609158
 298.8712675386278      47.38714756028753
 360.28237032230567     59.54259234343297
 426.6963419328732      74.04226248473485
 495.8003817126216      91.01891349515905
 564.7489510109494     110.5077775866167
 630.5347400035376     132.4348030593185
 690.4128275128882     156.6202209194366
 742.2558775492803     182.79670577754564
 784.7503871996463     210.6373413600303
 817.4118708985899     239.78668191533637
 840.459191732599      269.88886973397325
 854.6171031624077     300.6090959257439
 860.9106664896407     331.6472851329828
 860.4918421823838     362.7447765099649
 854.5140180389648     393.68568952498737
 844.0533020961535     424.29480564620553
 830.0672531955055     454.43351298159354
 813.3798447775597     483.9949363491205
 794.682837212358      512.8989749434173
 774.546204435922      541.0876590636234
 753.4326683215077     568.5210237638072
 731.7132979754448     595.1735637058008
 709.6824700684231     621.031257343848
 687.5713537367151     646.0891100518429
 665.5596078935363     670.3491502182163
 643.7852736329055     693.8188097641215
 622.3529950072249     716.5096247287315
 601.3407661167909     738.4361987719413
 580.8054186981719     759.6153805550244
 560.78705530503       780.0656138568803
 541.3126123397591     799.8064264386478
 522.3987122903454     818.8580298858453
 504.05393964338043    837.2410079157967
 486.2806520718027     854.9760750075965
 469.0764184384281     872.0838907975509
 452.43515807577387    888.5849185993713
 436.34804153731454    904.499318764919
 420.8042012602296     919.8468694961912
 405.7912909852828     934.6469092374045
 391.29592500292915    948.9182959889007
 377.30402202402547    962.6793798514886
 363.80107343660274    975.9479858792923
 350.77235167619676    988.7414049306935
 338.20307121386196   1001.076390692378
 326.0785120948216    1012.9691614365439
 314.38411391265197   1024.4354053764228
 303.10554647427324   1035.4902887269507
 292.22876211547776   1046.1484657686683
 281.740033597498     1056.4240903642708
 271.62598069791943   1066.3308284968273
 261.8735879606983    1075.8818714932493
 252.4702155555517    1085.0899496712177
 243.40360478896008   1093.9673462067394
 234.6618794855494    1102.525911065937
 226.2335442022076    1110.7770748813311
 218.10748003412422   1118.731862681691
 210.27293861098397   1126.4009074072098