"Results for FM1:"
┌ Warning: Initial position cannot be on the boundary of the box. Moving elements to the interior.
│ Element indices affected: [5, 6, 7, 8, 9, 10, 11, 12]
└ @ Optim ~/.julia/packages/Optim/EJwLF/src/multivariate/solvers/constrained/fminbox.jl:314
Fminbox
-------
Initial mu = 0.00116943

Fminbox iteration 1
-------------------
Calling inner optimizer with mu = 0.00116943

(numbers below include barrier contribution)
Iter     Function value   Gradient norm 
     0     2.277832e+02     2.021969e+03
 * time: 0.017113924026489258
     1     2.262701e+02     3.379536e+02
 * time: 8.754760980606079
     2     2.123621e+02     3.408609e+02
 * time: 21.52844500541687
     3     2.123536e+02     5.274586e+02
 * time: 29.40035104751587
     4     2.031303e+02     6.475755e+03
 * time: 58.042519092559814
     5     1.910663e+02     1.027560e+03
 * time: 67.9110951423645
     6     1.830048e+02     7.679712e+03
 * time: 90.92119908332825
     7     1.635626e+02     7.962536e+03
 * time: 97.44504499435425
     8     1.453579e+02     5.989413e+03
 * time: 107.26550006866455
     9     1.444145e+02     5.949927e+03
 * time: 130.19560408592224
    10     1.311101e+02     6.068138e+03
 * time: 159.34576201438904
    11     1.124157e+02     1.281370e+03
 * time: 185.17133808135986
    12     1.124156e+02     1.282896e+03
 * time: 211.13218593597412
    13     1.097989e+02     1.083570e+03
 * time: 220.7936110496521
    14     1.083222e+02     1.627007e+03
 * time: 240.3836760520935
    15     1.083215e+02     1.624528e+03
 * time: 250.17731499671936
    16     1.081221e+02     1.560299e+03
 * time: 276.63107991218567
    17     1.080570e+02     2.267803e+03
 * time: 296.3319981098175
    18     1.080548e+02     1.447170e+03
 * time: 309.4539301395416
    19     1.080353e+02     1.437237e+03
 * time: 319.26817297935486
    20     1.078856e+02     1.210998e+03
 * time: 338.9219479560852
    21     1.078457e+02     1.167678e+03
 * time: 361.94885301589966
    22     1.078447e+02     1.162819e+03
 * time: 371.6549460887909
    23     1.077577e+02     8.400152e+02
 * time: 384.6612739562988
    24     1.076729e+02     1.591980e+03
 * time: 404.11401200294495
    25     1.076431e+02     8.965590e+02
 * time: 413.83073711395264
    26     1.076416e+02     6.560938e+02
 * time: 423.56101393699646
    27     1.076289e+02     4.710723e+02
 * time: 430.0870130062103
    28     1.076169e+02     5.968265e+02
 * time: 446.45137310028076
    29     1.076112e+02     4.494519e+02
 * time: 459.57695412635803
    30     1.076091e+02     4.666729e+02
 * time: 466.19984912872314
    31     1.076081e+02     4.544614e+02
 * time: 476.14074206352234
    32     1.076037e+02     4.195230e+02
 * time: 486.0698549747467
    33     1.076033e+02     4.154349e+02
 * time: 492.5997989177704
    34     1.075990e+02     3.800395e+02
 * time: 499.25312209129333
    35     1.075975e+02     3.827098e+02
 * time: 509.1358070373535
    36     1.075969e+02     3.288243e+02
 * time: 515.7570631504059
    37     1.075914e+02     3.193418e+02
 * time: 525.6598930358887
    38     1.075858e+02     3.250528e+02
 * time: 542.0666990280151
    39     1.075848e+02     3.072246e+02
 * time: 548.7255859375
    40     1.075843e+02     3.001894e+02
 * time: 555.2577679157257
    41     1.075843e+02     2.982390e+02
 * time: 561.8825161457062
    42     1.075843e+02     2.941117e+02
 * time: 568.3678839206696
    43     1.075842e+02     2.924330e+02
 * time: 574.8932459354401
    44     1.075839e+02     2.857931e+02
 * time: 584.590626001358
    45     1.075787e+02     4.188434e+02
 * time: 594.1856570243835
    46     1.075786e+02     3.729162e+02
 * time: 603.9062240123749
    47     1.075766e+02     1.796584e+02
 * time: 610.3123910427094
    48     1.075734e+02     5.660381e+01
 * time: 620.0308980941772
    49     1.075734e+02     5.633421e+01
 * time: 626.4320709705353
    50     1.075730e+02     5.993031e+01
 * time: 632.8538110256195
    51     1.075730e+02     6.359799e+01
 * time: 639.3529191017151
    52     1.075728e+02     5.571437e+01
 * time: 645.7739391326904
    53     1.075728e+02     6.313276e+01
 * time: 652.2938389778137
    54     1.075727e+02     5.764749e+01
 * time: 658.7580881118774
    55     1.075726e+02     5.302089e+01
 * time: 665.3250501155853
    56     1.075721e+02     1.206796e+02
 * time: 675.140939950943
    57     1.075719e+02     8.335582e+01
 * time: 681.6939580440521
    58     1.075718e+02     4.846649e+01
 * time: 691.4677710533142
    59     1.075715e+02     1.621451e+01
 * time: 698.0310020446777
    60     1.075715e+02     1.698161e+01
 * time: 704.6013340950012

Exiting inner optimizer with x = [4.999799908755647, 0.006122515237435795, 3.499846545097911, 0.5999742111739389, 0.9034968857261068, 0.9999917188547626, 0.99997817911816, 0.8660649236888601, 0.9999616974199925, 0.9995481612355025, 0.8660649236888601, 0.899804959820349]
Current distance to box: 8.28115e-6
Decreasing barrier term μ.

Fminbox iteration 2
-------------------
Calling inner optimizer with mu = 1.16943e-6

(numbers below include barrier contribution)
Iter     Function value   Gradient norm 
     0     1.074610e+02     1.242300e+02
 * time: 1.5974044799804688e-5
     1     1.074610e+02     1.243000e+02
 * time: 6.71750807762146
     2     1.074551e+02     7.820465e+01
 * time: 26.90117311477661
     3     1.074551e+02     7.819307e+01
 * time: 36.88775110244751
     4     1.074540e+02     6.574187e+01
 * time: 60.0001060962677
     5     1.074538e+02     5.832460e+01
 * time: 76.52031397819519
     6     1.074537e+02     5.385911e+01
 * time: 92.98411917686462
     7     1.074537e+02     7.358275e+01
 * time: 102.98637509346008
     8     1.074537e+02     5.142050e+01
 * time: 112.94375109672546
     9     1.074536e+02     3.871520e+01
 * time: 126.13011813163757
    10     1.074536e+02     5.418246e+00
 * time: 139.30060696601868
    11     1.074536e+02     4.727188e+01
 * time: 152.62169098854065
    12     1.074536e+02     4.695502e+01
 * time: 159.23574805259705
    13     1.074536e+02     4.272136e+01
 * time: 165.81943607330322
    14     1.074536e+02     4.953111e+01
 * time: 178.9262011051178
    15     1.074536e+02     4.619655e+01
 * time: 185.46673703193665
    16     1.074536e+02     4.570444e+01
 * time: 195.3875560760498
    17     1.074536e+02     4.045125e+01
 * time: 205.27405405044556
    18     1.074536e+02     3.651563e+01
 * time: 211.8321249485016
    19     1.074536e+02     3.522754e+01
 * time: 218.70898699760437
    20     1.074536e+02     3.625550e+01
 * time: 225.25053215026855
    21     1.074536e+02     2.164631e+01
 * time: 232.03531217575073
    22     1.074536e+02     1.858437e+01
 * time: 242.38037610054016
    23     1.074536e+02     1.775863e+01
 * time: 249.0863139629364
    24     1.074536e+02     1.759497e+01
 * time: 255.8257601261139
    25     1.074536e+02     1.634799e+01
 * time: 265.8482301235199
    26     1.074536e+02     1.408249e+01
 * time: 275.9457051753998
    27     1.074536e+02     1.094911e+01
 * time: 282.8617949485779
    28     1.074536e+02     9.882267e+00
 * time: 289.5430819988251
    29     1.074536e+02     7.159004e+00
 * time: 299.55821800231934
    30     1.074536e+02     6.422919e+00
 * time: 306.2636251449585
    31     1.074536e+02     6.391258e+00
 * time: 312.91228699684143
    32     1.074536e+02     3.575630e+00
 * time: 322.7864079475403
    33     1.074536e+02     3.304900e+00
 * time: 329.44703102111816
    34     1.074536e+02     3.212654e+00
 * time: 336.0047960281372
    35     1.074536e+02     3.251668e+00
 * time: 342.65823698043823
    36     1.074536e+02     3.087415e+00
 * time: 349.2153420448303
    37     1.074536e+02     2.455030e+00
 * time: 355.8865849971771
    38     1.074536e+02     1.805046e+00
 * time: 362.59361600875854
    39     1.074536e+02     1.575460e+00
 * time: 372.73166608810425
    40     1.074536e+02     8.328484e-01
 * time: 379.50406098365784
    41     1.074536e+02     1.181703e+00
 * time: 386.1284611225128
    42     1.074536e+02     1.175766e+00
 * time: 392.9380030632019
    43     1.074536e+02     6.404177e-01
 * time: 399.7744700908661
    44     1.074536e+02     7.414318e-01
 * time: 406.5400700569153
    45     1.074536e+02     7.372582e-01
 * time: 413.2002170085907
    46     1.074536e+02     7.277245e-01
 * time: 420.1145930290222
    47     1.074536e+02     7.204992e-01
 * time: 426.7858591079712
    48     1.074536e+02     7.217330e-01
 * time: 433.46975803375244
    49     1.074536e+02     6.312543e-01
 * time: 440.03387212753296
    50     1.074536e+02     2.597234e-01
 * time: 446.69042801856995
    51     1.074536e+02     4.395614e-02
 * time: 453.3006830215454
    52     1.074536e+02     4.753232e-02
 * time: 459.9134449958801
    53     1.074536e+02     2.952795e-02
 * time: 466.5926401615143
    54     1.074536e+02     2.726067e-02
 * time: 473.20279908180237
    55     1.074536e+02     6.847511e-02
 * time: 479.8338119983673
    56     1.074536e+02     6.841889e-02
 * time: 486.69129610061646
    57     1.074536e+02     6.814750e-02
 * time: 493.47405314445496
    58     1.074536e+02     6.760438e-02
 * time: 500.33435797691345
    59     1.074536e+02     6.959157e-02
 * time: 507.0340371131897
    60     1.074536e+02     4.639374e-02
 * time: 513.765655040741

Exiting inner optimizer with x = [4.999999717027837, 0.0061205355054303546, 3.4999998403262156, 0.5999999648916868, 0.9034906913164259, 0.9999999812086365, 0.9999999569219787, 0.8498970362230375, 0.9999999100508898, 0.9999993700466338, 0.8498970362230375, 0.8998010103192146]
Current distance to box: 1.87914e-8
Decreasing barrier term μ.

Fminbox iteration 3
-------------------
Calling inner optimizer with mu = 1.16943e-9

(numbers below include barrier contribution)
Iter     Function value   Gradient norm 
     0     1.074534e+02     6.227852e+01
 * time: 9.059906005859375e-6
     1     1.074534e+02     1.551367e+01
 * time: 40.713778018951416
     2     1.074534e+02     2.831235e+01
 * time: 47.41928291320801
     3     1.074534e+02     2.266831e+01
 * time: 54.313657999038696
     4     1.074534e+02     1.577685e+01
 * time: 60.977771043777466
     5     1.074534e+02     6.751172e+00
 * time: 71.01877188682556
     6     1.074534e+02     6.631379e+00
 * time: 77.64099597930908
     7     1.074534e+02     2.278751e+00
 * time: 84.36157202720642
     8     1.074534e+02     8.913576e-01
 * time: 91.04536986351013
     9     1.074534e+02     1.063852e-01
 * time: 97.78523588180542
    10     1.074534e+02     2.262469e-02
 * time: 104.54996705055237
    11     1.074534e+02     6.516153e-03
 * time: 111.25019001960754
    12     1.074534e+02     1.169413e-03
 * time: 118.07525205612183
    13     1.074534e+02     8.035936e-04
 * time: 134.9364790916443
    14     1.074534e+02     1.122016e-03
 * time: 141.63825607299805
    15     1.074534e+02     1.122017e-03
 * time: 148.3408739566803
    16     1.074534e+02     1.742261e-03
 * time: 155.2039520740509
    17     1.074534e+02     1.901617e-03
 * time: 161.8721969127655
    18     1.074534e+02     1.901630e-03
 * time: 168.58958101272583
    19     1.074534e+02     2.268069e-03
 * time: 175.31513500213623
    20     1.074534e+02     2.633912e-03
 * time: 181.96526789665222
    21     1.074534e+02     2.052204e-03
 * time: 188.65102291107178
    22     1.074534e+02     1.169744e-03
 * time: 195.3071870803833
    23     1.074534e+02     8.037532e-04
 * time: 201.93418192863464
    24     1.074534e+02     8.037732e-04
 * time: 208.70591497421265
    25     1.074534e+02     8.037802e-04
 * time: 215.45925903320312
    26     1.074534e+02     8.037708e-04
 * time: 235.72982692718506
    27     1.074534e+02     8.037767e-04
 * time: 242.54929995536804
    28     1.074534e+02     2.268123e-03
 * time: 249.32020092010498
    29     1.074534e+02     2.633956e-03
 * time: 256.078027009964
    30     1.074534e+02     2.633944e-03
 * time: 262.86409306526184
    31     1.074534e+02     3.366735e-03
 * time: 269.3642768859863
    32     1.074534e+02     8.037697e-04
 * time: 275.5622959136963
    33     1.074534e+02     8.037685e-04
 * time: 281.92639088630676
    34     1.074534e+02     8.037708e-04
 * time: 288.2396619319916
    35     1.074534e+02     8.037626e-04
 * time: 294.3870050907135
    36     1.074534e+02     8.037650e-04
 * time: 300.5285680294037
    37     1.074534e+02     8.037697e-04
 * time: 306.6770040988922
    38     1.074534e+02     8.037708e-04
 * time: 312.3426420688629
    39     1.074534e+02     4.381596e-04
 * time: 317.8772768974304
    40     1.074534e+02     4.381584e-04
 * time: 328.8058159351349
    41     1.074534e+02     4.381619e-04
 * time: 334.1920189857483
    42     1.074534e+02     4.381596e-04
 * time: 339.61089992523193
    43     1.074534e+02     6.594077e-04
 * time: 345.13073205947876
    44     1.074534e+02     2.579466e-03
 * time: 350.56293296813965
    45     1.074534e+02     2.633975e-03
 * time: 356.06251788139343
    46     1.074534e+02     2.633978e-03
 * time: 361.5392189025879
    47     1.074534e+02     2.633979e-03
 * time: 367.1681230068207
    48     1.074534e+02     2.633986e-03
 * time: 379.3185410499573
    49     1.074534e+02     2.633983e-03
 * time: 385.8011689186096
    50     1.074534e+02     2.579469e-03
 * time: 398.5385410785675
    51     1.074534e+02     2.579462e-03
 * time: 410.8460659980774
    52     1.074534e+02     2.579468e-03
 * time: 420.26795506477356
    53     1.074534e+02     2.579464e-03
 * time: 426.6526610851288
    54     1.074534e+02     2.579467e-03
 * time: 432.9895029067993
    55     1.074534e+02     5.757743e-04
 * time: 439.0546579360962
    56     1.074534e+02     5.757732e-04
 * time: 444.9801959991455
    57     1.074534e+02     5.757732e-04
 * time: 450.5090138912201
    58     1.074534e+02     5.757779e-04
 * time: 456.02898597717285
    59     1.074534e+02     5.757755e-04
 * time: 461.56320905685425
    60     1.074534e+02     2.273672e-01
 * time: 469.87210988998413

Exiting inner optimizer with x = [4.9999999997170566, 0.006120535185125942, 3.4999999998404703, 0.599999999964864, 0.9034907149525048, 0.9999999999812186, 0.9999999999569543, 0.8500004121687902, 0.9999999999086691, 0.9999999993047484, 0.8500004121687902, 0.8998009877248669]
Current distance to box: 1.87814e-11
Decreasing barrier term μ.

Fminbox iteration 4
-------------------
Calling inner optimizer with mu = 1.16943e-12

(numbers below include barrier contribution)
Iter     Function value   Gradient norm 
     0     1.074534e+02     6.208605e+01
 * time: 7.867813110351562e-6
     1     1.074534e+02     4.903350e+01
 * time: 32.91834092140198
     2     1.074534e+02     4.901730e+01
 * time: 38.717092990875244
     3     1.074534e+02     7.639106e+01
 * time: 48.19366788864136
     4     1.074534e+02     1.171447e+02
 * time: 54.61091184616089
     5     1.074534e+02     9.833533e+01
 * time: 73.3310329914093
     6     1.074534e+02     9.357633e+01
 * time: 79.45239281654358
     7     1.074534e+02     6.698634e+01
 * time: 88.98196482658386
     8     1.074534e+02     4.355469e+01
 * time: 95.32585787773132
     9     1.074534e+02     4.084747e+01
 * time: 101.48416304588318
    10     1.074534e+02     2.486440e+01
 * time: 107.5045518875122
    11     1.074534e+02     1.369307e+01
 * time: 115.81740593910217
    12     1.074534e+02     4.210811e+00
 * time: 121.36181402206421
    13     1.074534e+02     4.210810e+00
 * time: 126.9133460521698
    14     1.074534e+02     4.210809e+00
 * time: 132.3285620212555
    15     1.074534e+02     4.210809e+00
 * time: 137.8035728931427
    16     1.074534e+02     4.210809e+00
 * time: 143.28654384613037
    17     1.074534e+02     1.311184e+00
 * time: 148.84925293922424
    18     1.074534e+02     1.549889e+00
 * time: 154.40071201324463
    19     1.074534e+02     1.199969e+00
 * time: 159.96704483032227
    20     1.074534e+02     6.184197e-01
 * time: 165.48551893234253
    21     1.074534e+02     4.878541e-01
 * time: 171.43998003005981
    22     1.074534e+02     2.411174e-01
 * time: 177.9055528640747
    23     1.074534e+02     2.411175e-01
 * time: 190.89730787277222
    24     1.074534e+02     2.411175e-01
 * time: 197.69029092788696
    25     1.074534e+02     2.411175e-01
 * time: 204.6100459098816
    26     1.074534e+02     2.411176e-01
 * time: 211.35028195381165
    27     1.074534e+02     2.411176e-01
 * time: 221.6315598487854
    28     1.074534e+02     2.411176e-01
 * time: 228.5183289051056
    29     1.074534e+02     2.411176e-01
 * time: 242.14778089523315
    30     1.074534e+02     2.411176e-01
 * time: 255.76957893371582
    31     1.074534e+02     2.411176e-01
 * time: 272.51209783554077
    32     1.074534e+02     1.255116e-01
 * time: 279.32828283309937
    33     1.074534e+02     1.255116e-01
 * time: 286.16562485694885
    34     1.074534e+02     1.255116e-01
 * time: 292.89057183265686
    35     1.074534e+02     1.255116e-01
 * time: 299.75191497802734
    36     1.074534e+02     1.255116e-01
 * time: 306.5412540435791
    37     1.074534e+02     1.255116e-01
 * time: 313.4379918575287
    38     1.074534e+02     1.255116e-01
 * time: 354.56201004981995
    39     1.074534e+02     1.255116e-01
 * time: 398.67049193382263
    40     1.074534e+02     1.255116e-01
 * time: 405.41997504234314
    41     1.074534e+02     1.843238e+00
 * time: 412.1475749015808
    42     1.074534e+02     7.709327e+00
 * time: 418.88481998443604
    43     1.074534e+02     5.371060e+00
 * time: 425.66663002967834
    44     1.074534e+02     5.272251e+00
 * time: 432.5312068462372
    45     1.074534e+02     5.272251e+00
 * time: 439.38171792030334
    46     1.074534e+02     5.272251e+00
 * time: 446.3076150417328
    47     1.074534e+02     5.174044e+00
 * time: 453.2818670272827
    48     1.074534e+02     5.076434e+00
 * time: 460.0056698322296
    49     1.074534e+02     5.076433e+00
 * time: 466.987429857254
    50     1.074534e+02     3.680389e+00
 * time: 473.69329285621643
    51     1.074534e+02     1.074437e+00
 * time: 480.69202399253845
    52     1.074534e+02     4.908107e-01
 * time: 487.4282228946686
    53     1.074534e+02     1.255108e-01
 * time: 494.24127197265625
    54     1.074534e+02     3.221816e-01
 * time: 501.13787603378296
    55     1.074534e+02     3.221816e-01
 * time: 511.372309923172
    56     1.074534e+02     3.221816e-01
 * time: 521.4879720211029

Exiting inner optimizer with x = [4.999999999999714, 0.006120534945639344, 3.4999999999998392, 0.5999999999999652, 0.9034907148048318, 0.9999999999999811, 0.9999999999999564, 0.8500027425707565, 0.9999999999999091, 0.999999999999302, 0.8500027425707565, 0.8998009913656217]
Current distance to box: 1.88738e-14
Decreasing barrier term μ.

Fminbox iteration 5
-------------------
Calling inner optimizer with mu = 1.16943e-15

(numbers below include barrier contribution)
Iter     Function value   Gradient norm 
     0     1.074534e+02     6.208586e+01
 * time: 7.390975952148438e-5
     1     1.074534e+02     6.202354e+01
 * time: 6.9297590255737305
     2     1.074534e+02     5.155261e+01
 * time: 213.77233386039734
     3     1.074534e+02     5.155261e+01
 * time: 433.6786279678345
     4     1.074534e+02     5.155261e+01
 * time: 678.959874868393
     5     1.074534e+02     5.155261e+01
 * time: 897.3432040214539
     6     1.074534e+02     5.155261e+01
 * time: 1145.1647109985352
     7     1.074534e+02     5.155261e+01
 * time: 1368.912055015564
     8     1.074534e+02     5.155261e+01
 * time: 1624.40540599823
     9     1.074534e+02     5.155261e+01
 * time: 1832.3207828998566
    10     1.074534e+02     5.155261e+01
 * time: 2034.2664320468903
    11     1.074534e+02     5.155261e+01
 * time: 2250.142912864685
    12     1.074534e+02     5.155261e+01
 * time: 2488.255877017975
    13     1.074534e+02     5.155261e+01
 * time: 2711.2358870506287
    14     1.074534e+02     5.155261e+01
 * time: 2967.552890062332
    15     1.074534e+02     5.155261e+01
 * time: 3143.8659749031067
    16     1.074534e+02     5.155261e+01
 * time: 3339.4359669685364
    17     1.074534e+02     5.155261e+01
 * time: 3513.482532978058

Exiting inner optimizer with x = [4.999999999999999, 0.00612053486309477, 3.4999999999999996, 0.5999999999999999, 0.903490717147999, 0.9999999999999999, 0.9999999999999999, 0.8500027425706432, 0.9999999999999999, 0.9999999999999989, 0.8500027425706432, 0.8998009940318135]
Current distance to box: 1.11022e-16
Decreasing barrier term μ.

6-element Vector{Any}:
    "Err2f8="
 107.45339388594506
    "par2f8="
    [7542.62462248916, 3.4999999999999996, 1.605375275205752, 0.0, 4.999999999999999, 0.03658959949393572, 0.5999999999999999, 0.0, 0.1375531965076037, 0.0560295261424954, 0.9179720534039433, 0.044242996045119866, 0.0, 0.003473250106648919, 0.00612053486309477]
    "order2f8="
    [0.903490717147999, 0.9999999999999999, 0.9999999999999999, 0.8500027425706432, 0.9999999999999999, 0.9999999999999989, 0.8500027425706432, 0.8998009940318135]
76×2 Matrix{Float64}:
   4.0                    0.0
   3.6121298339245946     0.16609326069435948
   3.4015585146377942     0.2901439463801877
   3.4640566881475983     0.40659358811076995
   3.8373027297932154     0.5325650043497623
   4.56702362168583       0.6831409014585108
   5.732699570941193      0.8748055996079992
   7.461468041537756      1.1279478152095266
   9.941177808834599      1.4693640777497308
  13.436655786258298      1.9351660204229493
  18.310322652538268      2.574367274659621
  25.046354214455693      3.4533470844498413
  34.27509912316014       4.661264398209164
  46.79041298670927       6.316250431915977
  63.546380849896906      8.571749556039908
  85.61218871137096      11.621628940370336
 114.05815298718642      15.701655735044232
 149.75043943231222      21.083935082513342
 193.05913246403088      28.060666278145394
 243.54093326510838      36.9152756100094
 299.72531563448746      47.88345117897303
 359.1553637493768       61.1128226903361
 418.752350754673        76.63427447848404
 475.40374526222126      94.35580185144818
 526.5397516745381      114.08102422139943
 570.4808184900734      135.54435773747332
 606.4866311492812      158.4500620234897
 634.58548725977        182.50468377755186
 655.3175433085295      207.4383069398118
 669.495060813229       233.01511878649495
 678.0257283980321      259.0362346426642
 681.8027656204132      285.3379569622259
 681.64676792917        311.7878701911079
 678.2813736329704      338.28025705802503
 672.3285231329215      364.73162275688776
 664.3138615615733      391.0766775228107
 654.6766459115912      417.2648896848484
 643.781042963865       443.2576044977428
 631.9272214163061      469.0256740672573
 619.3614990364389      494.5475275286401
 606.2852686432201      519.8076103807022
 592.862665413616       544.7951283429506
 579.227053044778       569.5030398070126
 565.4864547746646      593.9272498122051
 551.7280688690579      618.0659665967182
 538.0220043047605      641.919188847318
 524.4243604571532      665.4882977506134
 510.9797596858273      688.7757329160024
 497.72342643352044     711.7847353183535
 484.68289210533146     734.519143729421
 471.87939214092216     756.9832337963857
 459.3290105026874      779.1815910947698
 447.04361724399644     801.1190112267294
 435.0316367614303      822.8004214343403
 423.2986776015997      844.2308193173072
 411.8480491066272      865.4152251397778
 400.68118557125615     886.3586449259512
 389.7979947933908      907.0660421146397
 379.1971447923199      927.5423159977624
 368.87629992729075     947.7922855303174
 358.8323155746786      967.8206773879747
 349.0613988301531      987.6321173784711
 339.5592413248257     1007.2311244958725
 330.3211291228655     1026.6221070525569
 321.34203375572514    1045.8093604395417
 312.61668770593855    1064.7970661582192
 304.13964704965935    1083.5892918397294
 295.90534347588675    1102.1899920267742
 287.9081275004024     1120.6030095391025
 280.1423043668092     1138.8320772808254
 272.60216386162324    1156.8808203771973
 265.28200505388963    1174.7527585519422
 258.1761567930196     1192.4513086747431
 251.27899465407066    1209.9797874235414
 244.58495490140416    1227.3414140178506
 238.0885459447668     1244.5393129889485