"Results for M1:"
Fminbox
-------
Initial mu = 0.127119

Fminbox iteration 1
-------------------
Calling inner optimizer with mu = 0.127119

(numbers below include barrier contribution)
Iter     Function value   Gradient norm 
     0     3.140127e+02     1.337878e+04
 * time: 0.014164924621582031
     1     1.618169e+02     8.734786e+02
 * time: 4.291933059692383
     2     1.438656e+02     3.261091e+03
 * time: 9.1090989112854
     3     1.433125e+02     3.239018e+03
 * time: 12.369516849517822
     4     1.280028e+02     2.344382e+02
 * time: 15.575479984283447
     5     1.276594e+02     7.281973e+02
 * time: 17.253275871276855
     6     1.265076e+02     1.802726e+03
 * time: 19.656519889831543
     7     1.257208e+02     6.175935e+00
 * time: 22.072927951812744
     8     1.257042e+02     2.885485e+01
 * time: 24.515406847000122
     9     1.256929e+02     9.006156e+00
 * time: 26.964163064956665
    10     1.256919e+02     5.245239e+00
 * time: 28.60322093963623
    11     1.256918e+02     9.161235e-01
 * time: 31.01949691772461
    12     1.256918e+02     2.004759e-03
 * time: 32.69579601287842
    13     1.256918e+02     5.848381e-04
 * time: 35.15453100204468
    14     1.256918e+02     9.860777e-06
 * time: 37.60397386550903
    15     1.256918e+02     7.659634e-08
 * time: 40.03599691390991
    16     1.256918e+02     2.519320e-08
 * time: 42.517125844955444
    17     1.256918e+02     5.312259e-08
 * time: 44.11982798576355
    18     1.256918e+02     2.609676e-08
 * time: 46.56122088432312
    19     1.256918e+02     3.194879e-08
 * time: 48.18353891372681
    20     1.256918e+02     3.916136e-08
 * time: 49.78982186317444
    21     1.256918e+02     3.877466e-08
 * time: 52.41231989860535
    22     1.256918e+02     4.365231e-08
 * time: 54.04442095756531
    23     1.256918e+02     4.365231e-08
 * time: 56.49829888343811

Exiting inner optimizer with x = [4.814937694466264, 0.005633848310657413, 3.377501108475228, 0.6992734423661942]
Current distance to box: 0.000726558
Decreasing barrier term μ.

Fminbox iteration 2
-------------------
Calling inner optimizer with mu = 0.000127119

(numbers below include barrier contribution)
Iter     Function value   Gradient norm 
     0     1.235123e+02     1.747773e+02
 * time: 1.1920928955078125e-5
     1     1.235118e+02     1.746910e+02
 * time: 1.6469368934631348
     2     1.233851e+02     3.892834e+01
 * time: 7.368129014968872
     3     1.233797e+02     5.701047e+03
 * time: 11.437958002090454
     4     1.233455e+02     5.003573e+01
 * time: 13.908988952636719
     5     1.233050e+02     4.931800e+01
 * time: 18.881042003631592
     6     1.233048e+02     4.930667e+01
 * time: 22.155195951461792
     7     1.233041e+02     4.702972e+01
 * time: 23.77732801437378
     8     1.233041e+02     4.663441e+01
 * time: 25.39657998085022
     9     1.233041e+02     4.542047e+01
 * time: 27.86935591697693
    10     1.233041e+02     3.515120e+01
 * time: 31.10635805130005
    11     1.233041e+02     4.700093e+00
 * time: 33.57781100273132
    12     1.233041e+02     4.183947e+00
 * time: 35.207613945007324
    13     1.233041e+02     1.195728e+00
 * time: 37.67040395736694
    14     1.233041e+02     7.243887e-03
 * time: 39.30178499221802
    15     1.233041e+02     2.394544e-04
 * time: 41.78136587142944
    16     1.233041e+02     4.817157e-07
 * time: 44.26667094230652
    17     1.233041e+02     5.815278e-08
 * time: 45.90052103996277
    18     1.233041e+02     2.117076e-07
 * time: 47.528645038604736
    19     1.233041e+02     2.351735e-07
 * time: 54.07201290130615
    20     1.233041e+02     3.513314e-07
 * time: 59.014142990112305
    21     1.233041e+02     1.284027e-07
 * time: 60.647839069366455
    22     1.233041e+02     3.336397e-09
 * time: 63.046979904174805

Exiting inner optimizer with x = [4.999541210360925, 0.005552390852262165, 3.3688527763463982, 0.699999276828068]
Current distance to box: 7.23172e-7
Decreasing barrier term μ.

Fminbox iteration 3
-------------------
Calling inner optimizer with mu = 1.27119e-7

(numbers below include barrier contribution)
Iter     Function value   Gradient norm 
     0     1.233003e+02     1.757802e+02
 * time: 7.867813110351562e-6
     1     1.233003e+02     1.755861e+02
 * time: 2.4716498851776123
     2     1.233002e+02     8.907611e+00
 * time: 9.813776016235352
     3     1.233001e+02     3.800605e+01
 * time: 14.700507879257202
     4     1.233001e+02     5.430916e+01
 * time: 17.17630100250244
     5     1.233001e+02     2.612528e+01
 * time: 19.574190855026245
     6     1.233001e+02     4.792869e+00
 * time: 21.247484922409058
     7     1.233001e+02     2.191756e+01
 * time: 23.678403854370117
     8     1.233001e+02     1.556312e+01
 * time: 26.16202688217163
     9     1.233001e+02     1.092246e+00
 * time: 27.775453805923462
    10     1.233001e+02     1.572244e-01
 * time: 29.399963855743408
    11     1.233001e+02     1.748696e-02
 * time: 31.022058963775635
    12     1.233001e+02     7.987105e-05
 * time: 32.64632296562195
    13     1.233001e+02     1.066421e-06
 * time: 34.26671385765076
    14     1.233001e+02     1.066421e-06
 * time: 36.73689103126526

Exiting inner optimizer with x = [4.9999995405722375, 0.005552315551164865, 3.368739131219583, 0.69999999927683]
Current distance to box: 7.2317e-10
Decreasing barrier term μ.

Fminbox iteration 4
-------------------
Calling inner optimizer with mu = 1.27119e-10

(numbers below include barrier contribution)
Iter     Function value   Gradient norm 
     0     1.233001e+02     1.757809e+02
 * time: 8.821487426757812e-6
     1     1.233001e+02     6.892735e+01
 * time: 19.53968381881714
     2     1.233001e+02     1.396433e+02
 * time: 22.006464958190918
     3     1.233001e+02     3.170259e+01
 * time: 23.62581491470337
     4     1.233001e+02     3.258550e+01
 * time: 26.111236810684204
     5     1.233001e+02     3.262135e+01
 * time: 27.731552839279175
     6     1.233001e+02     3.137553e+01
 * time: 30.135349988937378
     7     1.233001e+02     2.161497e+01
 * time: 31.830378770828247
     8     1.233001e+02     1.323258e+01
 * time: 33.457793951034546
     9     1.233001e+02     3.572179e-01
 * time: 35.85873198509216
    10     1.233001e+02     7.125618e-03
 * time: 37.489147901535034
    11     1.233001e+02     7.125601e-03
 * time: 39.11076784133911
    12     1.233001e+02     7.125606e-03
 * time: 40.78427076339722
    13     1.233001e+02     7.125599e-03
 * time: 42.44611692428589
    14     1.233001e+02     2.360664e-01
 * time: 44.84567379951477
    15     1.233001e+02     7.125599e-03
 * time: 47.311609983444214
    16     1.233001e+02     7.125591e-03
 * time: 49.79999279975891
    17     1.233001e+02     7.125592e-03
 * time: 55.51497983932495
    18     1.233001e+02     1.986255e-02
 * time: 58.77155780792236
    19     1.233001e+02     7.125599e-03
 * time: 61.175068855285645
    20     1.233001e+02     7.125601e-03
 * time: 63.64470982551575
    21     1.233001e+02     7.125601e-03
 * time: 65.28775787353516
    22     1.233001e+02     7.125601e-03
 * time: 66.92469787597656

Exiting inner optimizer with x = [4.999999999540583, 0.005552315476019942, 3.3687390172054155, 0.6999999999992768]
Current distance to box: 7.23199e-13
Decreasing barrier term μ.

Fminbox iteration 5
-------------------
Calling inner optimizer with mu = 1.27119e-13

(numbers below include barrier contribution)
Iter     Function value   Gradient norm 
     0     1.233001e+02     1.757809e+02
 * time: 8.106231689453125e-6
     1     1.233001e+02     1.221085e+01
 * time: 17.970603942871094
     2     1.233001e+02     1.221085e+01
 * time: 19.607085943222046
     3     1.233001e+02     1.221085e+01
 * time: 21.2287700176239
     4     1.233001e+02     1.221085e+01
 * time: 22.849691152572632
     5     1.233001e+02     1.221085e+01
 * time: 26.96927499771118
     6     1.233001e+02     1.221085e+01
 * time: 28.535845041275024
     7     1.233001e+02     1.221085e+01
 * time: 32.638188123703
     8     1.233001e+02     1.505083e+01
 * time: 35.9383339881897
     9     1.233001e+02     1.221085e+01
 * time: 38.33979105949402
    10     1.233001e+02     1.221085e+01
 * time: 41.59532403945923
    11     1.233001e+02     1.505083e+01
 * time: 44.85756707191467
    12     1.233001e+02     1.221085e+01
 * time: 47.32650113105774
    13     1.233001e+02     1.221085e+01
 * time: 48.95807409286499
    14     1.233001e+02     1.221085e+01
 * time: 50.57854700088501
    15     1.233001e+02     1.221085e+01
 * time: 52.21124005317688
    16     1.233001e+02     1.505083e+01
 * time: 54.68952512741089
    17     1.233001e+02     1.505083e+01
 * time: 57.96992301940918
    18     1.233001e+02     3.265710e+01
 * time: 59.605196952819824
    19     1.233001e+02     1.221085e+01
 * time: 62.08189511299133
    20     1.233001e+02     1.221085e+01
 * time: 63.72281503677368
    21     1.233001e+02     1.505083e+01
 * time: 68.62702012062073
    22     1.233001e+02     1.221085e+01
 * time: 71.88211607933044
    23     1.233001e+02     1.221085e+01
 * time: 73.5154161453247
    24     1.233001e+02     1.221085e+01
 * time: 75.14609408378601
    25     1.233001e+02     1.505083e+01
 * time: 78.39976406097412
    26     1.233001e+02     1.505083e+01
 * time: 80.02582597732544
    27     1.233001e+02     1.221085e+01
 * time: 83.2781240940094
    28     1.233001e+02     1.505083e+01
 * time: 85.68393611907959
    29     1.233001e+02     1.505083e+01
 * time: 88.93977499008179
    30     1.233001e+02     1.221085e+01
 * time: 90.57634592056274
    31     1.233001e+02     1.221085e+01
 * time: 94.6840181350708
    32     1.233001e+02     1.221085e+01
 * time: 101.21384811401367
    33     1.233001e+02     1.221085e+01
 * time: 102.84449005126953
    34     1.233001e+02     1.221085e+01
 * time: 107.73915600776672
    35     1.233001e+02     1.221085e+01
 * time: 109.37094211578369
    36     1.233001e+02     1.221085e+01
 * time: 114.27947211265564
    37     1.233001e+02     1.221085e+01
 * time: 115.90804815292358
    38     1.233001e+02     1.221085e+01
 * time: 119.97169899940491

Exiting inner optimizer with x = [4.9999999999995355, 0.005552315473508071, 3.368739014223833, 0.6999999999999992]
Current distance to box: 7.77156e-16
Decreasing barrier term μ.

4-element Vector{Any}:
    "Err2f8="
 123.30006541230019
    "par2f8="
    [7542.62462248916, 3.368739014223833, 1.605375275205752, 0.0, 4.9999999999995355, 0.03658959949393572, 0.6999999999999992, 0.0, 0.1375531965076037, 0.0560295261424954, 0.9179720534039433, 0.044242996045119866, 0.0, 0.003473250106648919, 0.005552315473508071]
76×2 Matrix{Float64}:
   4.0                    0.0
   3.629793365518191      0.1606642492666572
   3.4664266112695477     0.3023211749858368
   3.597084966378214      0.44256289670957005
   4.052164773753248      0.5967703680075365
   4.870822567547944      0.7802087961714911
   6.124968240543981      1.010086892980064
   7.930864372741388      1.3076301221602638
  10.459268668892323      1.7003490318713823
  13.948002044631378      2.2247098738092626
  18.717955954876018      2.929405622597762
  25.191921055789212      3.8793914049307623
  33.91383292124695       5.160769310867356
  45.56327155295875       6.886441625044047
  60.95582754809163       9.202138046386475
  81.01438860061826      12.291895309604083
 106.69114379998491      16.38129763227145
 138.81962593591507      21.735875362495754
 177.88835827856897      28.651382934926993
 223.76101766649086      37.43298664741242
 275.4210876800445       48.36262768467805
 330.86628587469494      61.65835722650485
 387.27023491181546      77.43492844502425
 441.4307070566766       95.67801645871069
 490.3722342215255      116.24175128090356
 531.8747146977515      138.8709014520189
 564.7418391299219      163.23972417075007
 588.7689454757217      188.9948350963443
 604.5044526697422      215.79124900615324
 612.9442253146865      243.31628040273708
 615.2638179864509      271.3013205046977
 612.6333090134436      299.5244671644334
 606.1138957401139      327.8076108812083
 596.6150556926157      356.010903374947
 584.8886762912143      384.02650705558614
 571.5419877625308      411.7726483242337
 557.0578218643201      439.18841466042414
 541.8159612345454      466.22940714282
 526.1126923784718      492.86420209152004
 510.1775382759271      519.0715146722642
 494.18706379793184     544.8379450800139
 478.27603541606817     570.1561967807496
 462.54633830533334     595.0236722802249
 447.07405479386125     619.4413686705444
 431.91506225846825     643.4130102979054
 417.109450519106       666.9443685963054
 402.68500304272        690.0427294820342
 388.65993788898925     712.7164770008926
 375.0450642648418      734.9747685161998
 361.84547814665484     756.8272819471823
 349.06189453465646     778.2840196919776
 336.69169334692157     799.3551571241177
 324.72973969548195     820.0509261182008
 313.169026440925       840.3815260842912
 302.00117678518575     860.3570565860941
 291.2168366673568      879.9874668756677
 280.8059804232706      899.2825186688344
 270.75814819940774     918.2517592669064
 261.0626296933974      936.9045027462527
 251.7086057045131      955.2498174226835
 242.6852565425943      973.2965181801999
 233.9818444244051      991.0531625551539
 225.58777547340563    1008.5280497044319
 217.49264574629296    1025.7292215734642
 209.68627476959784    1042.6644657273246
 202.1587293286846     1059.3413194243496
 194.90033966750147    1075.7670746031845
 187.9017097971855     1091.9487835261943
 181.1537232488976     1107.8932648788762
 174.64754532045455    1123.607110169522
 168.37462264109416    1139.096690308485
 162.32668070129372    1154.368162273976
 156.49571985477127    1169.4274757930045
 150.87401018972946    1184.2803799830906
 145.45408557970126    1198.9324299137174
 140.2287371561229     1213.3889930569621