"Results for FM3 only Orders:"
Fminbox
-------
Initial mu = 0.000832363

Fminbox iteration 1
-------------------
Calling inner optimizer with mu = 0.000832363

(numbers below include barrier contribution)
Iter     Function value   Gradient norm 
     0     1.121742e+02     2.992213e+02
 * time: 0.014587879180908203
     1     1.105845e+02     1.845596e+02
 * time: 5.324159860610962
     2     1.084277e+02     4.933023e+01
 * time: 14.025895833969116
     3     1.080927e+02     1.562173e+02
 * time: 18.405268907546997
     4     1.076813e+02     1.532650e+02
 * time: 31.481290817260742
     5     1.074831e+02     1.521304e+02
 * time: 38.695443868637085
     6     1.068705e+02     1.485428e+02
 * time: 45.946571826934814
     7     1.066412e+02     1.471732e+02
 * time: 56.12476992607117
     8     9.986528e+01     1.315536e+02
 * time: 60.490572929382324
     9     9.958342e+01     4.177194e+01
 * time: 69.39827680587769
    10     9.958007e+01     3.472699e+01
 * time: 72.35020899772644
    11     9.955046e+01     1.636298e+01
 * time: 75.23242783546448
    12     9.954303e+01     1.370460e+01
 * time: 78.18539190292358
    13     9.952048e+01     2.621285e+01
 * time: 82.57536387443542
    14     9.950964e+01     2.299724e+01
 * time: 88.40434098243713
    15     9.947372e+01     2.055685e+01
 * time: 94.22318291664124
    16     9.947270e+01     1.982844e+01
 * time: 98.5653178691864
    17     9.945297e+01     1.455183e+01
 * time: 104.39683198928833
    18     9.945021e+01     8.740545e+00
 * time: 108.78251099586487
    19     9.944893e+01     5.918957e+00
 * time: 114.55886697769165
    20     9.944892e+01     5.851335e+00
 * time: 117.4983458518982

Exiting inner optimizer with x = [7.909963395415239, 0.9786631810354828, 0.9998575428707045, 0.9983135482736453, 0.9998554873243538, 0.9998234195202511, 0.9990358214017955, 0.9252638725394174, 0.9400340476922953]
Current distance to box: 0.000142457
Decreasing barrier term μ.

Fminbox iteration 2
-------------------
Calling inner optimizer with mu = 8.32363e-7

(numbers below include barrier contribution)
Iter     Function value   Gradient norm 
     0     9.940222e+01     7.481512e+00
 * time: 1.1205673217773438e-5
     1     9.940174e+01     6.641881e+00
 * time: 2.8997390270233154
     2     9.940060e+01     6.569805e+00
 * time: 8.685465097427368
     3     9.939991e+01     8.684480e+00
 * time: 24.64096212387085
     4     9.939918e+01     5.672956e+00
 * time: 34.735680103302
     5     9.939908e+01     4.769804e+00
 * time: 43.44343614578247
     6     9.939908e+01     7.599598e+00
 * time: 49.24608516693115
     7     9.939902e+01     1.555311e+01
 * time: 57.930870056152344
     8     9.939882e+01     4.285395e+00
 * time: 66.61636114120483
     9     9.939877e+01     1.084598e+02
 * time: 75.29340720176697
    10     9.939850e+01     4.109865e+00
 * time: 85.34739112854004
    11     9.939854e+01     3.753840e+00
 * time: 88.22352313995361
    12     9.939854e+01     3.753533e+00
 * time: 91.10136914253235
    13     9.939854e+01     3.721123e+00
 * time: 93.97423911094666
    14     9.939841e+01     2.277157e+00
 * time: 101.15674114227295
    15     9.939840e+01     2.818889e+01
 * time: 106.9805200099945
    16     9.939840e+01     1.511381e+01
 * time: 112.71501517295837
    17     9.939838e+01     1.979315e+00
 * time: 117.08206009864807
    18     9.939838e+01     2.528872e+01
 * time: 122.8211362361908
    19     9.939837e+01     1.388655e+01
 * time: 127.13101816177368
    20     9.939836e+01     1.167496e+01
 * time: 131.51526308059692

Exiting inner optimizer with x = [7.897147795370075, 0.9785825598102305, 0.9999995906897592, 0.9999772893300631, 0.9999998624533027, 0.9999999413781994, 0.9999979271032556, 0.9251792570259753, 0.9398910853378999]
Current distance to box: 5.86218e-8
Decreasing barrier term μ.

Fminbox iteration 3
-------------------
Calling inner optimizer with mu = 8.32363e-10

(numbers below include barrier contribution)
Iter     Function value   Gradient norm 
     0     9.939829e+01     3.295149e+00
 * time: 9.059906005859375e-6
     1     9.939829e+01     3.283576e+00
 * time: 2.8794760704040527
     2     9.939829e+01     3.259798e+00
 * time: 10.054118156433105
     3     9.939829e+01     3.259759e+00
 * time: 14.348844051361084
     4     9.939829e+01     3.153831e+00
 * time: 25.88308620452881
     5     9.939829e+01     1.668005e+01
 * time: 31.63711404800415
     6     9.939829e+01     1.358218e+01
 * time: 40.22345304489136
     7     9.939829e+01     1.057835e+01
 * time: 47.419164180755615
     8     9.939829e+01     1.497646e+01
 * time: 56.02450609207153
     9     9.939829e+01     2.250000e+01
 * time: 66.0584831237793
    10     9.939829e+01     3.143111e+00
 * time: 68.92080903053284
    11     9.939829e+01     3.160386e+00
 * time: 76.08097219467163
    12     9.939829e+01     3.160137e+00
 * time: 78.94604516029358
    13     9.939829e+01     4.059337e+00
 * time: 87.55558705329895
    14     9.939828e+01     3.165913e+00
 * time: 90.42891120910645
    15     9.939828e+01     2.949839e+00
 * time: 96.17317199707031
    16     9.939828e+01     2.732749e+00
 * time: 101.90254211425781
    17     9.939828e+01     2.689587e+00
 * time: 106.21047902107239
    18     9.939828e+01     2.544485e+00
 * time: 110.52192521095276
    19     9.939828e+01     1.608821e+00
 * time: 114.7588860988617
    20     9.939828e+01     1.517677e+00
 * time: 119.064120054245

Exiting inner optimizer with x = [7.895865150500946, 0.9785857005003694, 0.999999999531513, 0.9999999869472375, 0.9999999996031644, 0.999999999151962, 0.9999999974787451, 0.9251790257359261, 0.9398986700128771]
Current distance to box: 3.96836e-10
Decreasing barrier term μ.

6-element Vector{Any}:
   "Err2f8="
 99.39828456428222
   "par2f8="
   [7542.62462248916, 2.9763470555591796, 1.605375275205752, 7.895865150500946, 2.77222207964141, 0.03658959949393572, 0.5272699408450209, 0.25088774743033504, 0.1375531965076037, 0.0560295261424954, 0.9179720534039433, 0.044242996045119866, 0.001724702577525102, 0.003473250106648919, 0.02042169878603325]
   "order2f8="
   [0.9785857005003694, 0.999999999531513, 0.9999999869472375, 0.9999999996031644, 0.999999999151962, 0.9999999974787451, 0.9251790257359261, 0.9398986700128771]
76×2 Matrix{Float64}:
   5.0                   0.0
   4.634495774031336     0.16667706105398183
   4.624034641985565     0.30472856450423585
   5.072320230089068     0.4452059009120733
   6.027261682988727     0.6080488887670402
   7.559936354851227     0.8122680651094016
   9.793475819966819     1.0791669335718181
  12.917712797119108     1.4349366342146608
  17.202502241557283     1.9132768991476712
  23.01366103915684      2.5583495820188507
  30.831525577510764     3.4282507500233415
  41.269448511646495     4.599077733912337
  55.08644793909298      6.169503590683166
  73.1839535717515       8.265500347290129
  96.57136614201022     11.044429197099506
 126.2807780887762      14.697135658122361
 163.21215325573854     19.446054628442994
 207.9037327931051      25.53694889153944
 260.2549615669381      33.222316721860594
 319.2774705193652      42.73630370553097
 382.989374814902       54.26423779529522
 448.55745032615874     67.913584438614
 512.7044425224065      83.69490813257113
 572.2686885054271     101.51930655071614
 624.7192001778583     121.21310705415401
 668.4578066172858     142.544498631852
 702.8560026761747     165.25370269746233
 728.0893420159045     189.07931539722648
 744.8814014553374     213.7769089134621
 754.252713373007      239.1294385065107
 757.3255288372229     264.95108008589733
 755.196019337634      291.08674280963874
 748.8637669440175     317.4092306135183
 739.2016022409651     343.81544361723957
 726.9502151333428     370.22245451190213
 712.7260972400521     396.56388843946064
 697.0354694832204     422.7867805678602
 680.2899401392948     448.8489448989688
 662.8216678345867     474.7168195035555
 644.89701708251       500.36372632174306
 626.7283658809675     525.7684780545047
 608.4840686142919     550.9142690287999
 590.2967347191104     575.7877951059952
 572.2700406517421     600.3785566734488
 554.4842992917017     624.67830714237
 537.0009942986633     648.6806166602972
 519.8664614585806     672.3805268349191
 503.11487188318915    695.7742772404937
 486.7706463909218     718.8590884865199
 470.8504078193069     741.6329898307797
 455.3645587198893     764.0946818631711
 440.3185557225861     786.2434268009079
 425.71393848955336    808.0789605263146
 411.54916021419217    829.6014217525662
 397.8202576777015     850.8112946904229
 384.52139160661756    871.7093623662657
 371.64528218129146    892.2966683528205
 359.18355977556865    912.5744851545255
 347.12704715151       932.5442878668853
 335.46598621760126    952.2077320256556
 324.1902199425169     971.5666347945293
 313.2893379865962     990.6229588226563
 302.75279297198017   1009.3787982467942
 292.569992989694     1027.8363664253511
 282.73037487284614   1045.9979850797113
 273.22346190159936   1063.8660745875618
 264.03890890861555   1081.4431452269503
 255.16653718989434   1098.7317892124336
 246.5963611699354    1115.734673397799
 238.31860840236257   1132.454532546046
 230.32373418849667   1148.8941630875129
 222.60243185436607   1165.0564173031805
 215.14563953218564   1180.9441978825314
 207.94454413275392   1196.5604528152178
 200.99058306713908   1211.908170583349
 194.27544417154309   1226.9903756273025