Fminbox
-------
Initial mu = 0.150985

Fminbox iteration 1
-------------------
Calling inner optimizer with mu = 0.150985

(numbers below include barrier contribution)
Iter     Function value   Gradient norm 
     0     9.513645e+02     4.047461e+03
 * time: 0.014236927032470703
    20     2.094943e+02     4.957876e+03
 * time: 45.838128089904785
    40     1.898258e+02     8.125099e+02
 * time: 75.90459203720093
    60     1.358984e+02     8.459184e+04
 * time: 109.85215306282043
    80     1.075006e+02     1.358541e+04
 * time: 143.150132894516
   100     1.040014e+02     1.397771e+03
 * time: 169.1644959449768
   120     1.032817e+02     2.626387e+02
 * time: 192.14542508125305
   140     1.029537e+02     4.384093e+01
 * time: 215.00851011276245
   160     1.027034e+02     1.894755e+02
 * time: 234.96561193466187
   180     1.025068e+02     3.740020e+01
 * time: 256.20061206817627
   200     1.024375e+02     1.863478e+01
 * time: 275.64877009391785
   220     1.023662e+02     1.947700e+01
 * time: 296.0600049495697
   240     1.023655e+02     3.233049e-01
 * time: 315.90995693206787
   260     1.023655e+02     2.670709e-03
 * time: 335.4002249240875
   280     1.023655e+02     8.386648e-06
 * time: 354.87762808799744
   300     1.023655e+02     2.267635e-06
 * time: 376.357125043869
   320     1.023655e+02     3.787077e-06
 * time: 396.8185820579529
   340     1.023655e+02     8.239366e-06
 * time: 422.2325510978699
   360     1.023655e+02     1.947756e-06
 * time: 444.30003094673157
   380     1.023655e+02     3.280362e-07
 * time: 472.24009895324707
   400     1.023655e+02     5.664713e-06
 * time: 497.21582102775574
   420     1.023655e+02     6.775025e-07
 * time: 529.0031831264496
   440     1.023655e+02     2.109000e-06
 * time: 556.3578119277954
   460     1.023655e+02     9.694459e-07
 * time: 580.7457790374756
   480     1.023655e+02     1.045923e-06
 * time: 607.6994891166687
   500     1.023655e+02     1.463442e-06
 * time: 636.794595003128
   520     1.023655e+02     2.176867e-07
 * time: 664.0180180072784
   540     1.023655e+02     8.712730e-07
 * time: 692.2192499637604
   560     1.023655e+02     7.660886e-07
 * time: 717.5856869220734
   580     1.023655e+02     1.058522e-06
 * time: 748.0182709693909
   600     1.023655e+02     5.228208e-06
 * time: 776.9005720615387
   620     1.023655e+02     2.470201e-06
 * time: 806.7456550598145
   640     1.023655e+02     4.899009e-05
 * time: 834.5323939323425
   660     1.023655e+02     5.372924e-06
 * time: 859.629359960556
   680     1.023655e+02     7.087569e-07
 * time: 885.1432220935822
   700     1.023655e+02     6.871209e-06
 * time: 909.6891949176788
   720     1.023655e+02     7.683004e-06
 * time: 938.1698288917542
   740     1.023655e+02     1.807088e-06
 * time: 964.6427490711212
   760     1.023655e+02     2.020071e-07
 * time: 997.8876960277557
   780     1.023655e+02     2.622666e-06
 * time: 1027.7112591266632
   800     1.023655e+02     3.198761e-07
 * time: 1056.1048789024353
   820     1.023655e+02     1.518882e-06
 * time: 1088.0883660316467
   840     1.023655e+02     7.790812e-07
 * time: 1114.045571088791
   860     1.023655e+02     7.223270e-07
 * time: 1139.5156490802765
   880     1.023655e+02     2.131852e-07
 * time: 1166.5531809329987
   900     1.023655e+02     3.347631e-06
 * time: 1191.599641084671
   920     1.023655e+02     3.087688e-06
 * time: 1216.7924599647522
   940     1.023655e+02     8.097806e-07
 * time: 1237.3737359046936
   960     1.023655e+02     5.575836e-06
 * time: 1266.858887910843
   980     1.023655e+02     4.688386e-06
 * time: 1295.3095610141754
  1000     1.023655e+02     1.786584e-06
 * time: 1322.6113719940186

Exiting inner optimizer with x = [5.015895860232364, 0.0012744427386684135, 0.24706346704750476, 0.04348065467358272, 0.00286175467117168, 0.9653103870876553, 0.9933299799497118, 0.9759322049225594, 0.6287406974236913, 0.9208878285781111, 0.9681424346862932, 0.7000000000010664, 0.9759513940964095]
Current distance to box: 0.00127444
Decreasing barrier term μ.

Fminbox iteration 2
-------------------
Calling inner optimizer with mu = 0.000150985

(numbers below include barrier contribution)
Iter     Function value   Gradient norm 
     0     9.568875e+01     1.183271e+02
 * time: 7.152557373046875e-6
    20     9.510269e+01     3.058716e+02
 * time: 35.863789081573486
    40     9.508778e+01     1.870806e+02
 * time: 61.62471795082092
    60     9.508669e+01     2.314840e+00
 * time: 82.93015909194946
    80     9.508668e+01     6.094925e-01
 * time: 103.58276605606079
   100     9.508667e+01     1.665562e+00
 * time: 124.16708207130432
   120     9.508664e+01     9.286162e+00
 * time: 143.885262966156
   140     9.508664e+01     1.856681e-01
 * time: 163.565190076828
   160     9.508664e+01     1.783840e-01
 * time: 184.27774810791016
   180     9.508664e+01     4.366896e-01
 * time: 204.45459008216858
   200     9.508664e+01     1.054938e+00
 * time: 224.70461297035217
   220     9.508663e+01     1.295503e+01
 * time: 244.50027203559875
   240     9.508651e+01     2.219349e+00
 * time: 265.1891031265259
   260     9.508647e+01     2.261913e+00
 * time: 285.4172410964966
   280     9.508644e+01     4.091516e+00
 * time: 306.67948818206787
   300     9.508643e+01     2.826861e+00
 * time: 326.43414306640625
   320     9.508643e+01     9.792707e-01
 * time: 346.20589900016785
   340     9.508643e+01     7.241396e-01
 * time: 366.19240713119507
   360     9.508643e+01     7.037787e-01
 * time: 385.96232414245605
   380     9.508643e+01     4.286811e-01
 * time: 405.5859899520874
   400     9.508643e+01     8.321998e-02
 * time: 425.2944951057434
   420     9.508643e+01     5.857333e-02
 * time: 444.90335297584534
   440     9.508643e+01     4.271797e-01
 * time: 464.8407871723175
   460     9.508643e+01     2.957573e-01
 * time: 484.93005895614624
   480     9.508643e+01     8.299697e-02
 * time: 505.3328070640564
   500     9.508643e+01     4.520519e-02
 * time: 525.1248149871826
   520     9.508643e+01     1.102025e-02
 * time: 544.8898000717163
   540     9.508643e+01     8.140792e-03
 * time: 565.0920741558075
   560     9.508643e+01     1.130560e-02
 * time: 584.8913440704346
   580     9.508643e+01     1.313161e-03
 * time: 604.6202960014343
   600     9.508643e+01     1.689752e-03
 * time: 624.2636170387268
   620     9.508643e+01     1.669312e-03
 * time: 643.9404261112213
   640     9.508643e+01     1.878406e-03
 * time: 664.1659760475159
   660     9.508643e+01     1.696847e-04
 * time: 684.8561341762543
   680     9.508643e+01     1.192964e-04
 * time: 704.5834760665894
   700     9.508643e+01     1.226521e-04
 * time: 724.3801400661469
   720     9.508643e+01     7.298947e-05
 * time: 744.080500125885
   740     9.508643e+01     5.133582e-05
 * time: 767.7032079696655
   760     9.508643e+01     4.015647e-05
 * time: 789.9445281028748
   780     9.508643e+01     4.136323e-05
 * time: 814.1419720649719
   800     9.508643e+01     1.076261e-05
 * time: 839.3855819702148
   820     9.508643e+01     7.661253e-06
 * time: 862.5732040405273
   840     9.508643e+01     8.062291e-06
 * time: 890.5762741565704
   860     9.508643e+01     7.144137e-06
 * time: 921.1783859729767
   880     9.508643e+01     7.008523e-06
 * time: 945.2570271492004
   900     9.508643e+01     7.485171e-06
 * time: 971.4491901397705
   920     9.508643e+01     8.808980e-06
 * time: 1011.26522397995
   940     9.508643e+01     9.737855e-07
 * time: 1031.4472949504852
   960     9.508643e+01     1.125157e-06
 * time: 1060.291846036911
   980     9.508643e+01     1.346936e-06
 * time: 1090.1704649925232
  1000     9.508643e+01     5.175965e-07
 * time: 1116.622360944748

Exiting inner optimizer with x = [8.530689721150125, 2.6092550953089485e-6, 0.0006998388083456876, 0.044211732238924245, 0.0015739720248286139, 0.9619584347154359, 0.999967362411263, 0.9999141283409081, 0.40752736716220667, 0.9991880798996333, 0.9607124376703764, 0.7000000051836006, 0.999965237227966]
Current distance to box: 2.60926e-6
Decreasing barrier term μ.

Fminbox iteration 3
-------------------
Calling inner optimizer with mu = 1.50985e-7

(numbers below include barrier contribution)
Iter     Function value   Gradient norm 
     0     9.507409e+01     5.786514e+01
 * time: 4.0531158447265625e-6
    20     9.507305e+01     1.944291e+03
 * time: 38.674960136413574
    40     9.507304e+01     4.225109e+01
 * time: 67.05248308181763
    60     9.507294e+01     5.700899e+01
 * time: 96.87159609794617
    80     9.507293e+01     3.814939e+01
 * time: 120.37189602851868
   100     9.507293e+01     5.996218e+00
 * time: 147.44459414482117
   120     9.507293e+01     1.614218e+01
 * time: 168.08488011360168
   140     9.507293e+01     3.477895e+01
 * time: 189.3787100315094
   160     9.507293e+01     7.244645e+00
 * time: 210.72653794288635
   180     9.507293e+01     7.341133e-01
 * time: 230.82893204689026
   200     9.507293e+01     4.086892e-02
 * time: 250.713849067688
   220     9.507293e+01     4.765514e-03
 * time: 270.42097902297974
   240     9.507293e+01     1.318147e-03
 * time: 289.9411361217499
   260     9.507293e+01     1.265773e-04
 * time: 309.49317693710327
   280     9.507293e+01     4.723858e-04
 * time: 330.08620500564575
   300     9.507293e+01     2.731349e-05
 * time: 349.7437529563904
   320     9.507293e+01     9.637807e-05
 * time: 375.2850389480591
   340     9.507293e+01     2.622276e-05
 * time: 399.39577198028564
   360     9.507293e+01     5.264652e-06
 * time: 420.52130913734436
   380     9.507293e+01     9.340360e-06
 * time: 442.08692502975464
   400     9.507293e+01     2.090742e-05
 * time: 464.6847679615021
   420     9.507293e+01     6.859364e-07
 * time: 486.3079500198364
   440     9.507293e+01     5.031424e-06
 * time: 509.4293649196625
   460     9.507293e+01     1.381049e-05
 * time: 536.1046669483185
   480     9.507293e+01     1.458569e-04
 * time: 556.7276840209961
   500     9.507293e+01     1.704992e-04
 * time: 580.8893301486969
   520     9.507293e+01     5.863517e-05
 * time: 603.0397930145264
   540     9.507293e+01     3.939236e-05
 * time: 626.0306799411774
   560     9.507293e+01     9.479504e-05
 * time: 649.5083689689636
   580     9.507293e+01     2.833724e-04
 * time: 670.2639091014862
   600     9.507293e+01     3.504764e-04
 * time: 693.4582800865173
   620     9.507293e+01     3.552655e-04
 * time: 714.6875269412994
   640     9.507293e+01     3.042851e-04
 * time: 736.0347740650177
   660     9.507293e+01     2.403767e-04
 * time: 760.6880729198456
   680     9.507293e+01     2.787261e-04
 * time: 783.2558789253235
   700     9.507293e+01     2.777802e-04
 * time: 805.4456579685211
   720     9.507293e+01     2.081653e-04
 * time: 830.0602560043335
   740     9.507293e+01     2.262481e-04
 * time: 850.2605741024017
   760     9.507293e+01     2.289820e-04
 * time: 871.0845839977264
   780     9.507293e+01     1.645458e-04
 * time: 894.3541820049286
   800     9.507293e+01     7.755758e-03
 * time: 914.0657730102539
   820     9.507293e+01     5.366180e-03
 * time: 933.7802219390869
   840     9.507293e+01     6.930446e-03
 * time: 953.3999769687653
   860     9.507293e+01     9.416200e-03
 * time: 974.9744250774384
   880     9.507293e+01     9.137783e-03
 * time: 994.7335209846497
   900     9.507293e+01     1.442661e-02
 * time: 1014.5745871067047
   920     9.507293e+01     2.028231e-02
 * time: 1035.27605509758
   940     9.507293e+01     1.892431e-02
 * time: 1055.698529958725
   960     9.507293e+01     1.895390e-02
 * time: 1076.1009089946747
   980     9.507293e+01     1.728193e-02
 * time: 1095.8931300640106
  1000     9.507293e+01     1.351794e-02
 * time: 1117.1243641376495

Exiting inner optimizer with x = [9.998231916336241, 2.615940683693723e-9, 6.981205382805739e-7, 0.04427214137450953, 0.0015631060380302882, 0.9616914693753654, 0.9999999344865586, 0.9999998312021992, 0.40000793110713817, 0.9999986596578853, 0.9603247776179649, 0.7032535877888767, 0.9999999323659672]
Current distance to box: 2.61594e-9
Decreasing barrier term μ.

Fminbox iteration 4
-------------------
Calling inner optimizer with mu = 1.50985e-10

(numbers below include barrier contribution)
Iter     Function value   Gradient norm 
     0     9.507291e+01     5.773091e+01
 * time: 5.0067901611328125e-6
    20     9.507291e+01     1.102492e+01
 * time: 42.16846990585327
    40     9.507291e+01     7.019688e+00
 * time: 69.34585094451904
    60     9.507291e+01     2.790090e+00
 * time: 89.64600205421448
    80     9.507291e+01     3.551591e-01
 * time: 109.49271488189697
   100     9.507291e+01     8.318587e-02
 * time: 130.2928409576416
   120     9.507291e+01     1.124184e-02
 * time: 150.05413508415222
   140     9.507291e+01     3.109970e-02
 * time: 171.2489950656891
   160     9.507291e+01     2.154564e-02
 * time: 191.95727396011353
   180     9.507291e+01     2.267231e-02
 * time: 213.6719799041748
   200     9.507291e+01     2.232421e-02
 * time: 233.96678495407104
   220     9.507291e+01     2.326279e-02
 * time: 254.1508810520172
   240     9.507291e+01     2.151054e-02
 * time: 278.37334990501404
   260     9.507291e+01     9.883146e-03
 * time: 301.12486600875854
   280     9.507291e+01     3.233614e-03
 * time: 324.18193793296814
   300     9.507291e+01     5.480798e-04
 * time: 344.38129687309265
   320     9.507291e+01     6.602105e-05
 * time: 365.84101486206055
   340     9.507291e+01     6.406307e-05
 * time: 389.224200963974
   360     9.507291e+01     1.544602e-04
 * time: 411.169331073761
   380     9.507291e+01     3.997576e-05
 * time: 435.5440819263458

Exiting inner optimizer with x = [9.999998232263007, 2.6153410666676343e-12, 6.984530399585845e-10, 0.044272213731446595, 0.0015630905810832222, 0.9616911512530563, 0.9999999999338055, 0.9999999998264795, 0.40000000792990903, 0.9999999983696258, 0.9603243041057805, 0.7032536561564291, 0.9999999999316195]
Current distance to box: 2.61534e-12
Decreasing barrier term μ.

Fminbox iteration 5
-------------------
Calling inner optimizer with mu = 1.50985e-13

(numbers below include barrier contribution)
Iter     Function value   Gradient norm 
     0     9.507291e+01     5.773061e+01
 * time: 3.600120544433594e-5
    20     9.507291e+01     1.205290e+00
 * time: 31.241175889968872
    40     9.507291e+01     5.117430e-01
 * time: 51.593899965286255
    60     9.507291e+01     3.545945e-02
 * time: 71.54607892036438
    80     9.507291e+01     3.735376e-01
 * time: 118.73899793624878
   100     9.507291e+01     8.041069e-02
 * time: 141.9485468864441
   120     9.507291e+01     1.408966e-01
 * time: 163.0851719379425
   140     9.507291e+01     6.304042e-02
 * time: 189.47444605827332
   160     9.507291e+01     7.935371e-02
 * time: 212.3314049243927

Exiting inner optimizer with x = [9.999999998232472, 2.619527752485006e-15, 6.981419255587617e-13, 0.044272213867271246, 0.0015630905584462418, 0.9616911506698298, 0.9999999999999338, 0.9999999999998265, 0.40000000000793146, 0.9999999999983693, 0.960324303310162, 0.7032536561630028, 0.9999999999999315]
Current distance to box: 2.61953e-15
Decreasing barrier term μ.

Fminbox iteration 6
-------------------
Calling inner optimizer with mu = 1.50985e-16

(numbers below include barrier contribution)
Iter     Function value   Gradient norm 
     0     9.507291e+01     5.773061e+01
 * time: 3.409385681152344e-5
    20     9.507291e+01     1.800054e+01
 * time: 386.2183771133423
    40     9.507291e+01     1.416892e+00
 * time: 954.8530020713806

Exiting inner optimizer with x = [9.999999999997717, 2.3345073463057653e-18, 1.0006490296705646e-15, 0.044272213906960095, 0.00156309055340307, 0.9616911504802366, 0.9999999999999999, 0.9999999999999998, 0.400000000000005, 0.9999999999999992, 0.9603243031014489, 0.7032536561629568, 0.9999999999999999]
Current distance to box: 2.33451e-18
Decreasing barrier term μ.

Fminbox iteration 7
-------------------
Calling inner optimizer with mu = 1.50985e-19

(numbers below include barrier contribution)
Iter     Function value   Gradient norm 
     0     9.507291e+01     5.773061e+01
 * time: 3.814697265625e-6
    20     9.507291e+01     5.737990e+01
 * time: 684.3005058765411
    40     9.507291e+01     5.739408e+01
 * time: 1460.0841569900513
    60     9.507291e+01     5.740153e+01
 * time: 2227.6778399944305

Exiting inner optimizer with x = [9.999999999999776, 4.554726722869545e-19, 1.5533640451070894e-19, 0.04427221394296515, 0.0015630905514388868, 0.961691150428299, 0.9999999999999999, 0.9999999999999999, 0.40000000000000047, 0.9999999999999999, 0.960324303093863, 0.7032536561629568, 0.9999999999999999]
Current distance to box: 1.55336e-19
Decreasing barrier term μ.

Fminbox iteration 8
-------------------
Calling inner optimizer with mu = 1.50985e-22

(numbers below include barrier contribution)
Iter     Function value   Gradient norm 
     0     9.507291e+01     5.773061e+01
 * time: 5.0067901611328125e-6

Exiting inner optimizer with x = [9.999999999999844, 2.2283111640437407e-19, 1.5524357108198525e-19, 0.04427221394136779, 0.001563090551253962, 0.9616911504275406, 0.9999999999999999, 0.9999999999999999, 0.40000000000000047, 0.9999999999999999, 0.9603243030941142, 0.7032536561629568, 0.9999999999999999]
Current distance to box: 1.55244e-19
Decreasing barrier term μ.

Fminbox iteration 9
-------------------
Calling inner optimizer with mu = 1.50985e-25

(numbers below include barrier contribution)
Iter     Function value   Gradient norm 
     0     9.507291e+01     5.773061e+01
 * time: 5.0067901611328125e-6
    20     9.507291e+01     5.773061e+01
 * time: 817.0402619838715
    40     9.507291e+01     7.707915e+17
 * time: 1540.5519049167633

Exiting inner optimizer with x = [9.99999999999985, 1.590967885841836e-19, 7.188687896407223e-68, 0.04427221394136319, 0.0015630905512578474, 0.9616911504275384, 0.9999999999999999, 0.9999999999999999, 0.4000000000000015, 0.9999999999999992, 0.9603243030941144, 0.7032536561629568, 0.9999999999999999]
Current distance to box: 7.18869e-68
Decreasing barrier term μ.

Fminbox iteration 10
--------------------
Calling inner optimizer with mu = 1.50985e-28

(numbers below include barrier contribution)
Iter     Function value   Gradient norm 
     0     9.507291e+01     5.773061e+01
 * time: 4.0531158447265625e-6
    20     9.507300e+01     5.781477e+01
 * time: 781.4656109809875

Exiting inner optimizer with x = [9.999999999999849, 4.770036514017965e-48, 0.000410768600250941, 0.044272213941336104, 0.0015630905502744218, 0.9616911504275688, 0.9999999999999999, 0.9999999999999999, 0.4000000000000002, 0.9999999999999996, 0.9603243030941062, 0.7032536561629568, 0.9999999999999999]
Current distance to box: 4.77004e-48
Decreasing barrier term μ.

Fminbox iteration 11
--------------------
Calling inner optimizer with mu = 1.50985e-31

(numbers below include barrier contribution)
Iter     Function value   Gradient norm 
     0     9.507300e+01     5.781477e+01
 * time: 4.0531158447265625e-6

Exiting inner optimizer with x = [9.999999999999849, 4.770036947418892e-48, 0.0004107686002502047, 0.04427221394133649, 0.0015630905502736071, 0.9616911504275688, 0.9999999999999999, 0.9999999999999999, 0.4000000000000002, 0.9999999999999994, 0.9603243030941061, 0.7032536561629568, 0.9999999999999999]
Current distance to box: 4.77004e-48
Decreasing barrier term μ.

Fminbox iteration 12
--------------------
Calling inner optimizer with mu = 1.50985e-34

(numbers below include barrier contribution)
Iter     Function value   Gradient norm 
     0     9.507300e+01     5.781477e+01
 * time: 3.0994415283203125e-6

Exiting inner optimizer with x = [9.999999999999849, 4.770036924529024e-48, 0.0004107686002500898, 0.044272213941336507, 0.0015630905502734388, 0.9616911504275688, 0.9999999999999999, 0.9999999999999999, 0.4000000000000002, 0.9999999999999994, 0.9603243030941061, 0.7032536561629568, 0.9999999999999999]
Current distance to box: 4.77004e-48
Decreasing barrier term μ.

6-element Vector{Any}:
   "Err2f8="
 95.072996027305
   "par2f8="
   [9491.698589102096, 3.7867885928014893, 2.282972432258884, 0.9407139791767547, 9.999999999999849, 0.11784770556372894, 0.58, 0.001, 0.15459463331892578, 0.6976487340139972, 0.001310080700085496, 4.770036924529024e-48, 0.0004107686002500898, 0.044272213941336507, 0.0015630905502734388]
   "order2f8="
   [0.9616911504275688, 0.9999999999999999, 0.9999999999999999, 0.4000000000000002, 0.9999999999999994, 0.9603243030941061, 0.7032536561629568, 0.9999999999999999]
76×2 Matrix{Float64}:
   5.0                    0.0
   3.0717655196872515     0.01360324270157735
   2.999922355993544      0.044853941244534005
   3.657218423322628      0.09064541020395397
   4.824490076809029      0.15366247001786962
   6.514483678468931      0.23970888206968427
   8.85353874129187       0.35734337751071643
  12.05030878912861       0.5183806033572562
  16.39737011448664       0.7388845667890709
  22.28705247299929       1.0405901692395465
  30.234130619497236      1.452796385098194
  40.900619519032375      2.0148099010658203
  55.11640062438673       2.779011079630416
  73.88505628492199       3.8145592131834865
  98.35768336440424       5.211626591774472
 129.7502161550879        7.085816717136741
 169.17649035018547       9.582054158974561
 217.3790037717547       12.876749150996549
 274.37395556070294      17.176560148774406
 339.0914714985446       22.711884004355813
 409.1647346868144       29.723709967470317
 481.04429355927897      38.44400083921106
 550.5205045220567       49.0721265566747
 613.5351234906169       61.752104846151674
 666.9793713963002       76.55611930958655
 709.1661836004802       93.47822281961724
 739.847852775596       112.43894140201945
 759.8794434733802      133.2983455964733
 770.7443583792992      155.8734865098789
 774.1297771887153      179.95620944132676
 771.6414628106834      205.32860301419444
 764.6609410959122      231.77482798498238
 754.3056575985765      259.089218681653
 741.4467888643109      287.0811936590624
 726.7506238757288      315.57773870448176
 710.7235604460164      344.42420016124703
 693.7515530839003      373.4839908307162
 676.1312752524982      402.6376521915292
 658.0933613687139      431.7815772139459
 639.8192131793055      460.8265908469372
 621.4529948153034      489.6965093292769
 603.1101952739233      518.3267486338872
 584.8838026699126      546.6630197170591
 566.848833393417       574.6601280186923
 549.065726316921       602.2808825447399
 531.5829455964982      629.4951128865364
 514.4390217914505      656.2787887331208
 497.66418530115527     682.6132345588605
 481.28169643218286     708.4844314360818
 465.30894395072886     733.8823978490302
 449.7583627002919      758.8006416784339
 434.6382067817528      783.2356760093096
 419.9532053255315      807.1865919839978
 405.7051213937299      830.6546825167517
 391.89322999366095     853.6431112708075
 378.5147279052804      876.1566218547857
 365.5650856038996      898.2012827130956
 353.03834972723087     919.7842636608502
 340.92740311649874     940.9136404471288
 329.2241883393435      961.5982241225217
 317.91989969907587     981.8474123401342
 307.0051479969424     1001.671060036329
 296.470101703341      1021.0793672215511
 286.3046076832986     1040.0827818654755
 276.49829419095346    1058.6919160873695
 267.0406584820311     1076.9174740646617
 257.92114108111093    1094.7701902526994
 249.12918847244302    1112.2607766689255
 240.6543057524657     1129.3998781372109
 232.4861005826894     1146.1980345147942
 224.614319609186      1162.66564903686
 217.02887836488804    1178.8129620137909
 209.7198855408331     1194.6500292049136
 202.67766239898367    1210.1867042713495
 195.89275800050677    1225.4326247804936
 189.35596083701543    1240.3972012966487