Fminbox
-------
Initial mu = 0.0482449

Fminbox iteration 1
-------------------
Calling inner optimizer with mu = 0.0482449

(numbers below include barrier contribution)
Iter     Function value   Gradient norm 
     0     4.844267e+02     4.772031e+02
 * time: 0.013857126235961914
    20     3.337939e+02     5.549827e+11
 * time: 10.711661100387573
    40     2.712443e+02     1.097677e+09
 * time: 18.159783124923706
    60     2.587032e+02     5.047851e+01
 * time: 26.58839201927185
    80     1.470594e+02     1.202534e+03
 * time: 38.090126037597656
   100     1.175554e+02     4.598178e-03
 * time: 47.23972511291504

Exiting inner optimizer with x = [0.04798588385543435, 0.7959365899772844, 0.03707408395428506]
Current distance to box: 0.0370741
Decreasing barrier term μ.

Fminbox iteration 2
-------------------
Calling inner optimizer with mu = 4.82449e-5

(numbers below include barrier contribution)
Iter     Function value   Gradient norm 
     0     1.171585e+02     1.251606e+00
 * time: 7.152557373046875e-6

Exiting inner optimizer with x = [0.04791029408756095, 0.9996476386627516, 0.037107017969163034]
Current distance to box: 0.000352361
Decreasing barrier term μ.

Fminbox iteration 3
-------------------
Calling inner optimizer with mu = 4.82449e-8

(numbers below include barrier contribution)
Iter     Function value   Gradient norm 
     0     1.171264e+02     1.368699e-01
 * time: 4.0531158447265625e-6

Exiting inner optimizer with x = [0.047910189405468075, 0.9999996473696486, 0.03710706887790336]
Current distance to box: 3.5263e-7
Decreasing barrier term μ.

Fminbox iteration 4
-------------------
Calling inner optimizer with mu = 4.82449e-11

(numbers below include barrier contribution)
Iter     Function value   Gradient norm 
     0     1.171264e+02     1.368143e-01
 * time: 5.0067901611328125e-6

Exiting inner optimizer with x = [0.04791018930080919, 0.9999999996473694, 0.03710706892883688]
Current distance to box: 3.52631e-10
Decreasing barrier term μ.

Fminbox
-------
Initial mu = 0.250845

Fminbox iteration 1
-------------------
Calling inner optimizer with mu = 0.250845

(numbers below include barrier contribution)
Iter     Function value   Gradient norm 
     0     1.522941e+03     3.188906e+03
 * time: 6.198883056640625e-6
    20     2.507489e+02     3.950797e+03
 * time: 13.211107015609741
    40     2.251308e+02     3.628129e+10
 * time: 28.15936517715454
    60     1.356205e+02     6.246751e+06
 * time: 47.14615201950073
    80     1.007921e+02     5.045537e+04
 * time: 59.60041403770447
   100     9.893145e+01     8.884579e+02
 * time: 76.09522604942322
   120     9.877662e+01     1.107249e-05
 * time: 86.25407218933105

Exiting inner optimizer with x = [5.008264744283504, 0.0028664713372891157, 0.4684026425654237, 0.03591339569484459, 0.002447569405563776]
Current distance to box: 0.00244757
Decreasing barrier term μ.

Fminbox iteration 2
-------------------
Calling inner optimizer with mu = 0.000250845

(numbers below include barrier contribution)
Iter     Function value   Gradient norm 
     0     9.541683e+01     1.022392e+02
 * time: 5.0067901611328125e-6
    20     9.522522e+01     2.215379e-05
 * time: 11.34757685661316
    40     9.522522e+01     3.174319e-06
 * time: 23.230506896972656

Exiting inner optimizer with x = [8.929480030931895, 6.0071007737888915e-6, 0.12141696730548719, 0.03616404424387702, 0.002560764265212365]
Current distance to box: 6.0071e-6
Decreasing barrier term μ.

Fminbox iteration 3
-------------------
Calling inner optimizer with mu = 2.50845e-7

(numbers below include barrier contribution)
Iter     Function value   Gradient norm 
     0     9.521987e+01     4.175780e+01
 * time: 5.0067901611328125e-6
    20     9.521940e+01     1.502110e+02
 * time: 12.84912109375

Exiting inner optimizer with x = [9.998785682758598, 6.029768666599988e-9, 0.1147920721740229, 0.03616281715644051, 0.0025611139627903473]
Current distance to box: 6.02977e-9
Decreasing barrier term μ.

Fminbox iteration 4
-------------------
Calling inner optimizer with mu = 2.50845e-10

(numbers below include barrier contribution)
Iter     Function value   Gradient norm 
     0     9.521939e+01     4.160109e+01
 * time: 5.0067901611328125e-6
    20     9.521939e+01     4.872664e-02
 * time: 13.231744050979614

Exiting inner optimizer with x = [9.999998785534371, 6.029774583522775e-12, 0.11478507037238948, 0.036162815807962004, 0.002561114314289744]
Current distance to box: 6.02977e-12
Decreasing barrier term μ.

Fminbox iteration 5
-------------------
Calling inner optimizer with mu = 2.50845e-13

(numbers below include barrier contribution)
Iter     Function value   Gradient norm 
     0     9.521939e+01     4.160093e+01
 * time: 4.0531158447265625e-6
    20     9.521939e+01     1.668745e+00
 * time: 13.459914922714233

Exiting inner optimizer with x = [9.999999998785546, 6.0294515994632124e-15, 0.11478505698487806, 0.036162815804512596, 0.002561114314876385]
Current distance to box: 6.02945e-15
Decreasing barrier term μ.

Fminbox iteration 6
-------------------
Calling inner optimizer with mu = 2.50845e-16

(numbers below include barrier contribution)
Iter     Function value   Gradient norm 
     0     9.521939e+01     4.160093e+01
 * time: 4.0531158447265625e-6
    20     9.521939e+01     3.426515e-02
 * time: 11.70056700706482

Exiting inner optimizer with x = [9.999999999998785, 6.0347588687663675e-18, 0.11478505745930409, 0.036162815804652824, 0.002561114314861604]
Current distance to box: 6.03476e-18
Decreasing barrier term μ.

Fminbox iteration 7
-------------------
Calling inner optimizer with mu = 2.50845e-19

(numbers below include barrier contribution)
Iter     Function value   Gradient norm 
     0     9.521939e+01     4.160093e+01
 * time: 4.0531158447265625e-6

Exiting inner optimizer with x = [9.999999999999998, 9.273066308026658e-21, 0.11478505745930406, 0.03616281580465284, 0.002561114314861529]
Current distance to box: 9.27307e-21
Decreasing barrier term μ.

Fminbox
-------
Initial mu = 0.0823026

Fminbox iteration 1
-------------------
Calling inner optimizer with mu = 0.0823026

(numbers below include barrier contribution)
Iter     Function value   Gradient norm 
     0     1.996703e+02     2.994095e+03
 * time: 5.9604644775390625e-6
    20     1.185286e+02     4.165649e+01
 * time: 9.967072010040283
    40     1.185175e+02     9.082919e-07
 * time: 19.91519594192505
    60     1.185175e+02     3.551257e-07
 * time: 29.863175868988037

Exiting inner optimizer with x = [0.04853338689130391, 0.7054777976513262, 0.03761011885678752, 0.9971058041980017]
Current distance to box: 0.0018942
Decreasing barrier term μ.

Fminbox iteration 2
-------------------
Calling inner optimizer with mu = 8.23026e-5

(numbers below include barrier contribution)
Iter     Function value   Gradient norm 
     0     1.172897e+02     4.328311e+01
 * time: 5.0067901611328125e-6
    20     1.171680e+02     2.871532e-07
 * time: 11.565505027770996
    40     1.171680e+02     7.597506e-08
 * time: 20.60299587249756
    60     1.171680e+02     9.472455e-07
 * time: 30.590192079544067
    80     1.171680e+02     3.526857e-07
 * time: 40.2562780380249
   100     1.171680e+02     2.346335e-07
 * time: 50.68339800834656
   120     1.171680e+02     2.334919e-07
 * time: 58.841317892074585
   140     1.171680e+02     6.581738e-08
 * time: 71.38089203834534

Exiting inner optimizer with x = [0.04808344286692891, 0.9993554871730348, 0.03729787143976785, 0.9989979860106304]
Current distance to box: 2.01399e-6
Decreasing barrier term μ.

Fminbox iteration 3
-------------------
Calling inner optimizer with mu = 8.23026e-8

(numbers below include barrier contribution)
Iter     Function value   Gradient norm 
     0     1.171658e+02     4.086530e+01
 * time: 5.9604644775390625e-6

Exiting inner optimizer with x = [0.0480829050307302, 0.9999993546722444, 0.037297580670068164, 0.9989999979860048]
Current distance to box: 2.014e-9
Decreasing barrier term μ.

Fminbox iteration 4
-------------------
Calling inner optimizer with mu = 8.23026e-11

(numbers below include barrier contribution)
Iter     Function value   Gradient norm 
     0     1.171656e+02     4.086535e+01
 * time: 5.0067901611328125e-6

Exiting inner optimizer with x = [0.04808290449266765, 0.9999999993546617, 0.03729758037948673, 0.998999999997986]
Current distance to box: 2.01394e-12
Decreasing barrier term μ.

Fminbox iteration 5
-------------------
Calling inner optimizer with mu = 8.23026e-14

(numbers below include barrier contribution)
Iter     Function value   Gradient norm 
     0     1.171656e+02     4.086535e+01
 * time: 4.0531158447265625e-6
    20     1.171656e+02     3.188763e-01
 * time: 101.10030508041382

Exiting inner optimizer with x = [0.048082904493812986, 0.9999999999993395, 0.037297580375577545, 0.998999999999998]
Current distance to box: 1.9984e-15
Decreasing barrier term μ.

Fminbox iteration 6
-------------------
Calling inner optimizer with mu = 8.23026e-17

(numbers below include barrier contribution)
Iter     Function value   Gradient norm 
     0     1.171656e+02     4.086535e+01
 * time: 4.0531158447265625e-6
    20     1.171656e+02     4.012403e+01
 * time: 170.27636003494263
    40     1.171656e+02     4.012403e+01
 * time: 370.29452300071716

Exiting inner optimizer with x = [0.04808290427038985, 0.9999999999999999, 0.037297580471214224, 0.9989999999999999]
Current distance to box: 1.11022e-16
Decreasing barrier term μ.

Fminbox iteration 7
-------------------
Calling inner optimizer with mu = 8.23026e-20

(numbers below include barrier contribution)
Iter     Function value   Gradient norm 
     0     1.171656e+02     4.086535e+01
 * time: 5.0067901611328125e-6

Exiting inner optimizer with x = [0.04808290427038985, 0.9999999999999999, 0.037297580471214224, 0.9989999999999999]
Current distance to box: 1.11022e-16
Decreasing barrier term μ.

Fminbox
-------
Initial mu = 0.302747

Fminbox iteration 1
-------------------
Calling inner optimizer with mu = 0.302747

(numbers below include barrier contribution)
Iter     Function value   Gradient norm 
     0     7.986059e+02     6.398071e+03
 * time: 5.0067901611328125e-6
    20     1.317524e+02     1.951097e+03
 * time: 20.54527521133423
    40     1.019744e+02     2.683237e+02
 * time: 39.409615993499756
    60     1.018728e+02     2.193461e-06
 * time: 56.82379698753357
    80     1.018728e+02     9.244899e-07
 * time: 73.64059805870056
   100     1.018728e+02     1.993283e-07
 * time: 87.61715507507324
   120     1.018728e+02     2.145943e-07
 * time: 101.53987908363342
   140     1.018728e+02     1.284085e-07
 * time: 114.6671040058136
   160     1.018728e+02     2.167067e-07
 * time: 127.63961601257324
   180     1.018728e+02     5.633570e-07
 * time: 142.04897809028625
   200     1.018728e+02     6.348945e-08
 * time: 155.28184819221497
   220     1.018728e+02     1.379359e-08
 * time: 170.39959406852722

Exiting inner optimizer with x = [5.018409650783333, 0.0030676422689756445, 0.36092215675938044, 0.03892564089320455, 0.0026854738032489694, 0.9853043269149053]
Current distance to box: 0.00268547
Decreasing barrier term μ.

Fminbox iteration 2
-------------------
Calling inner optimizer with mu = 0.000302747

(numbers below include barrier contribution)
Iter     Function value   Gradient norm 
     0     9.602645e+01     1.124374e+02
 * time: 5.9604644775390625e-6
    20     9.543578e+01     4.409506e+01
 * time: 17.314610958099365
    40     9.543551e+01     5.181173e-07
 * time: 35.35294508934021
    60     9.543551e+01     8.162058e-08
 * time: 49.526384115219116
    80     9.543551e+01     1.435284e-07
 * time: 63.69222712516785
   100     9.543551e+01     1.302990e-07
 * time: 77.87725806236267
   120     9.543551e+01     2.358963e-07
 * time: 91.33094811439514
   140     9.543551e+01     1.401587e-07
 * time: 103.39299201965332
   160     9.543551e+01     1.232988e-07
 * time: 117.8076491355896
   180     9.543551e+01     3.021916e-07
 * time: 132.47427201271057
   200     9.543551e+01     1.848309e-07
 * time: 145.4564950466156
   220     9.543551e+01     2.588164e-07
 * time: 158.9391360282898

Exiting inner optimizer with x = [9.416870055029634, 6.142571250180551e-6, 0.0009972712651338503, 0.03819618483560036, 0.002731936373672956, 0.9899920688212205]
Current distance to box: 6.14257e-6
Decreasing barrier term μ.

Fminbox iteration 3
-------------------
Calling inner optimizer with mu = 3.02747e-7

(numbers below include barrier contribution)
Iter     Function value   Gradient norm 
     0     9.542376e+01     4.928644e+01
 * time: 4.100799560546875e-5
    20     9.542258e+01     3.364537e+01
 * time: 19.23847508430481
    40     9.542257e+01     2.196685e-06
 * time: 32.712281942367554

Exiting inner optimizer with x = [9.99937838718499, 6.155459763462452e-9, 9.983840047624688e-7, 0.03819491981473756, 0.0027320135428439423, 0.9899999920518338]
Current distance to box: 6.15546e-9
Decreasing barrier term μ.

Fminbox iteration 4
-------------------
Calling inner optimizer with mu = 3.02747e-10

(numbers below include barrier contribution)
Iter     Function value   Gradient norm 
     0     9.542255e+01     4.918353e+01
 * time: 5.0067901611328125e-6
    20     9.542255e+01     7.914643e-03
 * time: 18.52530813217163

Exiting inner optimizer with x = [9.999999378348368, 6.155472812368667e-12, 9.983849744104108e-10, 0.03819491854682985, 0.002732013615648592, 0.9899999999920518]
Current distance to box: 6.15547e-12
Decreasing barrier term μ.

Fminbox iteration 5
-------------------
Calling inner optimizer with mu = 3.02747e-13

(numbers below include barrier contribution)
Iter     Function value   Gradient norm 
     0     9.542255e+01     4.918343e+01
 * time: 5.0067901611328125e-6
    20     9.542255e+01     2.609954e+00
 * time: 16.086153984069824

Exiting inner optimizer with x = [9.999999999378423, 6.146146990252838e-15, 1.0006740882161104e-12, 0.03819491854552219, 0.002732013615729363, 0.989999999999992]
Current distance to box: 6.14615e-15
Decreasing barrier term μ.

Fminbox iteration 6
-------------------
Calling inner optimizer with mu = 3.02747e-16

(numbers below include barrier contribution)
Iter     Function value   Gradient norm 
     0     9.542255e+01     4.918343e+01
 * time: 5.0067901611328125e-6

Exiting inner optimizer with x = [9.999999999999414, 2.857915975680935e-20, 2.653625419680332e-16, 0.03819491853863861, 0.0027320136162556586, 0.9899999999999999]
Current distance to box: 2.85792e-20
Decreasing barrier term μ.

Fminbox iteration 7
-------------------
Calling inner optimizer with mu = 3.02747e-19

(numbers below include barrier contribution)
Iter     Function value   Gradient norm 
     0     9.542255e+01     4.918343e+01
 * time: 4.0531158447265625e-6

Exiting inner optimizer with x = [9.999999999999414, 5.937982064729944e-21, 2.649215114959397e-16, 0.03819491853863861, 0.0027320136162556586, 0.9899999999999999]
Current distance to box: 5.93798e-21
Decreasing barrier term μ.

Fminbox
-------
Initial mu = 0.0295242

Fminbox iteration 1
-------------------
Calling inner optimizer with mu = 0.0295242

(numbers below include barrier contribution)
Iter     Function value   Gradient norm 
     0     3.349593e+02     1.100235e+03
 * time: 1.0013580322265625e-5
    20     1.372265e+02     1.412153e+03
 * time: 33.41383600234985
    40     9.922846e+01     2.688375e+02
 * time: 63.967507123947144
    60     9.892124e+01     1.932393e+01
 * time: 85.21996402740479
    80     9.884175e+01     1.789408e+02
 * time: 104.75834512710571
   100     9.836591e+01     2.231513e+01
 * time: 125.97489213943481
   120     9.835848e+01     9.999733e-02
 * time: 143.8278329372406
   140     9.835848e+01     3.096336e-07
 * time: 162.50581002235413
   160     9.835848e+01     2.191246e-07
 * time: 184.16163611412048
   180     9.835848e+01     3.318504e-07
 * time: 205.43723106384277

Exiting inner optimizer with x = [0.0003189293417933499, 0.03095703048620094, 0.06410596135760073, 0.9036557160217894, 0.9971831510303814, 0.9945231863086674, 0.43313317395031037, 0.6999999999378371, 0.9185565138319565, 0.6999999999378371, 0.9994150132604488]
Current distance to box: 0.000318929
Decreasing barrier term μ.

Fminbox iteration 2
-------------------
Calling inner optimizer with mu = 2.95242e-5

(numbers below include barrier contribution)
Iter     Function value   Gradient norm 
     0     9.690078e+01     9.254486e+01
 * time: 5.0067901611328125e-6
    20     9.673678e+01     5.024131e+01
 * time: 35.262588024139404
    40     9.673659e+01     1.363472e-01
 * time: 55.388360023498535
    60     9.673659e+01     7.519520e-05
 * time: 72.39171600341797
    80     9.673659e+01     2.408284e-07
 * time: 91.80993914604187
   100     9.673659e+01     3.689177e-07
 * time: 117.97596907615662
   120     9.673659e+01     1.739251e-07
 * time: 148.03174304962158
   140     9.673659e+01     1.995467e-07
 * time: 177.2267940044403
   160     9.673659e+01     1.493626e-07
 * time: 206.393306016922
   180     9.673659e+01     1.359440e-07
 * time: 232.59220600128174

Exiting inner optimizer with x = [3.369194727492132e-7, 3.249168842323447e-5, 0.06450433971163766, 0.9017234909120732, 0.9999956026357796, 0.9999938153757265, 0.40003681263460567, 0.7000000001557395, 0.9119804612736482, 0.7000000001557395, 0.9999989808602133]
Current distance to box: 3.36919e-7
Decreasing barrier term μ.

Fminbox iteration 3
-------------------
Calling inner optimizer with mu = 2.95242e-8

(numbers below include barrier contribution)
Iter     Function value   Gradient norm 
     0     9.673395e+01     8.762989e+01
 * time: 6.198883056640625e-6
    20     9.673375e+01     3.437887e+00
 * time: 30.476859092712402
    40     9.673375e+01     3.563729e-05
 * time: 48.324979066848755
    60     9.673375e+01     2.204301e-06
 * time: 70.1437451839447

Exiting inner optimizer with x = [3.369428552296076e-10, 3.249373175750276e-8, 0.06450476567820937, 0.9017210417065914, 0.9999999924260504, 0.9999999876549883, 0.4000000368171904, 0.70000000500132, 0.9119712040438833, 0.70000000500132, 0.9999999988098355]
Current distance to box: 3.36943e-10
Decreasing barrier term μ.

Fminbox iteration 4
-------------------
Calling inner optimizer with mu = 2.95242e-11

(numbers below include barrier contribution)
Iter     Function value   Gradient norm 
     0     9.673375e+01     8.762383e+01
 * time: 3.814697265625e-6
    20     9.673375e+01     1.402893e-03
 * time: 28.730422973632812
    40     9.673375e+01     2.276011e-02
 * time: 49.211002826690674

Exiting inner optimizer with x = [3.3700902795329024e-13, 3.249617928156467e-11, 0.06450476636614096, 0.9017210375149036, 0.9999999999924166, 0.9999999999876309, 0.40000000003681313, 0.6999995435064267, 0.911971188035425, 0.6999995435064267, 0.9999999999988087]
Current distance to box: 3.37009e-13
Decreasing barrier term μ.

Fminbox iteration 5
-------------------
Calling inner optimizer with mu = 2.95242e-14

(numbers below include barrier contribution)
Iter     Function value   Gradient norm 
     0     9.673375e+01     8.762382e+01
 * time: 3.695487976074219e-5
    20     9.673375e+01     1.791084e+00
 * time: 38.138264894485474
    40     9.673375e+01     1.079786e+00
 * time: 65.69093585014343
    60     9.673375e+01     2.158737e+00
 * time: 102.01057887077332
    80     9.673375e+01     6.688608e-01
 * time: 123.95237302780151
   100     9.673375e+01     1.791084e+00
 * time: 152.94544386863708
   120     9.673375e+01     2.048618e+00
 * time: 171.78236889839172
   140     9.673375e+01     1.791084e+00
 * time: 242.72479486465454
   160     9.673375e+01     7.156599e-01
 * time: 295.77072501182556
   180     9.673375e+01     1.430093e+00
 * time: 362.58089900016785
   200     9.673375e+01     1.791083e+00
 * time: 389.7091670036316
   220     9.673375e+01     1.791084e+00
 * time: 413.3145258426666
   240     9.673375e+01     1.913026e+00
 * time: 435.8052158355713
   260     9.673375e+01     1.791084e+00
 * time: 457.6470010280609
   280     9.673375e+01     6.264672e-01
 * time: 478.1676359176636
   300     9.673375e+01     8.458185e-01
 * time: 514.1536240577698
   320     9.673375e+01     4.345776e+00
 * time: 540.3886430263519
   340     9.673375e+01     1.791084e+00
 * time: 564.9566600322723
   360     9.673375e+01     1.791084e+00
 * time: 619.3699259757996
   380     9.673375e+01     3.780205e+00
 * time: 638.2552080154419
   400     9.673375e+01     9.259230e-01
 * time: 656.65580701828
   420     9.673375e+01     6.435343e-01
 * time: 710.0536830425262
   440     9.673375e+01     3.050083e+00
 * time: 738.3994188308716
   460     9.673375e+01     1.791084e+00
 * time: 758.5844030380249
   480     9.673375e+01     1.791084e+00
 * time: 811.1141729354858

Exiting inner optimizer with x = [3.325421871413242e-16, 3.2632427402087585e-14, 0.06450476638409453, 0.9017210374742012, 0.9999999999999923, 0.9999999999999876, 0.40000000000003655, 0.6992491938076303, 0.9119711879137353, 0.6992491938076303, 0.9999999999999988]
Current distance to box: 3.32542e-16
Decreasing barrier term μ.

Fminbox iteration 6
-------------------
Calling inner optimizer with mu = 2.95242e-17

(numbers below include barrier contribution)
Iter     Function value   Gradient norm 
     0     9.673375e+01     8.762382e+01
 * time: 4.100799560546875e-5
    20     9.673375e+01     7.953338e+01
 * time: 659.1887910366058
    40     9.673375e+01     3.649683e+01
 * time: 1143.0340628623962

Exiting inner optimizer with x = [2.375884749949242e-19, 8.151737805200002e-18, 0.06450476628330276, 0.9017210377075897, 0.9999999999999999, 0.9999999999999999, 0.40000000000000013, 0.6992491938076304, 0.9119711884235927, 0.6992491938076304, 0.9999999999999999]
Current distance to box: 2.37588e-19
Decreasing barrier term μ.

Fminbox iteration 7
-------------------
Calling inner optimizer with mu = 2.95242e-20

(numbers below include barrier contribution)
Iter     Function value   Gradient norm 
     0     9.673375e+01     8.762382e+01
 * time: 5.0067901611328125e-6

Exiting inner optimizer with x = [2.4407423927419586e-19, 8.197032716953585e-18, 0.06450476631799341, 0.9017210376899536, 0.9999999999999999, 0.9999999999999999, 0.40000000000000013, 0.6992491938076304, 0.9119711884284579, 0.6992491938076304, 0.9999999999999999]
Current distance to box: 2.44074e-19
Decreasing barrier term μ.

Fminbox iteration 8
-------------------
Calling inner optimizer with mu = 2.95242e-23

(numbers below include barrier contribution)
Iter     Function value   Gradient norm 
     0     9.673375e+01     8.762382e+01
 * time: 4.0531158447265625e-6
    20     9.673375e+01     2.480197e+01
 * time: 591.1659119129181

Exiting inner optimizer with x = [2.2763557330669445e-24, 9.969361501133436e-18, 0.06450476631808381, 0.9017210376899253, 0.9999999999999999, 0.9999999999999999, 0.40000000000000013, 0.6992491938076304, 0.9119711884284676, 0.6992491938076304, 0.9999999999999999]
Current distance to box: 2.27636e-24
Decreasing barrier term μ.

Fminbox iteration 9
-------------------
Calling inner optimizer with mu = 2.95242e-26

(numbers below include barrier contribution)
Iter     Function value   Gradient norm 
     0     9.673375e+01     8.762382e+01
 * time: 5.9604644775390625e-6

Exiting inner optimizer with x = [3.124802719541187e-24, 1.3538184516422479e-17, 0.06450476631808383, 0.9017210376899253, 0.9999999999999999, 0.9999999999999999, 0.40000000000000013, 0.6992491938076304, 0.9119711884284676, 0.6992491938076304, 0.9999999999999999]
Current distance to box: 3.1248e-24
Decreasing barrier term μ.

Fminbox iteration 10
--------------------
Calling inner optimizer with mu = 2.95242e-29

(numbers below include barrier contribution)
Iter     Function value   Gradient norm 
     0     9.673375e+01     8.762382e+01
 * time: 5.0067901611328125e-6

Exiting inner optimizer with x = [3.501764491442352e-24, 1.5099938009885167e-17, 0.06450476631808383, 0.9017210376899253, 0.9999999999999999, 0.9999999999999999, 0.40000000000000013, 0.6992491938076304, 0.9119711884284676, 0.6992491938076304, 0.9999999999999999]
Current distance to box: 3.50176e-24
Decreasing barrier term μ.

Fminbox
-------
Initial mu = 0.150985

Fminbox iteration 1
-------------------
Calling inner optimizer with mu = 0.150985

(numbers below include barrier contribution)
Iter     Function value   Gradient norm 
     0     9.513645e+02     4.047461e+03
 * time: 5.9604644775390625e-6
    20     2.094943e+02     4.957876e+03
 * time: 46.326539039611816
    40     1.898258e+02     8.125099e+02
 * time: 77.33787894248962
    60     1.358984e+02     8.459184e+04
 * time: 112.3210380077362
    80     1.075006e+02     1.358541e+04
 * time: 146.98317289352417
   100     1.040014e+02     1.397771e+03
 * time: 173.9211540222168
   120     1.032817e+02     2.626387e+02
 * time: 197.77485299110413
   140     1.029537e+02     4.384093e+01
 * time: 221.88288187980652
   160     1.027034e+02     1.894755e+02
 * time: 242.72174191474915
   180     1.025068e+02     3.740020e+01
 * time: 264.0629298686981
   200     1.024375e+02     1.863478e+01
 * time: 284.2656190395355
   220     1.023662e+02     1.947700e+01
 * time: 305.5425398349762
   240     1.023655e+02     3.233049e-01
 * time: 326.30946803092957
   260     1.023655e+02     2.670709e-03
 * time: 346.5812819004059
   280     1.023655e+02     8.386648e-06
 * time: 366.90371084213257
   300     1.023655e+02     2.267635e-06
 * time: 389.1918590068817
   320     1.023655e+02     3.787077e-06
 * time: 410.47822189331055
   340     1.023655e+02     8.239366e-06
 * time: 436.79260087013245
   360     1.023655e+02     1.947756e-06
 * time: 459.55963683128357
   380     1.023655e+02     3.280362e-07
 * time: 488.4597978591919
   400     1.023655e+02     5.664713e-06
 * time: 514.3157470226288
   420     1.023655e+02     6.775025e-07
 * time: 547.3086969852448
   440     1.023655e+02     2.109000e-06
 * time: 575.7637009620667
   460     1.023655e+02     9.694459e-07
 * time: 600.6316609382629
   480     1.023655e+02     1.045923e-06
 * time: 628.4555180072784
   500     1.023655e+02     1.463442e-06
 * time: 658.8711628913879
   520     1.023655e+02     2.176867e-07
 * time: 687.3085868358612
   540     1.023655e+02     8.712730e-07
 * time: 716.7222309112549
   560     1.023655e+02     7.660886e-07
 * time: 743.0857689380646
   580     1.023655e+02     1.058522e-06
 * time: 774.4557089805603
   600     1.023655e+02     5.228208e-06
 * time: 804.4403159618378
   620     1.023655e+02     2.470201e-06
 * time: 835.4574148654938
   640     1.023655e+02     4.899009e-05
 * time: 864.4521539211273
   660     1.023655e+02     5.372924e-06
 * time: 890.3573868274689
   680     1.023655e+02     7.087569e-07
 * time: 916.6982378959656
   700     1.023655e+02     6.871209e-06
 * time: 942.0108180046082
   720     1.023655e+02     7.683004e-06
 * time: 971.4843728542328
   740     1.023655e+02     1.807088e-06
 * time: 998.8870439529419
   760     1.023655e+02     2.020071e-07
 * time: 1032.958004951477
   780     1.023655e+02     2.622666e-06
 * time: 1063.8296749591827
   800     1.023655e+02     3.198761e-07
 * time: 1093.2596979141235
   820     1.023655e+02     1.518882e-06
 * time: 1126.2121028900146
   840     1.023655e+02     7.790812e-07
 * time: 1153.1890559196472
   860     1.023655e+02     7.223270e-07
 * time: 1179.6380820274353
   880     1.023655e+02     2.131852e-07
 * time: 1207.627023935318
   900     1.023655e+02     3.347631e-06
 * time: 1233.546154975891
   920     1.023655e+02     3.087688e-06
 * time: 1259.4825279712677
   940     1.023655e+02     8.097806e-07
 * time: 1280.9003419876099
   960     1.023655e+02     5.575836e-06
 * time: 1311.4034340381622
   980     1.023655e+02     4.688386e-06
 * time: 1340.9443368911743
  1000     1.023655e+02     1.786584e-06
 * time: 1369.4202208518982

Exiting inner optimizer with x = [5.015895860232364, 0.0012744427386684135, 0.24706346704750476, 0.04348065467358272, 0.00286175467117168, 0.9653103870876553, 0.9933299799497118, 0.9759322049225594, 0.6287406974236913, 0.9208878285781111, 0.9681424346862932, 0.7000000000010664, 0.9759513940964095]
Current distance to box: 0.00127444
Decreasing barrier term μ.

Fminbox iteration 2
-------------------
Calling inner optimizer with mu = 0.000150985

(numbers below include barrier contribution)
Iter     Function value   Gradient norm 
     0     9.568875e+01     1.183271e+02
 * time: 5.0067901611328125e-6
    20     9.510269e+01     3.058716e+02
 * time: 37.25722098350525
    40     9.508778e+01     1.870806e+02
 * time: 63.91540002822876
    60     9.508669e+01     2.314840e+00
 * time: 85.83796620368958
    80     9.508668e+01     6.094925e-01
 * time: 107.1834921836853
   100     9.508667e+01     1.665562e+00
 * time: 128.46801614761353
   120     9.508664e+01     9.286162e+00
 * time: 148.7976861000061
   140     9.508664e+01     1.856681e-01
 * time: 169.07258319854736
   160     9.508664e+01     1.783840e-01
 * time: 190.3516571521759
   180     9.508664e+01     4.366896e-01
 * time: 211.2226550579071
   200     9.508664e+01     1.054938e+00
 * time: 232.0143210887909
   220     9.508663e+01     1.295503e+01
 * time: 252.33292603492737
   240     9.508651e+01     2.219349e+00
 * time: 273.6639130115509
   260     9.508647e+01     2.261913e+00
 * time: 294.51204109191895
   280     9.508644e+01     4.091516e+00
 * time: 316.39105010032654
   300     9.508643e+01     2.826861e+00
 * time: 336.78251600265503
   320     9.508643e+01     9.792707e-01
 * time: 357.16725516319275
   340     9.508643e+01     7.241396e-01
 * time: 377.58639121055603
   360     9.508643e+01     7.037787e-01
 * time: 397.9035050868988
   380     9.508643e+01     4.286811e-01
 * time: 418.18829798698425
   400     9.508643e+01     8.321998e-02
 * time: 438.6497161388397
   420     9.508643e+01     5.857333e-02
 * time: 459.0259871482849
   440     9.508643e+01     4.271797e-01
 * time: 480.77402806282043
   460     9.508643e+01     2.957573e-01
 * time: 501.2687292098999
   480     9.508643e+01     8.299697e-02
 * time: 522.0571711063385
   500     9.508643e+01     4.520519e-02
 * time: 542.3465280532837
   520     9.508643e+01     1.102025e-02
 * time: 562.6284310817719
   540     9.508643e+01     8.140792e-03
 * time: 583.4251410961151
   560     9.508643e+01     1.130560e-02
 * time: 603.7862241268158
   580     9.508643e+01     1.313161e-03
 * time: 624.1429851055145
   600     9.508643e+01     1.689752e-03
 * time: 644.5118210315704
   620     9.508643e+01     1.669312e-03
 * time: 664.8813860416412
   640     9.508643e+01     1.878406e-03
 * time: 685.8218321800232
   660     9.508643e+01     1.696847e-04
 * time: 707.2134690284729
   680     9.508643e+01     1.192964e-04
 * time: 727.5636692047119
   700     9.508643e+01     1.226521e-04
 * time: 747.9549691677094
   720     9.508643e+01     7.298947e-05
 * time: 768.297972202301
   740     9.508643e+01     5.133582e-05
 * time: 792.7423310279846
   760     9.508643e+01     4.015647e-05
 * time: 815.5972909927368
   780     9.508643e+01     4.136323e-05
 * time: 840.4664850234985
   800     9.508643e+01     1.076261e-05
 * time: 866.4226181507111
   820     9.508643e+01     7.661253e-06
 * time: 890.3301830291748
   840     9.508643e+01     8.062291e-06
 * time: 919.3050811290741
   860     9.508643e+01     7.144137e-06
 * time: 950.7859370708466
   880     9.508643e+01     7.008523e-06
 * time: 975.2488481998444
   900     9.508643e+01     7.485171e-06
 * time: 1002.2137491703033
   920     9.508643e+01     8.808980e-06
 * time: 1043.4466621875763
   940     9.508643e+01     9.737855e-07
 * time: 1064.2788321971893
   960     9.508643e+01     1.125157e-06
 * time: 1094.381578207016
   980     9.508643e+01     1.346936e-06
 * time: 1125.6110560894012
  1000     9.508643e+01     5.175965e-07
 * time: 1153.2121541500092

Exiting inner optimizer with x = [8.530689721150125, 2.6092550953089485e-6, 0.0006998388083456876, 0.044211732238924245, 0.0015739720248286139, 0.9619584347154359, 0.999967362411263, 0.9999141283409081, 0.40752736716220667, 0.9991880798996333, 0.9607124376703764, 0.7000000051836006, 0.999965237227966]
Current distance to box: 2.60926e-6
Decreasing barrier term μ.

Fminbox iteration 3
-------------------
Calling inner optimizer with mu = 1.50985e-7

(numbers below include barrier contribution)
Iter     Function value   Gradient norm 
     0     9.507409e+01     5.786514e+01
 * time: 3.814697265625e-6
    20     9.507305e+01     1.944291e+03
 * time: 40.38465595245361
    40     9.507304e+01     4.225109e+01
 * time: 69.96466398239136
    60     9.507294e+01     5.700899e+01
 * time: 100.97602200508118
    80     9.507293e+01     3.814939e+01
 * time: 125.55412983894348
   100     9.507293e+01     5.996218e+00
 * time: 153.81026482582092
   120     9.507293e+01     1.614218e+01
 * time: 175.17451691627502
   140     9.507293e+01     3.477895e+01
 * time: 197.08497881889343
   160     9.507293e+01     7.244645e+00
 * time: 219.02752685546875
   180     9.507293e+01     7.341133e-01
 * time: 239.40074396133423
   200     9.507293e+01     4.086892e-02
 * time: 259.8522789478302
   220     9.507293e+01     4.765514e-03
 * time: 280.2974178791046
   240     9.507293e+01     1.318147e-03
 * time: 300.68017983436584
   260     9.507293e+01     1.265773e-04
 * time: 321.1828029155731
   280     9.507293e+01     4.723858e-04
 * time: 343.3425757884979
   300     9.507293e+01     2.731349e-05
 * time: 363.7411789894104
   320     9.507293e+01     9.637807e-05
 * time: 390.1732909679413
   340     9.507293e+01     2.622276e-05
 * time: 415.160169839859
   360     9.507293e+01     5.264652e-06
 * time: 437.00175285339355
   380     9.507293e+01     9.340360e-06
 * time: 459.43688893318176
   400     9.507293e+01     2.090742e-05
 * time: 482.88872480392456
   420     9.507293e+01     6.859364e-07
 * time: 505.29078483581543
   440     9.507293e+01     5.031424e-06
 * time: 529.2739639282227
   460     9.507293e+01     1.381049e-05
 * time: 556.7792909145355
   480     9.507293e+01     1.458569e-04
 * time: 578.4701159000397
   500     9.507293e+01     1.704992e-04
 * time: 603.4224348068237
   520     9.507293e+01     5.863517e-05
 * time: 626.3583920001984
   540     9.507293e+01     3.939236e-05
 * time: 649.7774629592896
   560     9.507293e+01     9.479504e-05
 * time: 673.7856049537659
   580     9.507293e+01     2.833724e-04
 * time: 695.1759347915649
   600     9.507293e+01     3.504764e-04
 * time: 719.1366138458252
   620     9.507293e+01     3.552655e-04
 * time: 741.1081879138947
   640     9.507293e+01     3.042851e-04
 * time: 763.1449558734894
   660     9.507293e+01     2.403767e-04
 * time: 788.7878618240356
   680     9.507293e+01     2.787261e-04
 * time: 812.3818337917328
   700     9.507293e+01     2.777802e-04
 * time: 835.4292798042297
   720     9.507293e+01     2.081653e-04
 * time: 861.1342279911041
   740     9.507293e+01     2.262481e-04
 * time: 882.0799539089203
   760     9.507293e+01     2.289820e-04
 * time: 903.4739480018616
   780     9.507293e+01     1.645458e-04
 * time: 927.4497997760773
   800     9.507293e+01     7.755758e-03
 * time: 947.8943009376526
   820     9.507293e+01     5.366180e-03
 * time: 968.4201579093933
   840     9.507293e+01     6.930446e-03
 * time: 988.8779408931732
   860     9.507293e+01     9.416200e-03
 * time: 1011.257551908493
   880     9.507293e+01     9.137783e-03
 * time: 1031.6742029190063
   900     9.507293e+01     1.442661e-02
 * time: 1052.0951058864594
   920     9.507293e+01     2.028231e-02
 * time: 1073.050658941269
   940     9.507293e+01     1.892431e-02
 * time: 1094.0480799674988
   960     9.507293e+01     1.895390e-02
 * time: 1115.028158903122
   980     9.507293e+01     1.728193e-02
 * time: 1135.522300004959
  1000     9.507293e+01     1.351794e-02
 * time: 1157.5967659950256

Exiting inner optimizer with x = [9.998231916336241, 2.615940683693723e-9, 6.981205382805739e-7, 0.04427214137450953, 0.0015631060380302882, 0.9616914693753654, 0.9999999344865586, 0.9999998312021992, 0.40000793110713817, 0.9999986596578853, 0.9603247776179649, 0.7032535877888767, 0.9999999323659672]
Current distance to box: 2.61594e-9
Decreasing barrier term μ.

Fminbox iteration 4
-------------------
Calling inner optimizer with mu = 1.50985e-10

(numbers below include barrier contribution)
Iter     Function value   Gradient norm 
     0     9.507291e+01     5.773091e+01
 * time: 5.0067901611328125e-6
    20     9.507291e+01     1.102492e+01
 * time: 43.497727155685425
    40     9.507291e+01     7.019688e+00
 * time: 71.67300510406494
    60     9.507291e+01     2.790090e+00
 * time: 92.65024399757385
    80     9.507291e+01     3.551591e-01
 * time: 113.1715919971466
   100     9.507291e+01     8.318587e-02
 * time: 134.68834805488586
   120     9.507291e+01     1.124184e-02
 * time: 155.1904320716858
   140     9.507291e+01     3.109970e-02
 * time: 177.22711610794067
   160     9.507291e+01     2.154564e-02
 * time: 198.73989605903625
   180     9.507291e+01     2.267231e-02
 * time: 221.242112159729
   200     9.507291e+01     2.232421e-02
 * time: 242.68657302856445
   220     9.507291e+01     2.326279e-02
 * time: 263.9260950088501
   240     9.507291e+01     2.151054e-02
 * time: 288.98558616638184
   260     9.507291e+01     9.883146e-03
 * time: 312.7160620689392
   280     9.507291e+01     3.233614e-03
 * time: 336.31789207458496
   300     9.507291e+01     5.480798e-04
 * time: 356.8365180492401
   320     9.507291e+01     6.602105e-05
 * time: 378.899316072464
   340     9.507291e+01     6.406307e-05
 * time: 402.9890830516815
   360     9.507291e+01     1.544602e-04
 * time: 425.64346504211426
   380     9.507291e+01     3.997576e-05
 * time: 450.7384572029114

Exiting inner optimizer with x = [9.999998232263007, 2.6153410666676343e-12, 6.984530399585845e-10, 0.044272213731446595, 0.0015630905810832222, 0.9616911512530563, 0.9999999999338055, 0.9999999998264795, 0.40000000792990903, 0.9999999983696258, 0.9603243041057805, 0.7032536561564291, 0.9999999999316195]
Current distance to box: 2.61534e-12
Decreasing barrier term μ.

Fminbox iteration 5
-------------------
Calling inner optimizer with mu = 1.50985e-13

(numbers below include barrier contribution)
Iter     Function value   Gradient norm 
     0     9.507291e+01     5.773061e+01
 * time: 4.601478576660156e-5
    20     9.507291e+01     1.205290e+00
 * time: 32.10833215713501
    40     9.507291e+01     5.117430e-01
 * time: 53.02591109275818
    60     9.507291e+01     3.545945e-02
 * time: 73.4453821182251
    80     9.507291e+01     3.735376e-01
 * time: 121.96218609809875
   100     9.507291e+01     8.041069e-02
 * time: 145.40513110160828
   120     9.507291e+01     1.408966e-01
 * time: 166.92240715026855
   140     9.507291e+01     6.304042e-02
 * time: 194.0949501991272
   160     9.507291e+01     7.935371e-02
 * time: 217.69473600387573

Exiting inner optimizer with x = [9.999999998232472, 2.619527752485006e-15, 6.981419255587617e-13, 0.044272213867271246, 0.0015630905584462418, 0.9616911506698298, 0.9999999999999338, 0.9999999999998265, 0.40000000000793146, 0.9999999999983693, 0.960324303310162, 0.7032536561630028, 0.9999999999999315]
Current distance to box: 2.61953e-15
Decreasing barrier term μ.

Fminbox iteration 6
-------------------
Calling inner optimizer with mu = 1.50985e-16

(numbers below include barrier contribution)
Iter     Function value   Gradient norm 
     0     9.507291e+01     5.773061e+01
 * time: 3.1948089599609375e-5
    20     9.507291e+01     1.800054e+01
 * time: 394.7548830509186
    40     9.507291e+01     1.416892e+00
 * time: 970.8198530673981

Exiting inner optimizer with x = [9.999999999997717, 2.3345073463057653e-18, 1.0006490296705646e-15, 0.044272213906960095, 0.00156309055340307, 0.9616911504802366, 0.9999999999999999, 0.9999999999999998, 0.400000000000005, 0.9999999999999992, 0.9603243031014489, 0.7032536561629568, 0.9999999999999999]
Current distance to box: 2.33451e-18
Decreasing barrier term μ.

Fminbox iteration 7
-------------------
Calling inner optimizer with mu = 1.50985e-19

(numbers below include barrier contribution)
Iter     Function value   Gradient norm 
     0     9.507291e+01     5.773061e+01
 * time: 4.0531158447265625e-6
    20     9.507291e+01     5.737990e+01
 * time: 676.8879120349884
    40     9.507291e+01     5.739408e+01
 * time: 1442.2006459236145
    60     9.507291e+01     5.740153e+01
 * time: 2257.013345003128

Exiting inner optimizer with x = [9.999999999999776, 4.554726722869545e-19, 1.5533640451070894e-19, 0.04427221394296515, 0.0015630905514388868, 0.961691150428299, 0.9999999999999999, 0.9999999999999999, 0.40000000000000047, 0.9999999999999999, 0.960324303093863, 0.7032536561629568, 0.9999999999999999]
Current distance to box: 1.55336e-19
Decreasing barrier term μ.

Fminbox iteration 8
-------------------
Calling inner optimizer with mu = 1.50985e-22

(numbers below include barrier contribution)
Iter     Function value   Gradient norm 
     0     9.507291e+01     5.773061e+01
 * time: 5.0067901611328125e-6

Exiting inner optimizer with x = [9.999999999999844, 2.2283111640437407e-19, 1.5524357108198525e-19, 0.04427221394136779, 0.001563090551253962, 0.9616911504275406, 0.9999999999999999, 0.9999999999999999, 0.40000000000000047, 0.9999999999999999, 0.9603243030941142, 0.7032536561629568, 0.9999999999999999]
Current distance to box: 1.55244e-19
Decreasing barrier term μ.

Fminbox iteration 9
-------------------
Calling inner optimizer with mu = 1.50985e-25

(numbers below include barrier contribution)
Iter     Function value   Gradient norm 
     0     9.507291e+01     5.773061e+01
 * time: 5.0067901611328125e-6
    20     9.507291e+01     5.773061e+01
 * time: 927.0228869915009
    40     9.507291e+01     7.707915e+17
 * time: 1643.532368183136

Exiting inner optimizer with x = [9.99999999999985, 1.590967885841836e-19, 7.188687896407223e-68, 0.04427221394136319, 0.0015630905512578474, 0.9616911504275384, 0.9999999999999999, 0.9999999999999999, 0.4000000000000015, 0.9999999999999992, 0.9603243030941144, 0.7032536561629568, 0.9999999999999999]
Current distance to box: 7.18869e-68
Decreasing barrier term μ.

Fminbox iteration 10
--------------------
Calling inner optimizer with mu = 1.50985e-28

(numbers below include barrier contribution)
Iter     Function value   Gradient norm 
     0     9.507291e+01     5.773061e+01
 * time: 5.0067901611328125e-6
    20     9.507300e+01     5.781477e+01
 * time: 819.7288410663605

Exiting inner optimizer with x = [9.999999999999849, 4.770036514017965e-48, 0.000410768600250941, 0.044272213941336104, 0.0015630905502744218, 0.9616911504275688, 0.9999999999999999, 0.9999999999999999, 0.4000000000000002, 0.9999999999999996, 0.9603243030941062, 0.7032536561629568, 0.9999999999999999]
Current distance to box: 4.77004e-48
Decreasing barrier term μ.

Fminbox iteration 11
--------------------
Calling inner optimizer with mu = 1.50985e-31

(numbers below include barrier contribution)
Iter     Function value   Gradient norm 
     0     9.507300e+01     5.781477e+01
 * time: 5.0067901611328125e-6

Exiting inner optimizer with x = [9.999999999999849, 4.770036947418892e-48, 0.0004107686002502047, 0.04427221394133649, 0.0015630905502736071, 0.9616911504275688, 0.9999999999999999, 0.9999999999999999, 0.4000000000000002, 0.9999999999999994, 0.9603243030941061, 0.7032536561629568, 0.9999999999999999]
Current distance to box: 4.77004e-48
Decreasing barrier term μ.

Fminbox iteration 12
--------------------
Calling inner optimizer with mu = 1.50985e-34

(numbers below include barrier contribution)
Iter     Function value   Gradient norm 
     0     9.507300e+01     5.781477e+01
 * time: 4.0531158447265625e-6

Exiting inner optimizer with x = [9.999999999999849, 4.770036924529024e-48, 0.0004107686002500898, 0.044272213941336507, 0.0015630905502734388, 0.9616911504275688, 0.9999999999999999, 0.9999999999999999, 0.4000000000000002, 0.9999999999999994, 0.9603243030941061, 0.7032536561629568, 0.9999999999999999]
Current distance to box: 4.77004e-48
Decreasing barrier term μ.

32-element Vector{Any}:
    "Err1="
 117.1263914933352
    "par1="
    [9491.698589102096, 3.7867885928014893, 2.282972432258884, 0.9407139791767547, 6.767816564146801, 0.11784770556372894, 0.58, 0.001, 0.15459463331892578, 0.6976487340139972, 0.001310080700085496, 0.04791018930080919, 0.9999999996473694, 0.03710706892883688, 0.0025773545913321608]
    "Err1f="
 117.16561304548034
    "par1f="
    [9491.698589102096, 3.7867885928014893, 2.282972432258884, 0.9407139791767547, 6.767816564146801, 0.11784770556372894, 0.58, 0.001, 0.15459463331892578, 0.6976487340139972, 0.001310080700085496, 0.04808290427038985, 0.9999999999999999, 0.037297580471214224, 0.0025773545913321608]
    "order1f="
   0.9989999999999999
    "Err1f8="
  96.73374870625092
    "par1f8="
    [9491.698589102096, 3.7867885928014893, 2.282972432258884, 0.9407139791767547, 6.767816564146801, 0.11784770556372894, 0.58, 0.001, 0.15459463331892578, 0.6976487340139972, 0.001310080700085496, 3.501764491442352e-24, 1.5099938009885167e-17, 0.06450476631808383, 0.0025773545913321608]
    "order1f8="
    [0.9017210376899253, 0.9999999999999999, 0.9999999999999999, 0.40000000000000013, 0.6992491938076304, 0.9119711884284676, 0.6992491938076304, 0.9999999999999999]
    "Err2="
  95.21938906893669
    "par2="
    [9491.698589102096, 3.7867885928014893, 2.282972432258884, 0.9407139791767547, 9.999999999999998, 0.11784770556372894, 0.58, 0.001, 0.15459463331892578, 0.6976487340139972, 0.001310080700085496, 9.273066308026658e-21, 0.11478505745930406, 0.03616281580465284, 0.002561114314861529]
    "Err2f="
  95.42255304134518
    "par2f="
    [9491.698589102096, 3.7867885928014893, 2.282972432258884, 0.9407139791767547, 9.999999999999414, 0.11784770556372894, 0.58, 0.001, 0.15459463331892578, 0.6976487340139972, 0.001310080700085496, 5.937982064729944e-21, 2.649215114959397e-16, 0.03819491853863861, 0.0027320136162556586]
    "order2f="
   0.9899999999999999
    "Err2f8="
  95.072996027305
    "par2f8="
    [9491.698589102096, 3.7867885928014893, 2.282972432258884, 0.9407139791767547, 9.999999999999849, 0.11784770556372894, 0.58, 0.001, 0.15459463331892578, 0.6976487340139972, 0.001310080700085496, 4.770036924529024e-48, 0.0004107686002500898, 0.044272213941336507, 0.0015630905502734388]
    "order2f8="
    [0.9616911504275688, 0.9999999999999999, 0.9999999999999999, 0.4000000000000002, 0.9999999999999994, 0.9603243030941061, 0.7032536561629568, 0.9999999999999999]
