┌ Warning: The current proposal will be rejected due to numerical error(s).
│   isfinite.((θ, r, ℓπ, ℓκ)) = (true, false, false, false)
└ @ AdvancedHMC ~/.julia/packages/AdvancedHMC/4fByY/src/hamiltonian.jl:49
┌ Warning: The current proposal will be rejected due to numerical error(s).
│   isfinite.((θ, r, ℓπ, ℓκ)) = (true, false, false, false)
└ @ AdvancedHMC ~/.julia/packages/AdvancedHMC/4fByY/src/hamiltonian.jl:49
┌ Warning: The current proposal will be rejected due to numerical error(s).
│   isfinite.((θ, r, ℓπ, ℓκ)) = (true, false, false, false)
└ @ AdvancedHMC ~/.julia/packages/AdvancedHMC/4fByY/src/hamiltonian.jl:49
┌ Warning: The current proposal will be rejected due to numerical error(s).
│   isfinite.((θ, r, ℓπ, ℓκ)) = (true, false, false, false)
└ @ AdvancedHMC ~/.julia/packages/AdvancedHMC/4fByY/src/hamiltonian.jl:49
┌ Warning: The current proposal will be rejected due to numerical error(s).
│   isfinite.((θ, r, ℓπ, ℓκ)) = (true, false, false, false)
└ @ AdvancedHMC ~/.julia/packages/AdvancedHMC/4fByY/src/hamiltonian.jl:49
┌ Warning: The current proposal will be rejected due to numerical error(s).
│   isfinite.((θ, r, ℓπ, ℓκ)) = (true, false, false, false)
└ @ AdvancedHMC ~/.julia/packages/AdvancedHMC/4fByY/src/hamiltonian.jl:49
┌ Warning: The current proposal will be rejected due to numerical error(s).
│   isfinite.((θ, r, ℓπ, ℓκ)) = (true, false, false, false)
└ @ AdvancedHMC ~/.julia/packages/AdvancedHMC/4fByY/src/hamiltonian.jl:49
┌ Warning: The current proposal will be rejected due to numerical error(s).
│   isfinite.((θ, r, ℓπ, ℓκ)) = (true, false, false, false)
└ @ AdvancedHMC ~/.julia/packages/AdvancedHMC/4fByY/src/hamiltonian.jl:49
┌ Warning: The current proposal will be rejected due to numerical error(s).
│   isfinite.((θ, r, ℓπ, ℓκ)) = (true, false, false, false)
└ @ AdvancedHMC ~/.julia/packages/AdvancedHMC/4fByY/src/hamiltonian.jl:49
┌ Warning: The current proposal will be rejected due to numerical error(s).
│   isfinite.((θ, r, ℓπ, ℓκ)) = (true, false, false, false)
└ @ AdvancedHMC ~/.julia/packages/AdvancedHMC/4fByY/src/hamiltonian.jl:49
┌ Warning: The current proposal will be rejected due to numerical error(s).
│   isfinite.((θ, r, ℓπ, ℓκ)) = (true, false, false, false)
└ @ AdvancedHMC ~/.julia/packages/AdvancedHMC/4fByY/src/hamiltonian.jl:49
┌ Warning: The current proposal will be rejected due to numerical error(s).
│   isfinite.((θ, r, ℓπ, ℓκ)) = (true, false, false, false)
└ @ AdvancedHMC ~/.julia/packages/AdvancedHMC/4fByY/src/hamiltonian.jl:49
┌ Warning: The current proposal will be rejected due to numerical error(s).
│   isfinite.((θ, r, ℓπ, ℓκ)) = (true, false, false, false)
└ @ AdvancedHMC ~/.julia/packages/AdvancedHMC/4fByY/src/hamiltonian.jl:49
┌ Warning: The current proposal will be rejected due to numerical error(s).
│   isfinite.((θ, r, ℓπ, ℓκ)) = (true, false, false, false)
└ @ AdvancedHMC ~/.julia/packages/AdvancedHMC/4fByY/src/hamiltonian.jl:49
┌ Warning: The current proposal will be rejected due to numerical error(s).
│   isfinite.((θ, r, ℓπ, ℓκ)) = (true, false, false, false)
└ @ AdvancedHMC ~/.julia/packages/AdvancedHMC/4fByY/src/hamiltonian.jl:49
┌ Info: Found initial step size
└   ϵ = 3.814697265625e-7
┌ Warning: The current proposal will be rejected due to numerical error(s).
│   isfinite.((θ, r, ℓπ, ℓκ)) = (true, false, false, false)
└ @ AdvancedHMC ~/.julia/packages/AdvancedHMC/4fByY/src/hamiltonian.jl:49
┌ Warning: The current proposal will be rejected due to numerical error(s).
│   isfinite.((θ, r, ℓπ, ℓκ)) = (true, false, false, false)
└ @ AdvancedHMC ~/.julia/packages/AdvancedHMC/4fByY/src/hamiltonian.jl:49
┌ Warning: The current proposal will be rejected due to numerical error(s).
│   isfinite.((θ, r, ℓπ, ℓκ)) = (true, false, false, false)
└ @ AdvancedHMC ~/.julia/packages/AdvancedHMC/4fByY/src/hamiltonian.jl:49
┌ Warning: The current proposal will be rejected due to numerical error(s).
│   isfinite.((θ, r, ℓπ, ℓκ)) = (true, false, false, false)
└ @ AdvancedHMC ~/.julia/packages/AdvancedHMC/4fByY/src/hamiltonian.jl:49
┌ Warning: The current proposal will be rejected due to numerical error(s).
│   isfinite.((θ, r, ℓπ, ℓκ)) = (true, false, false, false)
└ @ AdvancedHMC ~/.julia/packages/AdvancedHMC/4fByY/src/hamiltonian.jl:49
┌ Warning: The current proposal will be rejected due to numerical error(s).
│   isfinite.((θ, r, ℓπ, ℓκ)) = (true, false, false, false)
└ @ AdvancedHMC ~/.julia/packages/AdvancedHMC/4fByY/src/hamiltonian.jl:49
┌ Warning: The current proposal will be rejected due to numerical error(s).
│   isfinite.((θ, r, ℓπ, ℓκ)) = (true, false, false, false)
└ @ AdvancedHMC ~/.julia/packages/AdvancedHMC/4fByY/src/hamiltonian.jl:49
┌ Warning: The current proposal will be rejected due to numerical error(s).
│   isfinite.((θ, r, ℓπ, ℓκ)) = (true, false, false, false)
└ @ AdvancedHMC ~/.julia/packages/AdvancedHMC/4fByY/src/hamiltonian.jl:49
┌ Warning: The current proposal will be rejected due to numerical error(s).
│   isfinite.((θ, r, ℓπ, ℓκ)) = (true, false, false, false)
└ @ AdvancedHMC ~/.julia/packages/AdvancedHMC/4fByY/src/hamiltonian.jl:49
┌ Warning: The current proposal will be rejected due to numerical error(s).
│   isfinite.((θ, r, ℓπ, ℓκ)) = (true, false, false, false)
└ @ AdvancedHMC ~/.julia/packages/AdvancedHMC/4fByY/src/hamiltonian.jl:49
┌ Warning: The current proposal will be rejected due to numerical error(s).
│   isfinite.((θ, r, ℓπ, ℓκ)) = (true, false, false, false)
└ @ AdvancedHMC ~/.julia/packages/AdvancedHMC/4fByY/src/hamiltonian.jl:49
┌ Warning: The current proposal will be rejected due to numerical error(s).
│   isfinite.((θ, r, ℓπ, ℓκ)) = (true, false, false, false)
└ @ AdvancedHMC ~/.julia/packages/AdvancedHMC/4fByY/src/hamiltonian.jl:49
┌ Warning: The current proposal will be rejected due to numerical error(s).
│   isfinite.((θ, r, ℓπ, ℓκ)) = (true, false, false, false)
└ @ AdvancedHMC ~/.julia/packages/AdvancedHMC/4fByY/src/hamiltonian.jl:49
┌ Warning: The current proposal will be rejected due to numerical error(s).
│   isfinite.((θ, r, ℓπ, ℓκ)) = (true, false, false, false)
└ @ AdvancedHMC ~/.julia/packages/AdvancedHMC/4fByY/src/hamiltonian.jl:49
┌ Warning: The current proposal will be rejected due to numerical error(s).
│   isfinite.((θ, r, ℓπ, ℓκ)) = (true, false, false, false)
└ @ AdvancedHMC ~/.julia/packages/AdvancedHMC/4fByY/src/hamiltonian.jl:49
┌ Warning: The current proposal will be rejected due to numerical error(s).
│   isfinite.((θ, r, ℓπ, ℓκ)) = (true, false, false, false)
└ @ AdvancedHMC ~/.julia/packages/AdvancedHMC/4fByY/src/hamiltonian.jl:49
┌ Warning: The current proposal will be rejected due to numerical error(s).
│   isfinite.((θ, r, ℓπ, ℓκ)) = (true, false, false, false)
└ @ AdvancedHMC ~/.julia/packages/AdvancedHMC/4fByY/src/hamiltonian.jl:49
┌ Warning: The current proposal will be rejected due to numerical error(s).
│   isfinite.((θ, r, ℓπ, ℓκ)) = (true, false, false, false)
└ @ AdvancedHMC ~/.julia/packages/AdvancedHMC/4fByY/src/hamiltonian.jl:49
┌ Warning: The current proposal will be rejected due to numerical error(s).
│   isfinite.((θ, r, ℓπ, ℓκ)) = (true, false, false, false)
└ @ AdvancedHMC ~/.julia/packages/AdvancedHMC/4fByY/src/hamiltonian.jl:49
┌ Warning: The current proposal will be rejected due to numerical error(s).
│   isfinite.((θ, r, ℓπ, ℓκ)) = (true, false, false, false)
└ @ AdvancedHMC ~/.julia/packages/AdvancedHMC/4fByY/src/hamiltonian.jl:49
┌ Warning: The current proposal will be rejected due to numerical error(s).
│   isfinite.((θ, r, ℓπ, ℓκ)) = (true, false, false, false)
└ @ AdvancedHMC ~/.julia/packages/AdvancedHMC/4fByY/src/hamiltonian.jl:49
┌ Warning: The current proposal will be rejected due to numerical error(s).
│   isfinite.((θ, r, ℓπ, ℓκ)) = (true, false, false, false)
└ @ AdvancedHMC ~/.julia/packages/AdvancedHMC/4fByY/src/hamiltonian.jl:49
┌ Warning: The current proposal will be rejected due to numerical error(s).
│   isfinite.((θ, r, ℓπ, ℓκ)) = (true, false, false, false)
└ @ AdvancedHMC ~/.julia/packages/AdvancedHMC/4fByY/src/hamiltonian.jl:49
┌ Warning: The current proposal will be rejected due to numerical error(s).
│   isfinite.((θ, r, ℓπ, ℓκ)) = (true, false, false, false)
└ @ AdvancedHMC ~/.julia/packages/AdvancedHMC/4fByY/src/hamiltonian.jl:49
┌ Warning: The current proposal will be rejected due to numerical error(s).
│   isfinite.((θ, r, ℓπ, ℓκ)) = (true, false, false, false)
└ @ AdvancedHMC ~/.julia/packages/AdvancedHMC/4fByY/src/hamiltonian.jl:49
┌ Warning: The current proposal will be rejected due to numerical error(s).
│   isfinite.((θ, r, ℓπ, ℓκ)) = (true, false, false, false)
└ @ AdvancedHMC ~/.julia/packages/AdvancedHMC/4fByY/src/hamiltonian.jl:49
┌ Warning: The current proposal will be rejected due to numerical error(s).
│   isfinite.((θ, r, ℓπ, ℓκ)) = (true, false, false, false)
└ @ AdvancedHMC ~/.julia/packages/AdvancedHMC/4fByY/src/hamiltonian.jl:49
┌ Warning: The current proposal will be rejected due to numerical error(s).
│   isfinite.((θ, r, ℓπ, ℓκ)) = (true, false, false, false)
└ @ AdvancedHMC ~/.julia/packages/AdvancedHMC/4fByY/src/hamiltonian.jl:49
┌ Warning: The current proposal will be rejected due to numerical error(s).
│   isfinite.((θ, r, ℓπ, ℓκ)) = (true, false, false, false)
└ @ AdvancedHMC ~/.julia/packages/AdvancedHMC/4fByY/src/hamiltonian.jl:49
┌ Warning: The current proposal will be rejected due to numerical error(s).
│   isfinite.((θ, r, ℓπ, ℓκ)) = (true, false, false, false)
└ @ AdvancedHMC ~/.julia/packages/AdvancedHMC/4fByY/src/hamiltonian.jl:49
┌ Warning: The current proposal will be rejected due to numerical error(s).
│   isfinite.((θ, r, ℓπ, ℓκ)) = (true, false, false, false)
└ @ AdvancedHMC ~/.julia/packages/AdvancedHMC/4fByY/src/hamiltonian.jl:49
┌ Warning: The current proposal will be rejected due to numerical error(s).
│   isfinite.((θ, r, ℓπ, ℓκ)) = (true, false, false, false)
└ @ AdvancedHMC ~/.julia/packages/AdvancedHMC/4fByY/src/hamiltonian.jl:49
┌ Warning: The current proposal will be rejected due to numerical error(s).
│   isfinite.((θ, r, ℓπ, ℓκ)) = (true, false, false, false)
└ @ AdvancedHMC ~/.julia/packages/AdvancedHMC/4fByY/src/hamiltonian.jl:49
┌ Warning: The current proposal will be rejected due to numerical error(s).
│   isfinite.((θ, r, ℓπ, ℓκ)) = (true, false, false, false)
└ @ AdvancedHMC ~/.julia/packages/AdvancedHMC/4fByY/src/hamiltonian.jl:49
┌ Warning: The current proposal will be rejected due to numerical error(s).
│   isfinite.((θ, r, ℓπ, ℓκ)) = (true, false, false, false)
└ @ AdvancedHMC ~/.julia/packages/AdvancedHMC/4fByY/src/hamiltonian.jl:49
┌ Warning: The current proposal will be rejected due to numerical error(s).
│   isfinite.((θ, r, ℓπ, ℓκ)) = (true, false, false, false)
└ @ AdvancedHMC ~/.julia/packages/AdvancedHMC/4fByY/src/hamiltonian.jl:49
┌ Warning: The current proposal will be rejected due to numerical error(s).
│   isfinite.((θ, r, ℓπ, ℓκ)) = (true, false, false, false)
└ @ AdvancedHMC ~/.julia/packages/AdvancedHMC/4fByY/src/hamiltonian.jl:49
┌ Warning: The current proposal will be rejected due to numerical error(s).
│   isfinite.((θ, r, ℓπ, ℓκ)) = (true, false, false, false)
└ @ AdvancedHMC ~/.julia/packages/AdvancedHMC/4fByY/src/hamiltonian.jl:49
┌ Warning: The current proposal will be rejected due to numerical error(s).
│   isfinite.((θ, r, ℓπ, ℓκ)) = (true, false, false, false)
└ @ AdvancedHMC ~/.julia/packages/AdvancedHMC/4fByY/src/hamiltonian.jl:49
┌ Warning: The current proposal will be rejected due to numerical error(s).
│   isfinite.((θ, r, ℓπ, ℓκ)) = (true, false, false, false)
└ @ AdvancedHMC ~/.julia/packages/AdvancedHMC/4fByY/src/hamiltonian.jl:49
┌ Warning: The current proposal will be rejected due to numerical error(s).
│   isfinite.((θ, r, ℓπ, ℓκ)) = (true, false, false, false)
└ @ AdvancedHMC ~/.julia/packages/AdvancedHMC/4fByY/src/hamiltonian.jl:49
┌ Warning: The current proposal will be rejected due to numerical error(s).
│   isfinite.((θ, r, ℓπ, ℓκ)) = (true, false, false, false)
└ @ AdvancedHMC ~/.julia/packages/AdvancedHMC/4fByY/src/hamiltonian.jl:49
┌ Warning: The current proposal will be rejected due to numerical error(s).
│   isfinite.((θ, r, ℓπ, ℓκ)) = (true, false, false, false)
└ @ AdvancedHMC ~/.julia/packages/AdvancedHMC/4fByY/src/hamiltonian.jl:49
┌ Warning: The current proposal will be rejected due to numerical error(s).
│   isfinite.((θ, r, ℓπ, ℓκ)) = (true, false, false, false)
└ @ AdvancedHMC ~/.julia/packages/AdvancedHMC/4fByY/src/hamiltonian.jl:49
┌ Warning: The current proposal will be rejected due to numerical error(s).
│   isfinite.((θ, r, ℓπ, ℓκ)) = (true, false, false, false)
└ @ AdvancedHMC ~/.julia/packages/AdvancedHMC/4fByY/src/hamiltonian.jl:49
┌ Warning: The current proposal will be rejected due to numerical error(s).
│   isfinite.((θ, r, ℓπ, ℓκ)) = (true, false, false, false)
└ @ AdvancedHMC ~/.julia/packages/AdvancedHMC/4fByY/src/hamiltonian.jl:49
┌ Warning: The current proposal will be rejected due to numerical error(s).
│   isfinite.((θ, r, ℓπ, ℓκ)) = (true, false, false, false)
└ @ AdvancedHMC ~/.julia/packages/AdvancedHMC/4fByY/src/hamiltonian.jl:49
┌ Warning: The current proposal will be rejected due to numerical error(s).
│   isfinite.((θ, r, ℓπ, ℓκ)) = (true, false, false, false)
└ @ AdvancedHMC ~/.julia/packages/AdvancedHMC/4fByY/src/hamiltonian.jl:49
┌ Warning: The current proposal will be rejected due to numerical error(s).
│   isfinite.((θ, r, ℓπ, ℓκ)) = (true, false, false, false)
└ @ AdvancedHMC ~/.julia/packages/AdvancedHMC/4fByY/src/hamiltonian.jl:49
┌ Warning: The current proposal will be rejected due to numerical error(s).
│   isfinite.((θ, r, ℓπ, ℓκ)) = (true, false, false, false)
└ @ AdvancedHMC ~/.julia/packages/AdvancedHMC/4fByY/src/hamiltonian.jl:49
┌ Warning: The current proposal will be rejected due to numerical error(s).
│   isfinite.((θ, r, ℓπ, ℓκ)) = (true, false, false, false)
└ @ AdvancedHMC ~/.julia/packages/AdvancedHMC/4fByY/src/hamiltonian.jl:49
┌ Warning: The current proposal will be rejected due to numerical error(s).
│   isfinite.((θ, r, ℓπ, ℓκ)) = (true, false, false, false)
└ @ AdvancedHMC ~/.julia/packages/AdvancedHMC/4fByY/src/hamiltonian.jl:49
┌ Warning: The current proposal will be rejected due to numerical error(s).
│   isfinite.((θ, r, ℓπ, ℓκ)) = (true, false, false, false)
└ @ AdvancedHMC ~/.julia/packages/AdvancedHMC/4fByY/src/hamiltonian.jl:49
┌ Warning: The current proposal will be rejected due to numerical error(s).
│   isfinite.((θ, r, ℓπ, ℓκ)) = (true, false, false, false)
└ @ AdvancedHMC ~/.julia/packages/AdvancedHMC/4fByY/src/hamiltonian.jl:49
┌ Warning: The current proposal will be rejected due to numerical error(s).
│   isfinite.((θ, r, ℓπ, ℓκ)) = (true, false, false, false)
└ @ AdvancedHMC ~/.julia/packages/AdvancedHMC/4fByY/src/hamiltonian.jl:49
┌ Warning: The current proposal will be rejected due to numerical error(s).
│   isfinite.((θ, r, ℓπ, ℓκ)) = (true, false, false, false)
└ @ AdvancedHMC ~/.julia/packages/AdvancedHMC/4fByY/src/hamiltonian.jl:49
┌ Warning: The current proposal will be rejected due to numerical error(s).
│   isfinite.((θ, r, ℓπ, ℓκ)) = (true, false, false, false)
└ @ AdvancedHMC ~/.julia/packages/AdvancedHMC/4fByY/src/hamiltonian.jl:49
┌ Info: Found initial step size
└   ϵ = 2.44140625e-5
┌ Warning: The current proposal will be rejected due to numerical error(s).
│   isfinite.((θ, r, ℓπ, ℓκ)) = (true, false, false, false)
└ @ AdvancedHMC ~/.julia/packages/AdvancedHMC/4fByY/src/hamiltonian.jl:49
┌ Warning: The current proposal will be rejected due to numerical error(s).
│   isfinite.((θ, r, ℓπ, ℓκ)) = (true, false, false, false)
└ @ AdvancedHMC ~/.julia/packages/AdvancedHMC/4fByY/src/hamiltonian.jl:49
┌ Warning: The current proposal will be rejected due to numerical error(s).
│   isfinite.((θ, r, ℓπ, ℓκ)) = (true, false, false, false)
└ @ AdvancedHMC ~/.julia/packages/AdvancedHMC/4fByY/src/hamiltonian.jl:49
┌ Warning: The current proposal will be rejected due to numerical error(s).
│   isfinite.((θ, r, ℓπ, ℓκ)) = (true, false, false, false)
└ @ AdvancedHMC ~/.julia/packages/AdvancedHMC/4fByY/src/hamiltonian.jl:49
┌ Warning: The current proposal will be rejected due to numerical error(s).
│   isfinite.((θ, r, ℓπ, ℓκ)) = (true, false, false, false)
└ @ AdvancedHMC ~/.julia/packages/AdvancedHMC/4fByY/src/hamiltonian.jl:49
┌ Warning: The current proposal will be rejected due to numerical error(s).
│   isfinite.((θ, r, ℓπ, ℓκ)) = (true, false, false, false)
└ @ AdvancedHMC ~/.julia/packages/AdvancedHMC/4fByY/src/hamiltonian.jl:49
┌ Warning: The current proposal will be rejected due to numerical error(s).
│   isfinite.((θ, r, ℓπ, ℓκ)) = (true, false, false, false)
└ @ AdvancedHMC ~/.julia/packages/AdvancedHMC/4fByY/src/hamiltonian.jl:49
┌ Info: Found initial step size
└   ϵ = 0.0001953125
┌ Warning: The current proposal will be rejected due to numerical error(s).
│   isfinite.((θ, r, ℓπ, ℓκ)) = (true, false, false, false)
└ @ AdvancedHMC ~/.julia/packages/AdvancedHMC/4fByY/src/hamiltonian.jl:49
┌ Warning: The current proposal will be rejected due to numerical error(s).
│   isfinite.((θ, r, ℓπ, ℓκ)) = (true, false, false, false)
└ @ AdvancedHMC ~/.julia/packages/AdvancedHMC/4fByY/src/hamiltonian.jl:49
┌ Warning: The current proposal will be rejected due to numerical error(s).
│   isfinite.((θ, r, ℓπ, ℓκ)) = (true, false, false, false)
└ @ AdvancedHMC ~/.julia/packages/AdvancedHMC/4fByY/src/hamiltonian.jl:49
┌ Warning: The current proposal will be rejected due to numerical error(s).
│   isfinite.((θ, r, ℓπ, ℓκ)) = (true, false, false, false)
└ @ AdvancedHMC ~/.julia/packages/AdvancedHMC/4fByY/src/hamiltonian.jl:49
┌ Warning: The current proposal will be rejected due to numerical error(s).
│   isfinite.((θ, r, ℓπ, ℓκ)) = (true, false, false, false)
└ @ AdvancedHMC ~/.julia/packages/AdvancedHMC/4fByY/src/hamiltonian.jl:49
┌ Warning: The current proposal will be rejected due to numerical error(s).
│   isfinite.((θ, r, ℓπ, ℓκ)) = (true, false, false, false)
└ @ AdvancedHMC ~/.julia/packages/AdvancedHMC/4fByY/src/hamiltonian.jl:49
┌ Warning: The current proposal will be rejected due to numerical error(s).
│   isfinite.((θ, r, ℓπ, ℓκ)) = (true, false, false, false)
└ @ AdvancedHMC ~/.julia/packages/AdvancedHMC/4fByY/src/hamiltonian.jl:49
┌ Warning: The current proposal will be rejected due to numerical error(s).
│   isfinite.((θ, r, ℓπ, ℓκ)) = (true, false, false, false)
└ @ AdvancedHMC ~/.julia/packages/AdvancedHMC/4fByY/src/hamiltonian.jl:49
┌ Warning: The current proposal will be rejected due to numerical error(s).
│   isfinite.((θ, r, ℓπ, ℓκ)) = (true, false, false, false)
└ @ AdvancedHMC ~/.julia/packages/AdvancedHMC/4fByY/src/hamiltonian.jl:49
┌ Info: Found initial step size
└   ϵ = 0.000390625
┌ Warning: The current proposal will be rejected due to numerical error(s).
│   isfinite.((θ, r, ℓπ, ℓκ)) = (true, false, false, false)
└ @ AdvancedHMC ~/.julia/packages/AdvancedHMC/4fByY/src/hamiltonian.jl:49
┌ Warning: The current proposal will be rejected due to numerical error(s).
│   isfinite.((θ, r, ℓπ, ℓκ)) = (true, false, false, false)
└ @ AdvancedHMC ~/.julia/packages/AdvancedHMC/4fByY/src/hamiltonian.jl:49
┌ Warning: The current proposal will be rejected due to numerical error(s).
│   isfinite.((θ, r, ℓπ, ℓκ)) = (true, false, false, false)
└ @ AdvancedHMC ~/.julia/packages/AdvancedHMC/4fByY/src/hamiltonian.jl:49
┌ Warning: The current proposal will be rejected due to numerical error(s).
│   isfinite.((θ, r, ℓπ, ℓκ)) = (true, false, false, false)
└ @ AdvancedHMC ~/.julia/packages/AdvancedHMC/4fByY/src/hamiltonian.jl:49
┌ Warning: The current proposal will be rejected due to numerical error(s).
│   isfinite.((θ, r, ℓπ, ℓκ)) = (true, false, false, false)
└ @ AdvancedHMC ~/.julia/packages/AdvancedHMC/4fByY/src/hamiltonian.jl:49
┌ Warning: The current proposal will be rejected due to numerical error(s).
│   isfinite.((θ, r, ℓπ, ℓκ)) = (true, false, false, false)
└ @ AdvancedHMC ~/.julia/packages/AdvancedHMC/4fByY/src/hamiltonian.jl:49
┌ Warning: The current proposal will be rejected due to numerical error(s).
│   isfinite.((θ, r, ℓπ, ℓκ)) = (true, false, false, false)
└ @ AdvancedHMC ~/.julia/packages/AdvancedHMC/4fByY/src/hamiltonian.jl:49
┌ Warning: The current proposal will be rejected due to numerical error(s).
│   isfinite.((θ, r, ℓπ, ℓκ)) = (true, false, false, false)
└ @ AdvancedHMC ~/.julia/packages/AdvancedHMC/4fByY/src/hamiltonian.jl:49
┌ Warning: The current proposal will be rejected due to numerical error(s).
│   isfinite.((θ, r, ℓπ, ℓκ)) = (true, false, false, false)
└ @ AdvancedHMC ~/.julia/packages/AdvancedHMC/4fByY/src/hamiltonian.jl:49
┌ Warning: The current proposal will be rejected due to numerical error(s).
│   isfinite.((θ, r, ℓπ, ℓκ)) = (true, false, false, false)
└ @ AdvancedHMC ~/.julia/packages/AdvancedHMC/4fByY/src/hamiltonian.jl:49
┌ Warning: The current proposal will be rejected due to numerical error(s).
│   isfinite.((θ, r, ℓπ, ℓκ)) = (true, false, false, false)
└ @ AdvancedHMC ~/.julia/packages/AdvancedHMC/4fByY/src/hamiltonian.jl:49
┌ Warning: The current proposal will be rejected due to numerical error(s).
│   isfinite.((θ, r, ℓπ, ℓκ)) = (true, false, false, false)
└ @ AdvancedHMC ~/.julia/packages/AdvancedHMC/4fByY/src/hamiltonian.jl:49
┌ Warning: Assignment to `β` in soft scope is ambiguous because a global variable by the same name exists: `β` will be treated as a new local. Disambiguate by using `local β` to suppress this warning or `global β` to assign to the existing global variable.
└ @ /scratch/project_2007115/Turing-ODE-CSC5Asym.jl:116
┌ Warning: Assignment to `β´´` in soft scope is ambiguous because a global variable by the same name exists: `β´´` will be treated as a new local. Disambiguate by using `local β´´` to suppress this warning or `global β´´` to assign to the existing global variable.
└ @ /scratch/project_2007115/Turing-ODE-CSC5Asym.jl:116
┌ Warning: Assignment to `κ` in soft scope is ambiguous because a global variable by the same name exists: `κ` will be treated as a new local. Disambiguate by using `local κ` to suppress this warning or `global κ` to assign to the existing global variable.
└ @ /scratch/project_2007115/Turing-ODE-CSC5Asym.jl:116
┌ Warning: Assignment to `l` in soft scope is ambiguous because a global variable by the same name exists: `l` will be treated as a new local. Disambiguate by using `local l` to suppress this warning or `global l` to assign to the existing global variable.
└ @ /scratch/project_2007115/Turing-ODE-CSC5Asym.jl:116
┌ Warning: Assignment to `β′` in soft scope is ambiguous because a global variable by the same name exists: `β′` will be treated as a new local. Disambiguate by using `local β′` to suppress this warning or `global β′` to assign to the existing global variable.
└ @ /scratch/project_2007115/Turing-ODE-CSC5Asym.jl:116
┌ Warning: Assignment to `γₐ` in soft scope is ambiguous because a global variable by the same name exists: `γₐ` will be treated as a new local. Disambiguate by using `local γₐ` to suppress this warning or `global γₐ` to assign to the existing global variable.
└ @ /scratch/project_2007115/Turing-ODE-CSC5Asym.jl:116
┌ Warning: Assignment to `γᵢ` in soft scope is ambiguous because a global variable by the same name exists: `γᵢ` will be treated as a new local. Disambiguate by using `local γᵢ` to suppress this warning or `global γᵢ` to assign to the existing global variable.
└ @ /scratch/project_2007115/Turing-ODE-CSC5Asym.jl:116
┌ Warning: Assignment to `γᵣ` in soft scope is ambiguous because a global variable by the same name exists: `γᵣ` will be treated as a new local. Disambiguate by using `local γᵣ` to suppress this warning or `global γᵣ` to assign to the existing global variable.
└ @ /scratch/project_2007115/Turing-ODE-CSC5Asym.jl:116
┌ Warning: Assignment to `δᵢ` in soft scope is ambiguous because a global variable by the same name exists: `δᵢ` will be treated as a new local. Disambiguate by using `local δᵢ` to suppress this warning or `global δᵢ` to assign to the existing global variable.
└ @ /scratch/project_2007115/Turing-ODE-CSC5Asym.jl:116
┌ Warning: Assignment to `δₚ` in soft scope is ambiguous because a global variable by the same name exists: `δₚ` will be treated as a new local. Disambiguate by using `local δₚ` to suppress this warning or `global δₚ` to assign to the existing global variable.
└ @ /scratch/project_2007115/Turing-ODE-CSC5Asym.jl:116
┌ Warning: Assignment to `δₕ` in soft scope is ambiguous because a global variable by the same name exists: `δₕ` will be treated as a new local. Disambiguate by using `local δₕ` to suppress this warning or `global δₕ` to assign to the existing global variable.
└ @ /scratch/project_2007115/Turing-ODE-CSC5Asym.jl:116
┌ Warning: Assignment to `δₐ` in soft scope is ambiguous because a global variable by the same name exists: `δₐ` will be treated as a new local. Disambiguate by using `local δₐ` to suppress this warning or `global δₐ` to assign to the existing global variable.
└ @ /scratch/project_2007115/Turing-ODE-CSC5Asym.jl:116
┌ Warning: Assignment to `E0` in soft scope is ambiguous because a global variable by the same name exists: `E0` will be treated as a new local. Disambiguate by using `local E0` to suppress this warning or `global E0` to assign to the existing global variable.
└ @ /scratch/project_2007115/Turing-ODE-CSC5Asym.jl:118
┌ Warning: Assignment to `I0` in soft scope is ambiguous because a global variable by the same name exists: `I0` will be treated as a new local. Disambiguate by using `local I0` to suppress this warning or `global I0` to assign to the existing global variable.
└ @ /scratch/project_2007115/Turing-ODE-CSC5Asym.jl:118
┌ Warning: Assignment to `P0` in soft scope is ambiguous because a global variable by the same name exists: `P0` will be treated as a new local. Disambiguate by using `local P0` to suppress this warning or `global P0` to assign to the existing global variable.
└ @ /scratch/project_2007115/Turing-ODE-CSC5Asym.jl:118
┌ Warning: Assignment to `A0` in soft scope is ambiguous because a global variable by the same name exists: `A0` will be treated as a new local. Disambiguate by using `local A0` to suppress this warning or `global A0` to assign to the existing global variable.
└ @ /scratch/project_2007115/Turing-ODE-CSC5Asym.jl:118
┌ Warning: Assignment to `H0` in soft scope is ambiguous because a global variable by the same name exists: `H0` will be treated as a new local. Disambiguate by using `local H0` to suppress this warning or `global H0` to assign to the existing global variable.
└ @ /scratch/project_2007115/Turing-ODE-CSC5Asym.jl:118
┌ Warning: Assignment to `R0` in soft scope is ambiguous because a global variable by the same name exists: `R0` will be treated as a new local. Disambiguate by using `local R0` to suppress this warning or `global R0` to assign to the existing global variable.
└ @ /scratch/project_2007115/Turing-ODE-CSC5Asym.jl:118
┌ Warning: Assignment to `F0` in soft scope is ambiguous because a global variable by the same name exists: `F0` will be treated as a new local. Disambiguate by using `local F0` to suppress this warning or `global F0` to assign to the existing global variable.
└ @ /scratch/project_2007115/Turing-ODE-CSC5Asym.jl:118
┌ Warning: Assignment to `X0` in soft scope is ambiguous because a global variable by the same name exists: `X0` will be treated as a new local. Disambiguate by using `local X0` to suppress this warning or `global X0` to assign to the existing global variable.
└ @ /scratch/project_2007115/Turing-ODE-CSC5Asym.jl:119
┌ Warning: Assignment to `prob` in soft scope is ambiguous because a global variable by the same name exists: `prob` will be treated as a new local. Disambiguate by using `local prob` to suppress this warning or `global prob` to assign to the existing global variable.
└ @ /scratch/project_2007115/Turing-ODE-CSC5Asym.jl:121
2-element Vector{Float64}:
 988.326648819268
 221.0
13-element Vector{Float64}:
   2.07620867798701
  10.66004187722495
 393.912299895317
   0.8044227967436945
   0.47114513060398355
  14.385245513534448
   0.13992995205563186
   0.4545639827828927
   0.020828013124231264
   0.24159395227244412
   0.07635726846267012
   0.04024915927479321
   0.5126562393987129
Chains MCMC chain (8000×26×4 Array{Float64, 3}):

Iterations        = 1001:1:9000
Number of chains  = 4
Samples per chain = 8000
Wall duration     = 16442.74 seconds
Compute duration  = 16438.39 seconds
parameters        = σ, β, β´´, NN, κ, l, β′, γₐ, γᵢ, γᵣ, δᵢ, δₚ, δₕ, δₐ
internals         = lp, n_steps, is_accept, acceptance_rate, log_density, hamiltonian_energy, hamiltonian_energy_error, max_hamiltonian_energy_error, tree_depth, numerical_error, step_size, nom_step_size

Summary Statistics
  parameters       mean        std   naive_se      mcse          ess      rhat   ess_per_sec
      Symbol    Float64    Float64    Float64   Float64      Float64   Float64       Float64

           σ    31.7704     1.1305     0.0063    0.0211    1241.6320    1.0101        0.0755
           β     2.9925     1.1010     0.0062    0.0206    1782.6171    1.0073        0.1084
         β´´     8.2120     6.1999     0.0347    0.0909    2233.4030    1.0062        0.1359
          NN   287.2003   213.3249     1.1925    4.0795    2851.4384    1.0034        0.1735
           κ     0.3372     0.8321     0.0047    0.0471     126.2547    1.1078        0.0077
           l     9.6113     5.5761     0.0312    0.1624     589.7355    1.0210        0.0359
          β′     9.4864     5.6057     0.0313    0.0719    4120.4214    1.0029        0.2507
          γₐ     0.4827     0.2620     0.0015    0.0028    9155.3685    1.0012        0.5570
          γᵢ     0.3455     0.2663     0.0015    0.0055    1102.0505    1.0108        0.0670
          γᵣ     0.3218     0.2765     0.0015    0.0055    1608.6364    1.0074        0.0979
          δᵢ     0.3569     0.2775     0.0016    0.0073     635.7349    1.0189        0.0387
          δₚ     0.4494     0.2787     0.0016    0.0030    7751.0296    1.0024        0.4715
          δₕ     0.3213     0.2789     0.0016    0.0059    1223.1262    1.0103        0.0744
          δₐ     0.7892     0.5901     0.0033    0.0052   22496.7990    1.0006        1.3686

Quantiles
  parameters      2.5%      25.0%      50.0%      75.0%      97.5%
      Symbol   Float64    Float64    Float64    Float64    Float64

           σ   29.8022    30.9408    31.7165    32.5118    34.1319
           β    1.1361     2.0621     2.9604     3.9224     4.8788
         β´´    0.4726     3.1913     6.9099    11.8215    23.1260
          NN   93.7260   150.0750   215.9941   356.1011   899.2060
           κ    0.0441     0.0489     0.0522     0.0580     3.3664
           l    0.5303     5.2109     9.6506    14.1070    19.2591
          β′    0.4444     4.6750     9.3317    14.2267    19.3152
          γₐ    0.0588     0.2679     0.4581     0.6943     0.9628
          γᵢ    0.0105     0.1155     0.2819     0.5460     0.9201
          γᵣ    0.0077     0.0684     0.2486     0.5190     0.9286
          δᵢ    0.0105     0.1166     0.2871     0.5640     0.9272
          δₚ    0.0217     0.2125     0.4204     0.6773     0.9616
          δₕ    0.0059     0.0644     0.2495     0.5214     0.9299
          δₐ    0.0332     0.3324     0.6652     1.1254     2.1996

