Fminbox
-------
Initial mu = 0.0482443

Fminbox iteration 1
-------------------
Calling inner optimizer with mu = 0.0482443

(numbers below include barrier contribution)
Iter     Function value   Gradient norm 
     0     4.844267e+02     4.772031e+02
 * time: 0.014327049255371094
    20     2.590690e+02     2.561422e+01
 * time: 14.394649028778076
    40     1.175554e+02     2.782452e-02
 * time: 27.482011079788208

Exiting inner optimizer with x = [0.04798588618099947, 0.7959387126672669, 0.03707408451295222]
Current distance to box: 0.0370641
Decreasing barrier term μ.

Fminbox iteration 2
-------------------
Calling inner optimizer with mu = 4.82443e-5

(numbers below include barrier contribution)
Iter     Function value   Gradient norm 
     0     1.171585e+02     1.251941e+00
 * time: 8.106231689453125e-6

Exiting inner optimizer with x = [0.04791029408932797, 0.9996476433714799, 0.03710701797002501]
Current distance to box: 0.000352357
Decreasing barrier term μ.

Fminbox iteration 3
-------------------
Calling inner optimizer with mu = 4.82443e-8

(numbers below include barrier contribution)
Iter     Function value   Gradient norm 
     0     1.171264e+02     1.368699e-01
 * time: 5.0067901611328125e-6

Exiting inner optimizer with x = [0.04791018940553162, 0.9999996473743465, 0.03710706887787335]
Current distance to box: 3.52626e-7
Decreasing barrier term μ.

Fminbox iteration 4
-------------------
Calling inner optimizer with mu = 4.82443e-11

(numbers below include barrier contribution)
Iter     Function value   Gradient norm 
     0     1.171264e+02     1.368143e-01
 * time: 4.0531158447265625e-6

Exiting inner optimizer with x = [0.047910189300821304, 0.9999999996473741, 0.03710706892882573]
Current distance to box: 3.52626e-10
Decreasing barrier term μ.

Fminbox
-------
Initial mu = 0.250836

Fminbox iteration 1
-------------------
Calling inner optimizer with mu = 0.250836

(numbers below include barrier contribution)
Iter     Function value   Gradient norm 
     0     1.522955e+03     3.188908e+03
 * time: 5.0067901611328125e-6
    20     2.556542e+02     1.749493e+03
 * time: 30.88177514076233
    40     1.687457e+02     1.829036e+04
 * time: 76.14345598220825
    60     1.073842e+02     1.712975e+04
 * time: 106.59109807014465
    80     9.960120e+01     6.619530e+02
 * time: 142.39833402633667
   100     9.877869e+01     1.016053e-06
 * time: 169.52940702438354

Exiting inner optimizer with x = [5.008256405548614, 0.002871691906167481, 0.468789085480001, 0.03591073646480319, 0.0024472814406298455]
Current distance to box: 0.00243728
Decreasing barrier term μ.

Fminbox iteration 2
-------------------
Calling inner optimizer with mu = 0.000250836

(numbers below include barrier contribution)
Iter     Function value   Gradient norm 
     0     9.541747e+01     1.026683e+02
 * time: 5.0067901611328125e-6
    20     9.522601e+01     1.377647e-06
 * time: 31.0818989276886
    40     9.522601e+01     1.047764e-06
 * time: 56.38421392440796
    60     9.522601e+01     3.380145e-07
 * time: 87.15495896339417

Exiting inner optimizer with x = [8.925791822608264, 1.5973772227404304e-5, 0.1253921614586693, 0.03616197017964606, 0.002560147385821363]
Current distance to box: 5.97377e-6
Decreasing barrier term μ.

Fminbox iteration 3
-------------------
Calling inner optimizer with mu = 2.50836e-7

(numbers below include barrier contribution)
Iter     Function value   Gradient norm 
     0     9.522067e+01     4.198936e+01
 * time: 4.0531158447265625e-6
    20     9.522020e+01     2.369314e-01
 * time: 33.56502604484558

Exiting inner optimizer with x = [9.998780743284325, 1.0005995768889443e-5, 0.11892837178244872, 0.036160790890675816, 0.0025604884686832963]
Current distance to box: 5.99577e-9
Decreasing barrier term μ.

Fminbox iteration 4
-------------------
Calling inner optimizer with mu = 2.50836e-10

(numbers below include barrier contribution)
Iter     Function value   Gradient norm 
     0     9.522019e+01     4.183553e+01
 * time: 4.0531158447265625e-6
    20     9.522019e+01     1.404737e-04
 * time: 31.252483129501343

Exiting inner optimizer with x = [9.999998780591108, 1.0000005995797589e-5, 0.11892154747438109, 0.03616078959489054, 0.002560488810672741]
Current distance to box: 5.9958e-12
Decreasing barrier term μ.

Fminbox iteration 5
-------------------
Calling inner optimizer with mu = 2.50836e-13

(numbers below include barrier contribution)
Iter     Function value   Gradient norm 
     0     9.522019e+01     4.183537e+01
 * time: 5.0067901611328125e-6
    20     9.522019e+01     2.068890e-04
 * time: 31.33870220184326

Exiting inner optimizer with x = [9.99999999878058, 1.0000000005995778e-5, 0.11892153851768882, 0.03616078959314878, 0.0025604888110710156]
Current distance to box: 5.99578e-15
Decreasing barrier term μ.

Fminbox iteration 6
-------------------
Calling inner optimizer with mu = 2.50836e-16

(numbers below include barrier contribution)
Iter     Function value   Gradient norm 
     0     9.522019e+01     4.183537e+01
 * time: 3.814697265625e-6
    20     9.522019e+01     1.528323e-02
 * time: 32.11655282974243

Exiting inner optimizer with x = [9.99999999999878, 1.0000000000005994e-5, 0.11892153888805522, 0.03616078959317059, 0.002560488811065969]
Current distance to box: 5.99361e-18
Decreasing barrier term μ.

Fminbox iteration 7
-------------------
Calling inner optimizer with mu = 2.50836e-19

(numbers below include barrier contribution)
Iter     Function value   Gradient norm 
     0     9.522019e+01     4.183537e+01
 * time: 4.0531158447265625e-6

Exiting inner optimizer with x = [9.999999999999998, 1.000000000000001e-5, 0.1189215388880552, 0.03616078959317058, 0.0025604888110658287]
Current distance to box: 8.47033e-21
Decreasing barrier term μ.

Fminbox iteration 8
-------------------
Calling inner optimizer with mu = 2.50836e-22

(numbers below include barrier contribution)
Iter     Function value   Gradient norm 
     0     9.522019e+01     4.183537e+01
 * time: 4.0531158447265625e-6

Exiting inner optimizer with x = [9.999999999999998, 1.0000000000000003e-5, 0.1189215388880552, 0.03616078959317058, 0.0025604888110658287]
Current distance to box: 1.69407e-21
Decreasing barrier term μ.

Fminbox
-------
Initial mu = 0.0295242

Fminbox iteration 1
-------------------
Calling inner optimizer with mu = 0.0295242

(numbers below include barrier contribution)
Iter     Function value   Gradient norm 
     0     3.349593e+02     1.100235e+03
 * time: 1.0967254638671875e-5
    20     1.357539e+02     1.142574e+03
 * time: 34.50821900367737
    40     9.960776e+01     2.451053e+03
 * time: 68.39681005477905
    60     9.891310e+01     1.041025e+01
 * time: 89.06646203994751
    80     9.876998e+01     2.858564e+01
 * time: 108.49524211883545
   100     9.836667e+01     4.786798e+00
 * time: 127.1177670955658
   120     9.835942e+01     1.747180e-03
 * time: 144.11322593688965
   140     9.835942e+01     1.965808e-06
 * time: 162.78536200523376
   160     9.835942e+01     7.818919e-07
 * time: 182.6717131137848
   180     9.835942e+01     4.790389e-07
 * time: 211.66780996322632
   200     9.835942e+01     3.544647e-07
 * time: 238.96527099609375
   220     9.835942e+01     6.819131e-07
 * time: 262.1229510307312
   240     9.835942e+01     3.548764e-07
 * time: 285.6866719722748
   260     9.835942e+01     4.831629e-07
 * time: 303.51059198379517
   280     9.835942e+01     2.741792e-07
 * time: 331.2494101524353
   300     9.835942e+01     9.427360e-08
 * time: 356.48175406455994
   320     9.835942e+01     3.364895e-07
 * time: 386.66245698928833
   340     9.835942e+01     2.473343e-07
 * time: 412.7581090927124
   360     9.835942e+01     1.258469e-07
 * time: 437.97795510292053
   380     9.835942e+01     2.201406e-07
 * time: 463.2235231399536
   400     9.835942e+01     1.187846e-07
 * time: 488.8880920410156
   420     9.835942e+01     2.103376e-07
 * time: 513.7380559444427
   440     9.835942e+01     1.556381e-07
 * time: 536.0587050914764
   460     9.835942e+01     6.993324e-07
 * time: 555.9099349975586
   480     9.835942e+01     1.922663e-07
 * time: 578.6621451377869
   500     9.835942e+01     3.935577e-07
 * time: 607.9999821186066
   520     9.835942e+01     2.207739e-07
 * time: 631.5930349826813
   540     9.835942e+01     2.120094e-07
 * time: 653.9420680999756
   560     9.835942e+01     8.892629e-08
 * time: 681.2364270687103
   580     9.835942e+01     3.340439e-07
 * time: 703.5727829933167
   600     9.835942e+01     1.343297e-07
 * time: 739.958074092865
   620     9.835942e+01     1.209700e-07
 * time: 771.2605299949646
   640     9.835942e+01     3.186351e-07
 * time: 800.2256190776825
   660     9.835942e+01     1.052762e-07
 * time: 823.2789289951324
   680     9.835942e+01     1.268148e-07
 * time: 850.25204205513
   700     9.835942e+01     6.251844e-08
 * time: 878.0308589935303
   720     9.835942e+01     1.591666e-07
 * time: 903.3092379570007
   740     9.835942e+01     7.169436e-08
 * time: 929.3214380741119
   760     9.835942e+01     6.687468e-07
 * time: 953.7062921524048
   780     9.835942e+01     1.585751e-07
 * time: 972.4725689888
   800     9.835942e+01     1.783717e-07
 * time: 997.2184031009674
   820     9.835942e+01     1.314867e-07
 * time: 1023.5390281677246
   840     9.835942e+01     1.405052e-07
 * time: 1046.6539800167084
   860     9.835942e+01     1.732618e-07
 * time: 1082.158399105072
   880     9.835942e+01     1.509415e-07
 * time: 1106.5007481575012
   900     9.835942e+01     1.891967e-07
 * time: 1131.7551341056824
   920     9.835942e+01     1.632797e-07
 * time: 1157.3262100219727
   940     9.835942e+01     3.453924e-07
 * time: 1179.6735990047455
   960     9.835942e+01     1.916529e-07
 * time: 1200.4032640457153
   980     9.835942e+01     1.083770e-07
 * time: 1225.9276721477509
  1000     9.835942e+01     1.780628e-07
 * time: 1256.7950639724731

Exiting inner optimizer with x = [0.00032857878424968613, 0.030964865377154913, 0.06409855983682126, 0.9036663215534942, 0.997184223574464, 0.9945231063077522, 0.4331422861619964, 0.7000000002443942, 0.9185550955350315, 0.7000000002443942, 0.9994150440579241]
Current distance to box: 0.000318579
Decreasing barrier term μ.

Fminbox iteration 2
-------------------
Calling inner optimizer with mu = 2.95242e-5

(numbers below include barrier contribution)
Iter     Function value   Gradient norm 
     0     9.690167e+01     9.264656e+01
 * time: 5.9604644775390625e-6
    20     9.673751e+01     3.723134e+01
 * time: 33.6749849319458
    40     9.673748e+01     1.252138e+00
 * time: 52.174889087677
    60     9.673748e+01     1.620924e-02
 * time: 68.20534896850586
    80     9.673748e+01     5.048682e-06
 * time: 84.26152014732361
   100     9.673748e+01     6.707030e-06
 * time: 100.29752612113953
   120     9.673748e+01     2.298102e-06
 * time: 117.51258492469788
   140     9.673748e+01     5.992407e-07
 * time: 138.29689192771912
   160     9.673748e+01     2.514000e-07
 * time: 159.88276410102844
   180     9.673748e+01     1.324061e-07
 * time: 179.4813289642334

Exiting inner optimizer with x = [1.0336504415142192e-5, 4.248854022827197e-5, 0.06449648668158127, 0.9017347221042877, 0.9999956045776699, 0.9999938154242924, 0.40003682389618633, 0.6999999997278807, 0.9119802989142475, 0.6999999997278807, 0.9999989809180441]
Current distance to box: 3.36504e-7
Decreasing barrier term μ.

Fminbox iteration 3
-------------------
Calling inner optimizer with mu = 2.95242e-8

(numbers below include barrier contribution)
Iter     Function value   Gradient norm 
     0     9.673484e+01     8.773782e+01
 * time: 3.600120544433594e-5
    20     9.673464e+01     9.134889e+00
 * time: 30.015713214874268
    40     9.673464e+01     7.786410e-04
 * time: 46.40855002403259
    60     9.673464e+01     3.365165e-05
 * time: 65.20598101615906
    80     9.673464e+01     1.066277e-06
 * time: 82.82865715026855
   100     9.673464e+01     5.816686e-06
 * time: 103.39963006973267
   120     9.673464e+01     6.304835e-05
 * time: 121.42749500274658
   140     9.673464e+01     2.388417e-03
 * time: 141.03242111206055
   160     9.673464e+01     3.834577e-06
 * time: 159.83356618881226
   180     9.673464e+01     2.682233e-06
 * time: 184.2315490245819
   200     9.673464e+01     1.587374e-06
 * time: 205.4708571434021
   220     9.673464e+01     3.092969e-06
 * time: 243.11529803276062
   240     9.673464e+01     2.244100e-06
 * time: 266.8154900074005
   260     9.673464e+01     2.090148e-06
 * time: 291.70104908943176

Exiting inner optimizer with x = [1.0000336527712975e-5, 1.0032490582044224e-5, 0.0644969120579065, 0.9017322738675838, 0.9999999924307871, 0.9999999876550859, 0.40000003682844976, 0.6999999993256082, 0.9119710441773651, 0.6999999993256082, 0.9999999988099126]
Current distance to box: 3.36528e-10
Decreasing barrier term μ.

Fminbox iteration 4
-------------------
Calling inner optimizer with mu = 2.95242e-11

(numbers below include barrier contribution)
Iter     Function value   Gradient norm 
     0     9.673463e+01     8.773177e+01
 * time: 5.0067901611328125e-6
    20     9.673463e+01     1.053836e-03
 * time: 26.39279317855835

Exiting inner optimizer with x = [1.0000000336520444e-5, 1.0000032491002346e-5, 0.06449691274248465, 0.9017322696839366, 0.9999999999924213, 0.9999999999876302, 0.4000000000368286, 0.6999999993218189, 0.9119710281943647, 0.6999999993218189, 0.9999999999988097]
Current distance to box: 3.3652e-13
Decreasing barrier term μ.

Fminbox iteration 5
-------------------
Calling inner optimizer with mu = 2.95242e-14

(numbers below include barrier contribution)
Iter     Function value   Gradient norm 
     0     9.673463e+01     8.773177e+01
 * time: 4.0531158447265625e-6

Exiting inner optimizer with x = [1.000000000033786e-5, 1.0000000032598362e-5, 0.06449691273792088, 0.9017322696941039, 0.9999999999999923, 0.9999999999999877, 0.40000000000003677, 0.6999999993218138, 0.9119710282396094, 0.6999999993218138, 0.9999999999999988]
Current distance to box: 3.37859e-16
Decreasing barrier term μ.

Fminbox iteration 6
-------------------
Calling inner optimizer with mu = 2.95242e-17

(numbers below include barrier contribution)
Iter     Function value   Gradient norm 
     0     9.673463e+01     8.773177e+01
 * time: 4.0531158447265625e-6
    20     9.673463e+01     5.328904e+01
 * time: 494.0035779476166

Exiting inner optimizer with x = [1.0000000000000858e-5, 1.0000000000098423e-5, 0.06449691247370012, 0.9017322701663859, 0.9999999999999999, 0.9999999999999999, 0.40000000000000036, 0.6999999993218137, 0.911971028417618, 0.6999999993218137, 0.9999999999999999]
Current distance to box: 8.57197e-19
Decreasing barrier term μ.

Fminbox iteration 7
-------------------
Calling inner optimizer with mu = 2.95242e-20

(numbers below include barrier contribution)
Iter     Function value   Gradient norm 
     0     9.673463e+01     8.773172e+01
 * time: 4.0531158447265625e-6

Exiting inner optimizer with x = [1.0000000000000004e-5, 1.0000000000079962e-5, 0.06449691270691933, 0.9017322699532049, 0.9999999999999999, 0.9999999999999999, 0.40000000000000036, 0.6999999993218137, 0.9119710285153743, 0.6999999993218137, 0.9999999999999999]
Current distance to box: 3.38813e-21
Decreasing barrier term μ.

Fminbox iteration 8
-------------------
Calling inner optimizer with mu = 2.95242e-23

(numbers below include barrier contribution)
Iter     Function value   Gradient norm 
     0     9.673463e+01     8.773176e+01
 * time: 3.814697265625e-6

Exiting inner optimizer with x = [1.0000000000000003e-5, 1.0000000000065507e-5, 0.06449691270698249, 0.9017322699531412, 0.9999999999999999, 0.9999999999999999, 0.4000000000000003, 0.6999999993218137, 0.9119710285153996, 0.6999999993218137, 0.9999999999999999]
Current distance to box: 1.69407e-21
Decreasing barrier term μ.

Fminbox iteration 9
-------------------
Calling inner optimizer with mu = 2.95242e-26

(numbers below include barrier contribution)
Iter     Function value   Gradient norm 
     0     9.673463e+01     8.773176e+01
 * time: 5.0067901611328125e-6

Exiting inner optimizer with x = [1.0000000000000003e-5, 1.000000000006409e-5, 0.06449691270698249, 0.9017322699531412, 0.9999999999999999, 0.9999999999999999, 0.4000000000000003, 0.6999999993218137, 0.9119710285153996, 0.6999999993218137, 0.9999999999999999]
Current distance to box: 1.69407e-21
Decreasing barrier term μ.

Fminbox
-------
Initial mu = 0.150978

Fminbox iteration 1
-------------------
Calling inner optimizer with mu = 0.150978

(numbers below include barrier contribution)
Iter     Function value   Gradient norm 
     0     9.513956e+02     4.045118e+03
 * time: 5.0067901611328125e-6
    20     2.101849e+02     1.357527e+03
 * time: 81.17423510551453
    40     1.595344e+02     4.295270e+03
 * time: 154.13512110710144
    60     1.146730e+02     2.532278e+03
 * time: 217.39352202415466
    80     1.055077e+02     1.968653e+03
 * time: 269.2565519809723
   100     1.032260e+02     2.503825e+03
 * time: 317.7340621948242
   120     1.026716e+02     3.424658e+02
 * time: 362.82382106781006
   140     1.024364e+02     4.224396e+01
 * time: 401.8573110103607
   160     1.023710e+02     4.543984e+01
 * time: 443.03927302360535
   180     1.023673e+02     5.068827e+00
 * time: 482.42709708213806
   200     1.023673e+02     2.641807e-02
 * time: 521.9708650112152

Exiting inner optimizer with x = [5.0149961521538495, 0.0012838987974165938, 0.24631893315653985, 0.04347532780399481, 0.0028625730700336605, 0.9653228769721848, 0.9933349074266478, 0.9760026190498522, 0.6299797941422208, 0.9208976369521964, 0.9681341296426152, 0.7000636646610059, 0.9759386737202548]
Current distance to box: 0.0012739
Decreasing barrier term μ.

Fminbox iteration 2
-------------------
Calling inner optimizer with mu = 0.000150978

(numbers below include barrier contribution)
Iter     Function value   Gradient norm 
     0     9.568978e+01     1.183974e+02
 * time: 4.0531158447265625e-6
    20     9.512702e+01     4.864499e+02
 * time: 85.51664018630981
    40     9.509695e+01     2.396112e+04
 * time: 148.55319714546204
    60     9.508890e+01     3.852386e+03
 * time: 199.80374312400818
    80     9.508836e+01     4.676058e+02
 * time: 249.19928216934204
   100     9.508798e+01     4.050373e+01
 * time: 292.6843581199646
   120     9.508770e+01     7.820902e+00
 * time: 337.334450006485
   140     9.508746e+01     2.727062e+00
 * time: 386.1884310245514
   160     9.508732e+01     3.623587e+00
 * time: 433.15819811820984
   180     9.508732e+01     1.883832e-02
 * time: 473.2405171394348
   200     9.508732e+01     5.443501e-02
 * time: 512.4801189899445

Exiting inner optimizer with x = [4.965380594266166, 1.2602656988227378e-5, 0.0007161501052277425, 0.04418998144714342, 0.001575664690683547, 0.962038972735709, 0.9999676288226, 0.999914550223526, 0.407721199112021, 0.9991931670206086, 0.9608720180255008, 0.7047157147962774, 0.9999652314544957]
Current distance to box: 2.60266e-6
Decreasing barrier term μ.

Fminbox iteration 3
-------------------
Calling inner optimizer with mu = 1.50978e-7

(numbers below include barrier contribution)
Iter     Function value   Gradient norm 
     0     9.507509e+01     5.796692e+01
 * time: 2.86102294921875e-6
    20     9.507405e+01     1.683264e+02
 * time: 76.95800685882568
    40     9.507405e+01     2.725419e+00
 * time: 125.50445199012756
    60     9.507405e+01     1.643785e+00
 * time: 168.21320390701294
    80     9.507405e+01     4.532504e+00
 * time: 210.0311620235443
   100     9.507405e+01     7.469138e+00
 * time: 257.1319990158081
   120     9.507405e+01     1.721827e+01
 * time: 303.52325987815857
   140     9.507403e+01     5.308246e+01
 * time: 353.8494188785553
   160     9.507386e+01     2.960446e+01
 * time: 418.41973090171814
   180     9.507384e+01     3.976328e+01
 * time: 473.1231429576874
   200     9.507366e+01     2.549396e+01
 * time: 550.3925499916077

Exiting inner optimizer with x = [9.999986948869495, 1.0004727324941822e-5, 1.2801762319914982e-5, 0.04422647467297965, 0.0015682899974407177, 0.9618587270030732, 0.999999908349107, 0.9999995120492582, 0.400052430902464, 0.999788115085788, 0.9604679803315013, 0.7848052778053846, 0.9999999581287281]
Current distance to box: 4.72732e-9
Decreasing barrier term μ.

Fminbox iteration 4
-------------------
Calling inner optimizer with mu = 1.50978e-10

(numbers below include barrier contribution)
Iter     Function value   Gradient norm 
     0     9.507364e+01     5.743123e+01
 * time: 4.0531158447265625e-6
    20     9.507359e+01     2.479248e+01
 * time: 100.03212809562683
    40     9.507359e+01     1.641619e+01
 * time: 157.419331073761
    60     9.507359e+01     2.312967e+00
 * time: 207.77465915679932
    80     9.507359e+01     4.459851e+00
 * time: 254.09719514846802
   100     9.507359e+01     5.666024e+00
 * time: 296.4244911670685
   120     9.507359e+01     5.978195e-02
 * time: 337.7596960067749
   140     9.507359e+01     4.388378e-02
 * time: 382.29197120666504
   160     9.507359e+01     3.396082e-01
 * time: 424.79263710975647
   180     9.507359e+01     4.054580e-02
 * time: 470.49704003334045
   200     9.507359e+01     8.325102e-03
 * time: 551.7046301364899

Exiting inner optimizer with x = [9.999998237010184, 1.0000002611850327e-5, 1.0000697557588099e-5, 0.04425234070206907, 0.001564628427054324, 0.9617759729325247, 0.9999999999340387, 0.9999999998268895, 0.40000000795425616, 0.999999998383686, 0.9604254460331615, 0.7848052763553461, 0.9999999999316526]
Current distance to box: 2.61185e-12
Decreasing barrier term μ.

Fminbox iteration 5
-------------------
Calling inner optimizer with mu = 1.50978e-13

(numbers below include barrier contribution)
Iter     Function value   Gradient norm 
     0     9.507359e+01     5.781326e+01
 * time: 4.0531158447265625e-6
    20     9.507359e+01     1.026857e+01
 * time: 65.95496797561646
    40     9.507359e+01     1.313535e+00
 * time: 110.03099989891052
    60     9.507359e+01     5.556855e-01
 * time: 155.20441198349
    80     9.507359e+01     1.066390e-01
 * time: 205.7279670238495
   100     9.507359e+01     4.970873e-02
 * time: 273.2271900177002
   120     9.507359e+01     4.313515e-02
 * time: 328.18909311294556
   140     9.507359e+01     4.272201e-02
 * time: 792.1726720333099
   160     9.507359e+01     1.721040e-01
 * time: 961.4865350723267
   180     9.507359e+01     1.804393e-01
 * time: 1005.6874220371246
   200     9.507359e+01     6.131682e-02
 * time: 1058.41260099411

Exiting inner optimizer with x = [9.999999998236177, 1.0000000002614248e-5, 1.000000069707145e-5, 0.04425234093853518, 0.0015646283960923189, 0.9617759719050327, 0.9999999999999339, 0.9999999999998269, 0.400000000007952, 0.999999999998387, 0.9604254446064033, 0.7848052763215781, 0.9999999999999316]
Current distance to box: 2.61425e-15
Decreasing barrier term μ.

Fminbox iteration 6
-------------------
Calling inner optimizer with mu = 1.50978e-16

(numbers below include barrier contribution)
Iter     Function value   Gradient norm 
     0     9.507359e+01     5.781326e+01
 * time: 4.0531158447265625e-6
    20     9.507359e+01     6.460650e+01
 * time: 362.6945641040802
    40     9.507359e+01     1.095648e+01
 * time: 1201.4586610794067
    60     9.507359e+01     1.070883e+01
 * time: 2489.9875540733337

Exiting inner optimizer with x = [9.999999999998302, 1.0000000000002716e-5, 1.0000000000819056e-5, 0.04425234080849462, 0.0015646284098297814, 0.9617759723644086, 0.9999999999999999, 0.9999999999999998, 0.4000000000000104, 0.9999999999999982, 0.9604254449147341, 0.7848052763202497, 0.9999999999999999]
Current distance to box: 2.71559e-18
Decreasing barrier term μ.

Fminbox iteration 7
-------------------
Calling inner optimizer with mu = 1.50978e-19

(numbers below include barrier contribution)
Iter     Function value   Gradient norm 
     0     9.507359e+01     5.781326e+01
 * time: 5.0067901611328125e-6
    20     9.507359e+01     1.325247e+01
 * time: 969.2276639938354

Exiting inner optimizer with x = [9.999999999999803, 1.0000000000000003e-5, 1.0000000000052803e-5, 0.044252340855172836, 0.0015646284025595263, 0.9617759722673622, 0.9999999999999999, 0.9999999999999999, 0.4000000000000001, 0.9999999999999997, 0.9604254450194744, 0.7848052763202497, 0.9999999999999999]
Current distance to box: 1.69407e-21
Decreasing barrier term μ.

Fminbox iteration 8
-------------------
Calling inner optimizer with mu = 1.50978e-22

(numbers below include barrier contribution)
Iter     Function value   Gradient norm 
     0     9.507359e+01     5.781325e+01
 * time: 6.198883056640625e-6

Exiting inner optimizer with x = [9.999999999999845, 1.0000000000000003e-5, 1.0000000000043899e-5, 0.04425234085479067, 0.0015646284042816242, 0.9617759722673404, 0.9999999999999999, 0.9999999999999999, 0.4000000000000001, 0.9999999999999997, 0.9604254450194514, 0.7848052763202497, 0.9999999999999999]
Current distance to box: 1.69407e-21
Decreasing barrier term μ.

20-element Vector{Any}:
    "Err1="
 117.12639149333518
    "par1="
    [9491.698589102096, 3.7867885928014893, 2.282972432258884, 0.9407139791767547, 6.767816564146801, 0.11784770556372894, 0.58, 0.001, 0.15459463331892578, 0.6976487340139972, 0.001310080700085496, 0.047910189300821304, 0.9999999996473741, 0.03710706892882573, 0.0025773545913321608]
    "Err1f8="
  96.73463457046459
    "par1f8="
    [9491.698589102096, 3.7867885928014893, 2.282972432258884, 0.9407139791767547, 6.767816564146801, 0.11784770556372894, 0.58, 0.001, 0.15459463331892578, 0.6976487340139972, 0.001310080700085496, 1.0000000000000003e-5, 1.000000000006409e-5, 0.06449691270698249, 0.0025773545913321608]
    "order1f8="
    [0.9017322699531412, 0.9999999999999999, 0.9999999999999999, 0.4000000000000003, 0.6999999993218137, 0.9119710285153996, 0.6999999993218137, 0.9999999999999999]
    "Err2="
  95.21981008544995
    "par2="
    [9491.698589102096, 3.7867885928014893, 2.282972432258884, 0.9407139791767547, 9.999999999999998, 0.11784770556372894, 0.58, 0.001, 0.15459463331892578, 0.6976487340139972, 0.001310080700085496, 1.0000000000000003e-5, 0.1189215388880552, 0.03616078959317058, 0.0025604888110658287]
    "Err2f8="
  95.07349016009795
    "par2f8="
    [9491.698589102096, 3.7867885928014893, 2.282972432258884, 0.9407139791767547, 9.999999999999845, 0.11784770556372894, 0.58, 0.001, 0.15459463331892578, 0.6976487340139972, 0.001310080700085496, 1.0000000000000003e-5, 1.0000000000043899e-5, 0.04425234085479067, 0.0015646284042816242]
    "order2f8="
    [0.9617759722673404, 0.9999999999999999, 0.9999999999999999, 0.4000000000000001, 0.9999999999999997, 0.9604254450194514, 0.7848052763202497, 0.9999999999999999]
