Fminbox
-------
Initial mu = 0.148409

Fminbox iteration 1
-------------------
Calling inner optimizer with mu = 0.148409

(numbers below include barrier contribution)
Iter     Function value   Gradient norm 
     0     3.945417e+02     1.706912e+03
 * time: 0.01406097412109375
    20     1.153913e+02     1.311943e+02
 * time: 13.399174928665161

Exiting inner optimizer with x = [0.6243579175887662, 0.031002587237831437, 0.8109755164283964, 0.03967909338996153]
Current distance to box: 0.0309926
Decreasing barrier term μ.

Fminbox iteration 2
-------------------
Calling inner optimizer with mu = 0.000148409

(numbers below include barrier contribution)
Iter     Function value   Gradient norm 
     0     1.129612e+02     4.636877e+00
 * time: 2.7179718017578125e-5

Exiting inner optimizer with x = [0.6251060396244777, 0.030599549421524857, 0.999706979038704, 0.03977287827638766]
Current distance to box: 0.000293021
Decreasing barrier term μ.

Fminbox iteration 3
-------------------
Calling inner optimizer with mu = 1.48409e-7

(numbers below include barrier contribution)
Iter     Function value   Gradient norm 
     0     1.128546e+02     5.063286e-01
 * time: 6.9141387939453125e-6

Exiting inner optimizer with x = [0.6251069508507134, 0.030599068754537342, 0.9999997068168865, 0.0397729944777568]
Current distance to box: 2.93183e-7
Decreasing barrier term μ.

Fminbox iteration 4
-------------------
Calling inner optimizer with mu = 1.48409e-10

(numbers below include barrier contribution)
Iter     Function value   Gradient norm 
     0     1.128545e+02     5.061992e-01
 * time: 5.9604644775390625e-6
    20     1.128545e+02     2.767641e-08
 * time: 11.096471071243286

Exiting inner optimizer with x = [0.6251069517622732, 0.03059906827360447, 0.9999999997068166, 0.039772994593994866]
Current distance to box: 2.93183e-10
Decreasing barrier term μ.

Fminbox
-------
Initial mu = 0.00652454

Fminbox iteration 1
-------------------
Calling inner optimizer with mu = 0.00652454

(numbers below include barrier contribution)
Iter     Function value   Gradient norm 
     0     3.478292e+02     4.733076e+03
 * time: 5.9604644775390625e-6
    20     2.509877e+02     1.750939e+02
 * time: 24.23236894607544
    40     2.505417e+02     2.953547e+01
 * time: 43.107649087905884
    60     9.542376e+01     1.460634e+02
 * time: 64.23400115966797
    80     9.532019e+01     5.281538e-02
 * time: 83.10060715675354

Exiting inner optimizer with x = [5.131510972759732, 0.5845836506002295, 0.0001342869589398942, 0.6885373370541742, 0.036539307360545864, 0.002496076180916327]
Current distance to box: 0.000124287
Decreasing barrier term μ.

Fminbox iteration 2
-------------------
Calling inner optimizer with mu = 6.52454e-6

(numbers below include barrier contribution)
Iter     Function value   Gradient norm 
     0     9.520235e+01     5.248938e+01
 * time: 8.106231689453125e-6
    20     9.519334e+01     4.918300e+01
 * time: 19.165322065353394
    40     9.519322e+01     3.589401e-06
 * time: 35.52294206619263

Exiting inner optimizer with x = [9.871932917135222, 0.585483062855517, 1.0124115813640787e-5, 0.9986837507547592, 0.03665050377503917, 0.0024880824275852176]
Current distance to box: 1.24116e-7
Decreasing barrier term μ.

Fminbox iteration 3
-------------------
Calling inner optimizer with mu = 6.52454e-9

(numbers below include barrier contribution)
Iter     Function value   Gradient norm 
     0     9.519300e+01     5.256817e+01
 * time: 5.9604644775390625e-6
    20     9.519298e+01     5.128932e+01
 * time: 19.44080400466919
    40     9.519298e+01     2.193728e-01
 * time: 38.3401038646698

Exiting inner optimizer with x = [9.999870088727333, 0.5854858679970819, 1.0000124105429905e-5, 0.99999867517051, 0.03665083862114722, 0.002488041858125365]
Current distance to box: 1.24105e-10
Decreasing barrier term μ.

Fminbox iteration 4
-------------------
Calling inner optimizer with mu = 6.52454e-12

(numbers below include barrier contribution)
Iter     Function value   Gradient norm 
     0     9.519298e+01     5.257254e+01
 * time: 7.867813110351562e-6
    20     9.519298e+01     2.504117e-05
 * time: 19.169655799865723

Exiting inner optimizer with x = [9.999999870087192, 0.5854858708151361, 1.000000012410548e-5, 0.9999999986751607, 0.03665083895750093, 0.0024880418172871562]
Current distance to box: 1.24105e-13
Decreasing barrier term μ.

Fminbox iteration 5
-------------------
Calling inner optimizer with mu = 6.52454e-15

(numbers below include barrier contribution)
Iter     Function value   Gradient norm 
     0     9.519298e+01     5.257255e+01
 * time: 5.9604644775390625e-6
    20     9.519298e+01     6.788075e-04
 * time: 20.322826147079468

Exiting inner optimizer with x = [9.999999999870083, 0.5854858708173614, 1.0000000000124105e-5, 0.9999999999986748, 0.03665083895778039, 0.002488041817253007]
Current distance to box: 1.24104e-16
Decreasing barrier term μ.

Fminbox iteration 6
-------------------
Calling inner optimizer with mu = 6.52454e-18

(numbers below include barrier contribution)
Iter     Function value   Gradient norm 
     0     9.519298e+01     5.257255e+01
 * time: 5.9604644775390625e-6

Exiting inner optimizer with x = [9.999999999999961, 0.5854858708174663, 1.0000000000000472e-5, 0.9999999999999993, 0.03665083895773696, 0.0024880418173123466]
Current distance to box: 4.7095e-19
Decreasing barrier term μ.

Fminbox
-------
Initial mu = 0.0235948

Fminbox iteration 1
-------------------
Calling inner optimizer with mu = 0.0235948

(numbers below include barrier contribution)
Iter     Function value   Gradient norm 
     0     4.505819e+02     1.399122e+03
 * time: 1.0013580322265625e-5
    20     1.286151e+02     5.900562e+02
 * time: 53.209064960479736
    40     1.009051e+02     1.083393e+03
 * time: 93.06342697143555
    60     9.700006e+01     8.959046e+01
 * time: 123.5536801815033
    80     9.696921e+01     6.805352e+00
 * time: 146.8882031440735
   100     9.696879e+01     1.581631e+00
 * time: 169.21609616279602
   120     9.696878e+01     2.732726e-02
 * time: 191.38444113731384
   140     9.696878e+01     3.742161e-04
 * time: 213.50233507156372
   160     9.696878e+01     7.710256e-06
 * time: 237.36447310447693
   180     9.696878e+01     8.383404e-06
 * time: 261.1899609565735
   200     9.696878e+01     1.765405e-06
 * time: 290.6282091140747

Exiting inner optimizer with x = [0.6692538744089448, 0.00018047091394687875, 0.12866076409870086, 0.07093168702219284, 0.8942794958651631, 0.9606053794912497, 0.9595646457389209, 0.8866224545827481, 0.8274355931407145, 0.809922829684929, 0.8281031221835821, 0.9990203749496648]
Current distance to box: 0.000170471
Decreasing barrier term μ.

Fminbox iteration 2
-------------------
Calling inner optimizer with mu = 2.35948e-5

(numbers below include barrier contribution)
Iter     Function value   Gradient norm 
     0     9.575227e+01     1.383873e+02
 * time: 6.198883056640625e-6
    20     9.565703e+01     4.754345e+01
 * time: 38.24055004119873
    40     9.565530e+01     7.080786e+01
 * time: 69.32261896133423
    60     9.565475e+01     4.833196e+01
 * time: 97.59392714500427
    80     9.565467e+01     2.121824e+01
 * time: 124.81342816352844
   100     9.565467e+01     1.761053e+00
 * time: 147.5486409664154
   120     9.565467e+01     8.896841e-02
 * time: 169.7515721321106
   140     9.565467e+01     5.550980e-03
 * time: 191.9662220478058
   160     9.565467e+01     7.058705e-05
 * time: 214.148677110672
   180     9.565467e+01     3.213271e-05
 * time: 236.38753700256348
   200     9.565467e+01     4.191826e-05
 * time: 261.9249041080475

Exiting inner optimizer with x = [0.6612159912704617, 1.0178187645225438e-5, 0.00012784597204610384, 0.07032848097016331, 0.8954821767025115, 0.953373789715743, 0.9999105844231208, 0.9995015637617218, 0.7008392802942546, 0.8198115576818197, 0.7009212585066138, 0.999998449580903]
Current distance to box: 1.78188e-7
Decreasing barrier term μ.

Fminbox iteration 3
-------------------
Calling inner optimizer with mu = 2.35948e-8

(numbers below include barrier contribution)
Iter     Function value   Gradient norm 
     0     9.565251e+01     1.324155e+02
 * time: 5.9604644775390625e-6
    20     9.565233e+01     5.102195e+02
 * time: 48.31430506706238
    40     9.565233e+01     1.989385e+01
 * time: 73.22007489204407
    60     9.565233e+01     2.700518e+00
 * time: 97.06023001670837
    80     9.565233e+01     1.590687e+00
 * time: 119.25987005233765
   100     9.565233e+01     1.377826e-02
 * time: 141.46439003944397
   120     9.565233e+01     5.955270e-03
 * time: 163.69616293907166
   140     9.565233e+01     1.091861e-03
 * time: 191.4537971019745
   160     9.565233e+01     2.075499e-03
 * time: 218.09255599975586
   180     9.565233e+01     1.397569e-04
 * time: 242.45350408554077

Exiting inner optimizer with x = [0.6611967824796046, 1.0000178194040214e-5, 1.0117816648754254e-5, 0.07032489703132119, 0.8954951722695954, 0.9533293840750247, 0.9999998258869025, 0.9999991259448839, 0.700000842857913, 0.8198649456544738, 0.7000009247711335, 0.9999999980550014]
Current distance to box: 1.78194e-10
Decreasing barrier term μ.

Fminbox iteration 4
-------------------
Calling inner optimizer with mu = 2.35948e-11

(numbers below include barrier contribution)
Iter     Function value   Gradient norm 
     0     9.565233e+01     1.324109e+02
 * time: 5.9604644775390625e-6
    20     9.565233e+01     6.849700e-01
 * time: 32.67461180686951
    40     9.565233e+01     1.277169e+00
 * time: 54.864686012268066
    60     9.565233e+01     5.082493e-01
 * time: 78.13692903518677
    80     9.565233e+01     9.298705e-02
 * time: 101.98397493362427
   100     9.565233e+01     6.719669e-03
 * time: 127.49485301971436
   120     9.565233e+01     9.824637e-03
 * time: 152.9793679714203
   140     9.565233e+01     2.333662e-03
 * time: 178.52632403373718
   160     9.565233e+01     4.566881e-03
 * time: 202.922602891922
   180     9.565233e+01     4.525352e-03
 * time: 231.21881985664368
   200     9.565233e+01     4.919386e-03
 * time: 263.3665738105774

Exiting inner optimizer with x = [0.6611967570755087, 1.0000000178187388e-5, 1.000011780946668e-5, 0.07032489273205168, 0.8954951862257592, 0.953329329387742, 0.999999999820892, 0.999999998999958, 0.7000000008429058, 0.8198650092646932, 0.7000000009248061, 0.9999999999980544]
Current distance to box: 1.78187e-13
Decreasing barrier term μ.

Fminbox iteration 5
-------------------
Calling inner optimizer with mu = 2.35948e-14

(numbers below include barrier contribution)
Iter     Function value   Gradient norm 
     0     9.565233e+01     1.324109e+02
 * time: 5.9604644775390625e-6
    20     9.565233e+01     3.742088e-01
 * time: 38.30965280532837
    40     9.565233e+01     1.119885e+00
 * time: 71.45375394821167
    60     9.565233e+01     4.216451e+00
 * time: 95.0220959186554
    80     9.565233e+01     3.465311e+00
 * time: 117.82436680793762

Exiting inner optimizer with x = [0.6611967573886712, 1.000000000017962e-5, 1.0000000120203827e-5, 0.0703248928490456, 0.8954951858286719, 0.953329329637132, 0.9999999999998171, 0.9999999999989961, 0.7000000000008578, 0.8198650077662165, 0.7000000000009133, 0.999999999999998]
Current distance to box: 1.79618e-16
Decreasing barrier term μ.

Fminbox iteration 6
-------------------
Calling inner optimizer with mu = 2.35948e-17

(numbers below include barrier contribution)
Iter     Function value   Gradient norm 
     0     9.565233e+01     1.324109e+02
 * time: 6.9141387939453125e-6
    20     9.565233e+01     1.203729e+02
 * time: 628.1384789943695
    40     9.565233e+01     2.609082e+01
 * time: 1188.8424489498138
    60     9.565233e+01     1.191464e+01
 * time: 1717.0033650398254
    80     9.565233e+01     1.191464e+01
 * time: 2262.726709127426
   100     9.565233e+01     1.163021e+02
 * time: 2872.5144231319427
   120     9.565233e+01     1.191464e+01
 * time: 3238.184788942337
   140     9.565233e+01     1.191464e+01
 * time: 3841.4188799858093

Exiting inner optimizer with x = [0.6611967578252984, 1.000000000000017e-5, 1.0000000000026664e-5, 0.07032489285755822, 0.8954951859030815, 0.9533293292621215, 0.9999999999999999, 0.9999999999999962, 0.7000000000000014, 0.8198650075644639, 0.7000000000000003, 0.9999999999999999]
Current distance to box: 1.69407e-19
Decreasing barrier term μ.

Fminbox iteration 7
-------------------
Calling inner optimizer with mu = 2.35948e-20

(numbers below include barrier contribution)
Iter     Function value   Gradient norm 
     0     9.565233e+01     1.324109e+02
 * time: 5.9604644775390625e-6
    20     9.565233e+01     1.184829e+02
 * time: 661.9396259784698
    40     9.565233e+01     1.184829e+02
 * time: 1303.3702139854431

Exiting inner optimizer with x = [0.6611967577882573, 1.0000000000000003e-5, 1.0000000000025376e-5, 0.07032489285794406, 0.8954951858491549, 0.9533293292635326, 0.9999999999999999, 0.9999999999999982, 0.7000000000000013, 0.8198650075724229, 0.7000000000000005, 0.9999999999999999]
Current distance to box: 1.69407e-21
Decreasing barrier term μ.

Fminbox iteration 8
-------------------
Calling inner optimizer with mu = 2.35948e-23

(numbers below include barrier contribution)
Iter     Function value   Gradient norm 
     0     9.565233e+01     1.324109e+02
 * time: 5.9604644775390625e-6

Exiting inner optimizer with x = [0.6611967577882444, 1.0000000000000003e-5, 1.0000000000025588e-5, 0.07032489285794451, 0.8954951858491498, 0.9533293292635326, 0.9999999999999999, 0.9999999999999982, 0.7000000000000013, 0.8198650075724225, 0.7000000000000005, 0.9999999999999999]
Current distance to box: 1.69407e-21
Decreasing barrier term μ.

Fminbox
-------
Initial mu = 0.117284

Fminbox iteration 1
-------------------
Calling inner optimizer with mu = 0.117284

(numbers below include barrier contribution)
Iter     Function value   Gradient norm 
     0     6.591009e+02     4.034689e+03
 * time: 5.9604644775390625e-6
    20     2.560206e+02     1.041682e+03
 * time: 55.61527609825134
    40     1.384358e+02     4.361531e+02
 * time: 102.58320093154907
    60     1.176034e+02     2.316328e+02
 * time: 142.1379840373993
    80     1.084196e+02     4.285044e+02
 * time: 177.37872505187988
   100     1.041379e+02     7.269438e+02
 * time: 211.401104927063
   120     1.021300e+02     3.797040e+02
 * time: 239.33674597740173
   140     1.014981e+02     6.697700e+02
 * time: 266.577348947525
   160     1.013395e+02     5.001320e+01
 * time: 291.97290802001953
   180     1.013238e+02     1.966404e+01
 * time: 316.73075008392334
   200     1.013233e+02     1.053050e+00
 * time: 341.5080919265747

Exiting inner optimizer with x = [5.031056705857118, 0.6339938352283011, 0.0009742024488224709, 0.4478972273573548, 0.050669325401768404, 0.0023037777430471606, 0.9433848449360482, 0.9778068536327463, 0.9390469004197528, 0.8652221711673602, 0.9249431985726264, 0.895024438532572, 0.8332299902560496, 0.9792162528873896]
Current distance to box: 0.000964202
Decreasing barrier term μ.

Fminbox iteration 2
-------------------
Calling inner optimizer with mu = 0.000117284

(numbers below include barrier contribution)
Iter     Function value   Gradient norm 
     0     9.546093e+01     1.210818e+02
 * time: 6.9141387939453125e-6
    20     9.507950e+01     7.512468e+01
 * time: 50.99462080001831
    40     9.505393e+01     5.984543e+01
 * time: 86.97988200187683
    60     9.505185e+01     6.477607e+01
 * time: 117.30751395225525
    80     9.504901e+01     7.746327e+00
 * time: 143.95127892494202
   100     9.504893e+01     3.130821e+01
 * time: 171.82010698318481
   120     9.504868e+01     3.565829e+01
 * time: 199.69830203056335
   140     9.504402e+01     3.153128e+03
 * time: 230.75777888298035
   160     9.504302e+01     2.162169e+02
 * time: 258.7689778804779
   180     9.503502e+01     2.874841e+02
 * time: 290.50808787345886
   200     9.503236e+01     3.271173e+01
 * time: 320.42698884010315

Exiting inner optimizer with x = [5.021177772189226, 0.6007049812263626, 1.1299289953970217e-5, 0.004581135846017762, 0.04571284291380945, 0.0015882022600184863, 0.9597132217139857, 0.9912384517633102, 0.9998170465009519, 0.9924347298853615, 0.9951270240863025, 0.9421563433943824, 0.7011687019847737, 0.9999645523639971]
Current distance to box: 1.29929e-6
Decreasing barrier term μ.

Fminbox iteration 3
-------------------
Calling inner optimizer with mu = 1.17284e-7

(numbers below include barrier contribution)
Iter     Function value   Gradient norm 
     0     9.502259e+01     5.755628e+01
 * time: 6.198883056640625e-6
    20     9.502138e+01     1.133377e+02
 * time: 57.19716215133667
    40     9.502130e+01     5.093449e+01
 * time: 96.37291598320007
    60     9.502129e+01     5.033617e+01
 * time: 127.5023820400238
    80     9.502129e+01     1.417416e+01
 * time: 156.1124529838562
   100     9.502129e+01     6.030137e-01
 * time: 181.66328501701355
   120     9.502129e+01     6.024038e-01
 * time: 206.5346701145172
   140     9.502129e+01     1.538679e+00
 * time: 231.44669318199158
   160     9.502129e+01     1.002957e+00
 * time: 256.32157802581787
   180     9.502129e+01     1.043402e+00
 * time: 281.373202085495
   200     9.502129e+01     1.211203e+00
 * time: 306.31184005737305

Exiting inner optimizer with x = [5.02120302381872, 0.6010087203558588, 1.0002030735191808e-5, 1.1648152108764658e-5, 0.045869657187653116, 0.0015497567621353405, 0.9593343880980589, 0.9908268735292576, 0.9999996711509763, 0.9999970490733254, 0.999959449388306, 0.9419259921862484, 0.700001051081031, 0.9999999512228306]
Current distance to box: 2.03074e-9
Decreasing barrier term μ.

Fminbox iteration 4
-------------------
Calling inner optimizer with mu = 1.17284e-10

(numbers below include barrier contribution)
Iter     Function value   Gradient norm 
     0     9.502128e+01     5.654347e+01
 * time: 5.0067901611328125e-6
    20     9.502128e+01     2.139057e+01
 * time: 42.38939380645752
    40     9.502128e+01     5.622006e+01
 * time: 78.56501483917236
    60     9.502127e+01     1.135694e+04
 * time: 401.6701138019562
    80     9.502125e+01     2.802027e+03
 * time: 636.3299169540405
   100     9.502118e+01     5.037345e+02
 * time: 741.9098889827728
   120     9.502117e+01     1.680021e+01
 * time: 788.4446568489075
   140     9.502117e+01     9.008225e+01
 * time: 821.9918088912964
   160     9.502117e+01     9.017474e+01
 * time: 847.4661138057709
   180     9.502117e+01     8.977529e+01
 * time: 873.5739679336548
   200     9.502117e+01     8.475688e+01
 * time: 899.6842918395996

Exiting inner optimizer with x = [9.999986156123398, 0.6010653008190928, 1.0000003062104326e-5, 1.0000442076171362e-5, 0.04586890202943675, 0.0015499970438120178, 0.9593595900008713, 0.9906646386755382, 0.9999999995882098, 0.9999999943065585, 0.9999999668610376, 0.9419446284384844, 0.700000000001382, 0.9999999999907054]
Current distance to box: 1.38201e-12
Decreasing barrier term μ.

Fminbox iteration 5
-------------------
Calling inner optimizer with mu = 1.17284e-13

(numbers below include barrier contribution)
Iter     Function value   Gradient norm 
     0     9.502117e+01     5.653939e+01
 * time: 5.9604644775390625e-6
    20     9.502117e+01     4.672158e+01
 * time: 51.73033404350281
    40     9.502117e+01     3.906628e+01
 * time: 85.26988792419434
    60     9.502117e+01     3.318686e+01
 * time: 113.23897099494934
    80     9.502117e+01     2.903256e+01
 * time: 142.43427300453186
   100     9.502117e+01     2.394098e+01
 * time: 167.30626511573792
   120     9.502117e+01     2.276722e+01
 * time: 192.162260055542
   140     9.502117e+01     2.134907e+01
 * time: 218.261479139328
   160     9.502117e+01     1.833685e+01
 * time: 244.3562409877777
   180     9.502117e+01     8.366721e+00
 * time: 269.81933212280273
   200     9.502117e+01     6.981982e+00
 * time: 294.6843979358673

Exiting inner optimizer with x = [9.999999993744671, 0.6010653274171465, 1.000000000236664e-5, 1.0000001789331239e-5, 0.04586890549871778, 0.0015499966381957095, 0.9593595759646333, 0.9906646439604627, 0.9999999999996755, 0.9999999999955143, 0.9999999999606574, 0.9419445809088558, 0.7000000000009361, 0.9999999999999516]
Current distance to box: 2.36664e-15
Decreasing barrier term μ.

Fminbox iteration 6
-------------------
Calling inner optimizer with mu = 1.17284e-16

(numbers below include barrier contribution)
Iter     Function value   Gradient norm 
     0     9.502117e+01     5.653938e+01
 * time: 5.9604644775390625e-6
    20     9.502117e+01     5.942800e+01
 * time: 165.16566705703735
    40     9.502117e+01     2.258351e+01
 * time: 234.74987411499023
    60     9.502117e+01     2.349822e+01
 * time: 266.700984954834
    80     9.502117e+01     1.610755e+01
 * time: 294.1378390789032
   100     9.502117e+01     2.568452e+01
 * time: 368.88068294525146
   120     9.502117e+01     1.261011e+01
 * time: 571.5332400798798
   140     9.502117e+01     3.119225e+00
 * time: 607.7913899421692
   160     9.502117e+01     8.527924e+00
 * time: 638.3423249721527
   180     9.502117e+01     1.152401e+00
 * time: 667.6638920307159
   200     9.502117e+01     4.406458e+00
 * time: 700.1014800071716

Exiting inner optimizer with x = [9.999999999993795, 0.6010653383073467, 1.000000000000225e-5, 1.0000000000971693e-5, 0.04586890820875832, 0.0015499964387790206, 0.9593595683181462, 0.9906646295204661, 0.9999999999999998, 0.9999999999999933, 0.9999999999999318, 0.9419445705119425, 0.7000000000000004, 0.9999999999999999]
Current distance to box: 2.24972e-18
Decreasing barrier term μ.

Fminbox iteration 7
-------------------
Calling inner optimizer with mu = 1.17284e-19

(numbers below include barrier contribution)
Iter     Function value   Gradient norm 
     0     9.502117e+01     5.653938e+01
 * time: 5.9604644775390625e-6
    20     9.502117e+01     2.192312e+01
 * time: 555.7962980270386
    40     9.502117e+01     2.192312e+01
 * time: 1280.6151950359344
    60     9.502117e+01     2.192312e+01
 * time: 2043.1631619930267
    80     9.502117e+01     1.269314e+01
 * time: 2781.6610589027405

Exiting inner optimizer with x = [9.99999999999944, 0.6010653383012745, 1.0000000000000003e-5, 1.0000000000177624e-5, 0.045868908161834976, 0.0015499964449457962, 0.959359568409422, 0.9906646292352966, 0.9999999999999998, 0.9999999999999996, 0.9999999999999997, 0.9419445705681854, 0.7000000000000001, 0.9999999999999999]
Current distance to box: 1.69407e-21
Decreasing barrier term μ.

Fminbox iteration 8
-------------------
Calling inner optimizer with mu = 1.17284e-22

(numbers below include barrier contribution)
Iter     Function value   Gradient norm 
     0     9.502117e+01     5.653938e+01
 * time: 5.9604644775390625e-6
    20     9.502117e+01     5.647015e+01
 * time: 777.735603094101
    40     9.502117e+01     5.650477e+01
 * time: 1553.6837620735168

Exiting inner optimizer with x = [9.999999999999522, 0.6010653383022428, 1.0000000000000006e-5, 1.0000000000304157e-5, 0.04586890816415926, 0.0015499964449613957, 0.959359568409211, 0.9906646292357267, 0.9999999999999997, 0.9999999999999998, 0.9999999999999989, 0.9419445705685817, 0.7000000000000003, 0.9999999999999999]
Current distance to box: 5.0822e-21
Decreasing barrier term μ.

20-element Vector{Any}:
    "Err1="
 112.84077254993512
    "par1="
    [9491.698589102096, 3.7867885928014893, 2.282972432258884, 0.9407139791767547, 6.767816564146801, 0.11784770556372894, 0.6251069517622732, 0.001, 0.15459463331892578, 0.6976487340139972, 0.001310080700085496, 0.03059906827360447, 0.9999999997068166, 0.039772994593994866, 0.0025773545913321608]
    "Err1f8="
  95.65102840274567
    "par1f8="
    [9491.698589102096, 3.7867885928014893, 2.282972432258884, 0.9407139791767547, 6.767816564146801, 0.11784770556372894, 0.6611967577882444, 0.001, 0.15459463331892578, 0.6976487340139972, 0.001310080700085496, 1.0000000000000003e-5, 1.0000000000025588e-5, 0.07032489285794451, 0.0025773545913321608]
    "order1f8="
    [0.8954951858491498, 0.9533293292635326, 0.9999999999999999, 0.9999999999999982, 0.7000000000000013, 0.8198650075724225, 0.7000000000000005, 0.9999999999999999]
    "Err2="
  95.1921023933559
    "par2="
    [9491.698589102096, 3.7867885928014893, 2.282972432258884, 0.9407139791767547, 9.999999999999961, 0.11784770556372894, 0.5854858708174663, 0.001, 0.15459463331892578, 0.6976487340139972, 0.001310080700085496, 1.0000000000000472e-5, 0.9999999999999993, 0.03665083895773696, 0.0024880418173123466]
    "Err2f8="
  95.02041702222878
    "par2f8="
    [9491.698589102096, 3.7867885928014893, 2.282972432258884, 0.9407139791767547, 9.999999999999522, 0.11784770556372894, 0.6010653383022428, 0.001, 0.15459463331892578, 0.6976487340139972, 0.001310080700085496, 1.0000000000000006e-5, 1.0000000000304157e-5, 0.04586890816415926, 0.0015499964449613957]
    "order2f8="
    [0.959359568409211, 0.9906646292357267, 0.9999999999999997, 0.9999999999999998, 0.9999999999999989, 0.9419445705685817, 0.7000000000000003, 0.9999999999999999]
